{
  "timestamp": "20250721_085051",
  "dockerfile_path": "envgym/envgym.dockerfile",
  "image_name": "envgym_test_1753087813",
  "build": {
    "success": false,
    "stdout": "",
    "stderr": "#0 building with \"default\" instance using docker driver\n\n#1 [internal] load build definition from envgym.dockerfile\n#1 transferring dockerfile: 3.14kB done\n#1 DONE 0.0s\n\n#2 [internal] load metadata for docker.io/library/ubuntu:22.04\n#2 DONE 0.1s\n\n#3 [internal] load .dockerignore\n#3 transferring context: 2B done\n#3 DONE 0.0s\n\n#4 [ 1/14] FROM docker.io/library/ubuntu:22.04@sha256:1ec65b2719518e27d4d25f104d93f9fac60dc437f81452302406825c46fcc9cb\n#4 CACHED\n\n#5 [internal] load build context\n#5 transferring context: 747.48kB 0.1s done\n#5 DONE 0.1s\n\n#6 [ 2/14] RUN apt-get update &&     apt-get install -y --no-install-recommends       openjdk-8-jdk       ant       cmake       build-essential       git       python3       wget       unzip       ca-certificates       libz-dev       g++       make &&     apt-get clean &&     rm -rf /var/lib/apt/lists/*\n#6 0.269 Get:1 http://archive.ubuntu.com/ubuntu jammy InRelease [270 kB]\n#6 0.399 Get:2 http://archive.ubuntu.com/ubuntu jammy-updates InRelease [128 kB]\n#6 0.399 Get:3 http://security.ubuntu.com/ubuntu jammy-security InRelease [129 kB]\n#6 0.430 Get:4 http://archive.ubuntu.com/ubuntu jammy-backports InRelease [127 kB]\n#6 0.477 Get:5 http://archive.ubuntu.com/ubuntu jammy/main amd64 Packages [1792 kB]\n#6 0.581 Get:6 http://archive.ubuntu.com/ubuntu jammy/universe amd64 Packages [17.5 MB]\n#6 0.782 Get:7 http://archive.ubuntu.com/ubuntu jammy/restricted amd64 Packages [164 kB]\n#6 0.784 Get:8 http://archive.ubuntu.com/ubuntu jammy/multiverse amd64 Packages [266 kB]\n#6 0.785 Get:9 http://archive.ubuntu.com/ubuntu jammy-updates/multiverse amd64 Packages [75.9 kB]\n#6 0.786 Get:10 http://archive.ubuntu.com/ubuntu jammy-updates/universe amd64 Packages [1572 kB]\n#6 0.796 Get:11 http://archive.ubuntu.com/ubuntu jammy-updates/main amd64 Packages [3461 kB]\n#6 0.830 Get:12 http://archive.ubuntu.com/ubuntu jammy-updates/restricted amd64 Packages [5139 kB]\n#6 0.848 Get:13 http://security.ubuntu.com/ubuntu jammy-security/restricted amd64 Packages [4932 kB]\n#6 0.872 Get:14 http://archive.ubuntu.com/ubuntu jammy-backports/main amd64 Packages [83.2 kB]\n#6 0.873 Get:15 http://archive.ubuntu.com/ubuntu jammy-backports/universe amd64 Packages [35.2 kB]\n#6 1.435 Get:16 http://security.ubuntu.com/ubuntu jammy-security/multiverse amd64 Packages [48.5 kB]\n#6 1.436 Get:17 http://security.ubuntu.com/ubuntu jammy-security/universe amd64 Packages [1267 kB]\n#6 1.461 Get:18 http://security.ubuntu.com/ubuntu jammy-security/main amd64 Packages [3148 kB]\n#6 2.542 Fetched 40.1 MB in 2s (17.3 MB/s)\n#6 2.542 Reading package lists...\n#6 3.526 Reading package lists...\n#6 4.475 Building dependency tree...\n#6 4.628 Reading state information...\n#6 4.807 The following additional packages will be installed:\n#6 4.807   adwaita-icon-theme binutils binutils-common binutils-x86-64-linux-gnu bzip2\n#6 4.807   ca-certificates-java cmake-data cpp cpp-11 default-jre-headless\n#6 4.807   dh-elpa-helper dpkg-dev emacsen-common fontconfig fontconfig-config\n#6 4.807   fonts-dejavu-core g++-11 gcc gcc-11 gcc-11-base git-man\n#6 4.807   gtk-update-icon-cache hicolor-icon-theme humanity-icon-theme java-common\n#6 4.807   libapparmor1 libarchive13 libasan6 libasound2 libasound2-data libasyncns0\n#6 4.807   libatk-bridge2.0-0 libatk-wrapper-java libatk-wrapper-java-jni libatk1.0-0\n#6 4.807   libatk1.0-data libatomic1 libatspi2.0-0 libavahi-client3\n#6 4.807   libavahi-common-data libavahi-common3 libbinutils libbrotli1 libbsd0\n#6 4.807   libc-dev-bin libc6-dev libcairo2 libcc1-0 libcrypt-dev libctf-nobfd0 libctf0\n#6 4.807   libcups2 libcurl3-gnutls libcurl4 libdatrie1 libdbus-1-3 libdeflate0\n#6 4.807   libdpkg-perl libdrm-amdgpu1 libdrm-common libdrm-intel1 libdrm-nouveau2\n#6 4.807   libdrm-radeon1 libdrm2 libedit2 libelf1 liberror-perl libexpat1 libflac8\n#6 4.807   libfontconfig1 libfontenc1 libfreetype6 libfribidi0 libgcc-11-dev\n#6 4.807   libgdbm-compat4 libgdbm6 libgdk-pixbuf-2.0-0 libgdk-pixbuf2.0-common libgif7\n#6 4.807   libgl1 libgl1-mesa-dri libgl1-mesa-glx libglapi-mesa libglib2.0-0 libglvnd0\n#6 4.807   libglx-mesa0 libglx0 libgomp1 libgraphite2-3 libgtk2.0-0 libgtk2.0-common\n#6 4.807   libharfbuzz0b libice6 libicu70 libisl23 libitm1 libjbig0 libjpeg-turbo8\n#6 4.807   libjpeg8 libjsoncpp25 liblcms2-2 libldap-2.5-0 libllvm15 liblsan0 libmd0\n#6 4.807   libmpc3 libmpdec3 libmpfr6 libnghttp2-14 libnsl-dev libnspr4 libnss3 libogg0\n#6 4.807   libopus0 libpango-1.0-0 libpangocairo-1.0-0 libpangoft2-1.0-0 libpciaccess0\n#6 4.807   libpcsclite1 libperl5.34 libpixman-1-0 libpng16-16 libpsl5 libpulse0\n#6 4.807   libpython3-stdlib libpython3.10-minimal libpython3.10-stdlib libquadmath0\n#6 4.807   libreadline8 librhash0 librtmp1 libsasl2-2 libsasl2-modules-db\n#6 4.807   libsensors-config libsensors5 libsm6 libsndfile1 libsqlite3-0 libssh-4\n#6 4.807   libstdc++-11-dev libthai-data libthai0 libtiff5 libtirpc-dev libtsan0\n#6 4.807   libubsan1 libuv1 libvorbis0a libvorbisenc2 libwebp7 libx11-6 libx11-data\n#6 4.807   libx11-xcb1 libxau6 libxaw7 libxcb-dri2-0 libxcb-dri3-0 libxcb-glx0\n#6 4.807   libxcb-present0 libxcb-randr0 libxcb-render0 libxcb-shape0 libxcb-shm0\n#6 4.807   libxcb-sync1 libxcb-xfixes0 libxcb1 libxcomposite1 libxcursor1 libxdamage1\n#6 4.807   libxdmcp6 libxext6 libxfixes3 libxft2 libxi6 libxinerama1 libxkbfile1\n#6 4.807   libxml2 libxmu6 libxmuu1 libxpm4 libxrandr2 libxrender1 libxshmfence1 libxt6\n#6 4.807   libxtst6 libxv1 libxxf86dga1 libxxf86vm1 linux-libc-dev lto-disabled-list\n#6 4.807   media-types openjdk-11-jre-headless openjdk-8-jdk-headless openjdk-8-jre\n#6 4.808   openjdk-8-jre-headless openssl patch perl perl-modules-5.34 python3-minimal\n#6 4.808   python3.10 python3.10-minimal readline-common rpcsvc-proto shared-mime-info\n#6 4.808   ubuntu-mono ucf x11-common x11-utils xz-utils\n#6 4.809 Suggested packages:\n#6 4.809   ant-doc binutils-doc bzip2-doc cmake-doc ninja-build cmake-format cpp-doc\n#6 4.809   gcc-11-locales default-jre debian-keyring g++-multilib g++-11-multilib\n#6 4.809   gcc-11-doc gcc-multilib manpages-dev autoconf automake libtool flex bison\n#6 4.809   gdb gcc-doc gcc-11-multilib gettext-base git-daemon-run\n#6 4.809   | git-daemon-sysvinit git-doc git-email git-gui gitk gitweb git-cvs\n#6 4.809   git-mediawiki git-svn lrzip libasound2-plugins alsa-utils glibc-doc\n#6 4.809   cups-common gnupg bzr gdbm-l10n gvfs liblcms2-utils opus-tools pciutils\n#6 4.809   pcscd pulseaudio lm-sensors libstdc++-11-doc make-doc libnss-mdns\n#6 4.809   fonts-dejavu-extra fonts-ipafont-gothic fonts-ipafont-mincho\n#6 4.809   fonts-wqy-microhei | fonts-wqy-zenhei fonts-indic openjdk-8-demo\n#6 4.809   openjdk-8-source visualvm fonts-nanum fonts-wqy-microhei fonts-wqy-zenhei ed\n#6 4.809   diffutils-doc perl-doc libterm-readline-gnu-perl\n#6 4.809   | libterm-readline-perl-perl libtap-harness-archive-perl python3-doc\n#6 4.809   python3-tk python3-venv python3.10-venv python3.10-doc binfmt-support\n#6 4.809   readline-doc zip mesa-utils\n#6 4.809 Recommended packages:\n#6 4.809   librsvg2-common ant-optional fakeroot gnupg libalgorithm-merge-perl less\n#6 4.809   ssh-client alsa-ucm-conf alsa-topology-conf at-spi2-core manpages\n#6 4.809   manpages-dev libc-devtools dbus libfile-fcntllock-perl\n#6 4.809   liblocale-gettext-perl libgdk-pixbuf2.0-bin libgl1-amber-dri libglib2.0-data\n#6 4.809   xdg-user-dirs libgail-common libgtk2.0-bin libldap-common publicsuffix\n#6 4.809   libsasl2-modules libxt-dev fonts-dejavu-extra netbase\n#6 5.086 The following NEW packages will be installed:\n#6 5.086   adwaita-icon-theme ant binutils binutils-common binutils-x86-64-linux-gnu\n#6 5.086   build-essential bzip2 ca-certificates ca-certificates-java cmake cmake-data\n#6 5.086   cpp cpp-11 default-jre-headless dh-elpa-helper dpkg-dev emacsen-common\n#6 5.086   fontconfig fontconfig-config fonts-dejavu-core g++ g++-11 gcc gcc-11\n#6 5.086   gcc-11-base git git-man gtk-update-icon-cache hicolor-icon-theme\n#6 5.086   humanity-icon-theme java-common libapparmor1 libarchive13 libasan6\n#6 5.086   libasound2 libasound2-data libasyncns0 libatk-bridge2.0-0\n#6 5.086   libatk-wrapper-java libatk-wrapper-java-jni libatk1.0-0 libatk1.0-data\n#6 5.086   libatomic1 libatspi2.0-0 libavahi-client3 libavahi-common-data\n#6 5.086   libavahi-common3 libbinutils libbrotli1 libbsd0 libc-dev-bin libc6-dev\n#6 5.086   libcairo2 libcc1-0 libcrypt-dev libctf-nobfd0 libctf0 libcups2\n#6 5.086   libcurl3-gnutls libcurl4 libdatrie1 libdbus-1-3 libdeflate0 libdpkg-perl\n#6 5.086   libdrm-amdgpu1 libdrm-common libdrm-intel1 libdrm-nouveau2 libdrm-radeon1\n#6 5.086   libdrm2 libedit2 libelf1 liberror-perl libexpat1 libflac8 libfontconfig1\n#6 5.086   libfontenc1 libfreetype6 libfribidi0 libgcc-11-dev libgdbm-compat4 libgdbm6\n#6 5.086   libgdk-pixbuf-2.0-0 libgdk-pixbuf2.0-common libgif7 libgl1 libgl1-mesa-dri\n#6 5.086   libgl1-mesa-glx libglapi-mesa libglib2.0-0 libglvnd0 libglx-mesa0 libglx0\n#6 5.086   libgomp1 libgraphite2-3 libgtk2.0-0 libgtk2.0-common libharfbuzz0b libice6\n#6 5.086   libicu70 libisl23 libitm1 libjbig0 libjpeg-turbo8 libjpeg8 libjsoncpp25\n#6 5.086   liblcms2-2 libldap-2.5-0 libllvm15 liblsan0 libmd0 libmpc3 libmpdec3\n#6 5.086   libmpfr6 libnghttp2-14 libnsl-dev libnspr4 libnss3 libogg0 libopus0\n#6 5.086   libpango-1.0-0 libpangocairo-1.0-0 libpangoft2-1.0-0 libpciaccess0\n#6 5.086   libpcsclite1 libperl5.34 libpixman-1-0 libpng16-16 libpsl5 libpulse0\n#6 5.086   libpython3-stdlib libpython3.10-minimal libpython3.10-stdlib libquadmath0\n#6 5.087   libreadline8 librhash0 librtmp1 libsasl2-2 libsasl2-modules-db\n#6 5.087   libsensors-config libsensors5 libsm6 libsndfile1 libsqlite3-0 libssh-4\n#6 5.087   libstdc++-11-dev libthai-data libthai0 libtiff5 libtirpc-dev libtsan0\n#6 5.087   libubsan1 libuv1 libvorbis0a libvorbisenc2 libwebp7 libx11-6 libx11-data\n#6 5.087   libx11-xcb1 libxau6 libxaw7 libxcb-dri2-0 libxcb-dri3-0 libxcb-glx0\n#6 5.087   libxcb-present0 libxcb-randr0 libxcb-render0 libxcb-shape0 libxcb-shm0\n#6 5.087   libxcb-sync1 libxcb-xfixes0 libxcb1 libxcomposite1 libxcursor1 libxdamage1\n#6 5.087   libxdmcp6 libxext6 libxfixes3 libxft2 libxi6 libxinerama1 libxkbfile1\n#6 5.087   libxml2 libxmu6 libxmuu1 libxpm4 libxrandr2 libxrender1 libxshmfence1 libxt6\n#6 5.087   libxtst6 libxv1 libxxf86dga1 libxxf86vm1 linux-libc-dev lto-disabled-list\n#6 5.087   make media-types openjdk-11-jre-headless openjdk-8-jdk\n#6 5.087   openjdk-8-jdk-headless openjdk-8-jre openjdk-8-jre-headless openssl patch\n#6 5.087   perl perl-modules-5.34 python3 python3-minimal python3.10 python3.10-minimal\n#6 5.087   readline-common rpcsvc-proto shared-mime-info ubuntu-mono ucf unzip wget\n#6 5.087   x11-common x11-utils xz-utils zlib1g-dev\n#6 5.278 0 upgraded, 222 newly installed, 0 to remove and 0 not upgraded.\n#6 5.278 Need to get 249 MB of archives.\n#6 5.278 After this operation, 947 MB of additional disk space will be used.\n#6 5.278 Get:1 http://archive.ubuntu.com/ubuntu jammy-updates/main amd64 libpython3.10-minimal amd64 3.10.12-1~22.04.10 [815 kB]\n#6 5.887 Get:2 http://archive.ubuntu.com/ubuntu jammy-updates/main amd64 libexpat1 amd64 2.4.7-1ubuntu0.6 [92.1 kB]\n#6 5.893 Get:3 http://archive.ubuntu.com/ubuntu jammy-updates/main amd64 python3.10-minimal amd64 3.10.12-1~22.04.10 [2277 kB]\n#6 6.067 Get:4 http://archive.ubuntu.com/ubuntu jammy-updates/main amd64 python3-minimal amd64 3.10.6-1~22.04.1 [24.3 kB]\n#6 6.068 Get:5 http://archive.ubuntu.com/ubuntu jammy/main amd64 media-types all 7.0.0 [25.5 kB]\n#6 6.070 Get:6 http://archive.ubuntu.com/ubuntu jammy/main amd64 libmpdec3 amd64 2.5.1-2build2 [86.8 kB]\n#6 6.073 Get:7 http://archive.ubuntu.com/ubuntu jammy/main amd64 readline-common all 8.1.2-1 [53.5 kB]\n#6 6.074 Get:8 http://archive.ubuntu.com/ubuntu jammy/main amd64 libreadline8 amd64 8.1.2-1 [153 kB]\n#6 6.079 Get:9 http://archive.ubuntu.com/ubuntu jammy-updates/main amd64 libsqlite3-0 amd64 3.37.2-2ubuntu0.4 [643 kB]\n#6 6.102 Get:10 http://archive.ubuntu.com/ubuntu jammy-updates/main amd64 libpython3.10-stdlib amd64 3.10.12-1~22.04.10 [1850 kB]\n#6 6.156 Get:11 http://archive.ubuntu.com/ubuntu jammy-updates/main amd64 python3.10 amd64 3.10.12-1~22.04.10 [508 kB]\n#6 6.167 Get:12 http://archive.ubuntu.com/ubuntu jammy-updates/main amd64 libpython3-stdlib amd64 3.10.6-1~22.04.1 [6812 B]\n#6 6.167 Get:13 http://archive.ubuntu.com/ubuntu jammy-updates/main amd64 python3 amd64 3.10.6-1~22.04.1 [22.8 kB]\n#6 6.240 Get:14 http://archive.ubuntu.com/ubuntu jammy-updates/main amd64 perl-modules-5.34 all 5.34.0-3ubuntu1.4 [2977 kB]\n#6 6.292 Get:15 http://archive.ubuntu.com/ubuntu jammy/main amd64 libgdbm6 amd64 1.23-1 [33.9 kB]\n#6 6.293 Get:16 http://archive.ubuntu.com/ubuntu jammy/main amd64 libgdbm-compat4 amd64 1.23-1 [6606 B]\n#6 6.293 Get:17 http://archive.ubuntu.com/ubuntu jammy-updates/main amd64 libperl5.34 amd64 5.34.0-3ubuntu1.4 [4820 kB]\n#6 6.445 Get:18 http://archive.ubuntu.com/ubuntu jammy-updates/main amd64 perl amd64 5.34.0-3ubuntu1.4 [232 kB]\n#6 6.449 Get:19 http://archive.ubuntu.com/ubuntu jammy-updates/main amd64 openssl amd64 3.0.2-0ubuntu1.19 [1186 kB]\n#6 6.504 Get:20 http://archive.ubuntu.com/ubuntu jammy-updates/main amd64 ca-certificates all 20240203~22.04.1 [162 kB]\n#6 6.506 Get:21 http://archive.ubuntu.com/ubuntu jammy-updates/main amd64 libapparmor1 amd64 3.0.4-2ubuntu2.4 [39.7 kB]\n#6 6.507 Get:22 http://archive.ubuntu.com/ubuntu jammy/main amd64 libmd0 amd64 1.0.4-1build1 [23.0 kB]\n#6 6.508 Get:23 http://archive.ubuntu.com/ubuntu jammy/main amd64 libbsd0 amd64 0.11.5-1 [44.8 kB]\n#6 6.508 Get:24 http://archive.ubuntu.com/ubuntu jammy-updates/main amd64 libdbus-1-3 amd64 1.12.20-2ubuntu4.1 [189 kB]\n#6 6.511 Get:25 http://archive.ubuntu.com/ubuntu jammy-updates/main amd64 libelf1 amd64 0.186-1ubuntu0.1 [51.1 kB]\n#6 6.512 Get:26 http://archive.ubuntu.com/ubuntu jammy-updates/main amd64 libfribidi0 amd64 1.0.8-2ubuntu3.1 [26.1 kB]\n#6 6.657 Get:27 http://archive.ubuntu.com/ubuntu jammy-updates/main amd64 libglib2.0-0 amd64 2.72.4-0ubuntu2.5 [1466 kB]\n#6 6.679 Get:28 http://archive.ubuntu.com/ubuntu jammy/main amd64 libicu70 amd64 70.1-2 [10.6 MB]\n#6 7.030 Get:29 http://archive.ubuntu.com/ubuntu jammy-updates/main amd64 libxml2 amd64 2.9.13+dfsg-1ubuntu0.7 [763 kB]\n#6 7.045 Get:30 http://archive.ubuntu.com/ubuntu jammy/main amd64 shared-mime-info amd64 2.1-2 [454 kB]\n#6 7.054 Get:31 http://archive.ubuntu.com/ubuntu jammy/main amd64 ucf all 3.0043 [56.1 kB]\n#6 7.055 Get:32 http://archive.ubuntu.com/ubuntu jammy-updates/main amd64 libdrm-common all 2.4.113-2~ubuntu0.22.04.1 [5450 B]\n#6 7.055 Get:33 http://archive.ubuntu.com/ubuntu jammy-updates/main amd64 libdrm2 amd64 2.4.113-2~ubuntu0.22.04.1 [38.1 kB]\n#6 7.056 Get:34 http://archive.ubuntu.com/ubuntu jammy/main amd64 libedit2 amd64 3.1-20210910-1build1 [96.8 kB]\n#6 7.058 Get:35 http://archive.ubuntu.com/ubuntu jammy-updates/main amd64 libnghttp2-14 amd64 1.43.0-1ubuntu0.2 [76.9 kB]\n#6 7.060 Get:36 http://archive.ubuntu.com/ubuntu jammy/main amd64 libpng16-16 amd64 1.6.37-3build5 [191 kB]\n#6 7.063 Get:37 http://archive.ubuntu.com/ubuntu jammy/main amd64 libpsl5 amd64 0.21.0-1.2build2 [58.4 kB]\n#6 7.118 Get:38 http://archive.ubuntu.com/ubuntu jammy-updates/main amd64 libuv1 amd64 1.43.0-1ubuntu0.1 [92.7 kB]\n#6 7.202 Get:39 http://archive.ubuntu.com/ubuntu jammy/main amd64 libxau6 amd64 1:1.0.9-1build5 [7634 B]\n#6 7.203 Get:40 http://archive.ubuntu.com/ubuntu jammy/main amd64 libxdmcp6 amd64 1:1.1.3-0ubuntu5 [10.9 kB]\n#6 7.203 Get:41 http://archive.ubuntu.com/ubuntu jammy/main amd64 libxcb1 amd64 1.14-3ubuntu3 [49.0 kB]\n#6 7.205 Get:42 http://archive.ubuntu.com/ubuntu jammy-updates/main amd64 libx11-data all 2:1.7.5-1ubuntu0.3 [120 kB]\n#6 7.209 Get:43 http://archive.ubuntu.com/ubuntu jammy-updates/main amd64 libx11-6 amd64 2:1.7.5-1ubuntu0.3 [667 kB]\n#6 7.226 Get:44 http://archive.ubuntu.com/ubuntu jammy/main amd64 libxext6 amd64 2:1.3.4-1build1 [31.8 kB]\n#6 7.227 Get:45 http://archive.ubuntu.com/ubuntu jammy/main amd64 libxmuu1 amd64 2:1.1.3-3 [10.2 kB]\n#6 7.228 Get:46 http://archive.ubuntu.com/ubuntu jammy-updates/main amd64 wget amd64 1.21.2-2ubuntu1.1 [339 kB]\n#6 7.237 Get:47 http://archive.ubuntu.com/ubuntu jammy/main amd64 xz-utils amd64 5.2.5-2ubuntu1 [84.8 kB]\n#6 7.286 Get:48 http://archive.ubuntu.com/ubuntu jammy/main amd64 hicolor-icon-theme all 0.17-2 [9976 B]\n#6 7.370 Get:49 http://archive.ubuntu.com/ubuntu jammy-updates/main amd64 libgdk-pixbuf2.0-common all 2.42.8+dfsg-1ubuntu0.3 [5630 B]\n#6 7.370 Get:50 http://archive.ubuntu.com/ubuntu jammy/main amd64 libjpeg-turbo8 amd64 2.1.2-0ubuntu1 [134 kB]\n#6 7.374 Get:51 http://archive.ubuntu.com/ubuntu jammy/main amd64 libjpeg8 amd64 8c-2ubuntu10 [2264 B]\n#6 7.375 Get:52 http://archive.ubuntu.com/ubuntu jammy/main amd64 libdeflate0 amd64 1.10-2 [70.9 kB]\n#6 7.377 Get:53 http://archive.ubuntu.com/ubuntu jammy-updates/main amd64 libjbig0 amd64 2.1-3.1ubuntu0.22.04.1 [29.2 kB]\n#6 7.378 Get:54 http://archive.ubuntu.com/ubuntu jammy-updates/main amd64 libwebp7 amd64 1.2.2-2ubuntu0.22.04.2 [206 kB]\n#6 7.384 Get:55 http://archive.ubuntu.com/ubuntu jammy-updates/main amd64 libtiff5 amd64 4.3.0-6ubuntu0.10 [185 kB]\n#6 7.389 Get:56 http://archive.ubuntu.com/ubuntu jammy-updates/main amd64 libgdk-pixbuf-2.0-0 amd64 2.42.8+dfsg-1ubuntu0.3 [148 kB]\n#6 7.393 Get:57 http://archive.ubuntu.com/ubuntu jammy-updates/main amd64 gtk-update-icon-cache amd64 3.24.33-1ubuntu2.2 [31.4 kB]\n#6 7.454 Get:58 http://archive.ubuntu.com/ubuntu jammy/main amd64 humanity-icon-theme all 0.6.16 [1282 kB]\n#6 7.538 Get:59 http://archive.ubuntu.com/ubuntu jammy/main amd64 ubuntu-mono all 20.10-0ubuntu2 [153 kB]\n#6 7.542 Get:60 http://archive.ubuntu.com/ubuntu jammy/main amd64 adwaita-icon-theme all 41.0-1ubuntu1 [3444 kB]\n#6 7.636 Get:61 http://archive.ubuntu.com/ubuntu jammy/main amd64 java-common all 0.72build2 [6782 B]\n#6 7.636 Get:62 http://archive.ubuntu.com/ubuntu jammy-updates/main amd64 libavahi-common-data amd64 0.8-5ubuntu5.2 [23.8 kB]\n#6 7.638 Get:63 http://archive.ubuntu.com/ubuntu jammy-updates/main amd64 libavahi-common3 amd64 0.8-5ubuntu5.2 [23.9 kB]\n#6 7.639 Get:64 http://archive.ubuntu.com/ubuntu jammy-updates/main amd64 libavahi-client3 amd64 0.8-5ubuntu5.2 [28.0 kB]\n#6 7.640 Get:65 http://archive.ubuntu.com/ubuntu jammy-updates/main amd64 libcups2 amd64 2.4.1op1-1ubuntu4.11 [263 kB]\n#6 7.647 Get:66 http://archive.ubuntu.com/ubuntu jammy/main amd64 liblcms2-2 amd64 2.12~rc1-2build2 [159 kB]\n#6 7.651 Get:67 http://archive.ubuntu.com/ubuntu jammy/main amd64 libbrotli1 amd64 1.0.9-2build6 [315 kB]\n#6 7.658 Get:68 http://archive.ubuntu.com/ubuntu jammy-updates/main amd64 libfreetype6 amd64 2.11.1+dfsg-1ubuntu0.3 [388 kB]\n#6 7.706 Get:69 http://archive.ubuntu.com/ubuntu jammy/main amd64 fonts-dejavu-core all 2.37-2build1 [1041 kB]\n#6 7.790 Get:70 http://archive.ubuntu.com/ubuntu jammy/main amd64 fontconfig-config all 2.13.1-4.2ubuntu5 [29.1 kB]\n#6 7.791 Get:71 http://archive.ubuntu.com/ubuntu jammy/main amd64 libfontconfig1 amd64 2.13.1-4.2ubuntu5 [131 kB]\n#6 7.795 Get:72 http://archive.ubuntu.com/ubuntu jammy-updates/main amd64 libnspr4 amd64 2:4.35-0ubuntu0.22.04.1 [119 kB]\n#6 7.798 Get:73 http://archive.ubuntu.com/ubuntu jammy-updates/main amd64 libnss3 amd64 2:3.98-0ubuntu0.22.04.2 [1347 kB]\n#6 7.832 Get:74 http://archive.ubuntu.com/ubuntu jammy-updates/main amd64 libpcsclite1 amd64 1.9.5-3ubuntu1 [19.8 kB]\n#6 7.833 Get:75 http://archive.ubuntu.com/ubuntu jammy/main amd64 libxi6 amd64 2:1.8-1build1 [32.6 kB]\n#6 7.834 Get:76 http://archive.ubuntu.com/ubuntu jammy/main amd64 libxrender1 amd64 1:0.9.10-1build4 [19.7 kB]\n#6 7.834 Get:77 http://archive.ubuntu.com/ubuntu jammy/main amd64 x11-common all 1:7.7+23ubuntu2 [23.4 kB]\n#6 7.835 Get:78 http://archive.ubuntu.com/ubuntu jammy/main amd64 libxtst6 amd64 2:1.2.3-1build4 [13.4 kB]\n#6 7.874 Get:79 http://archive.ubuntu.com/ubuntu jammy-updates/universe amd64 openjdk-8-jre-headless amd64 8u452-ga~us1-0ubuntu1~22.04 [30.8 MB]\n#6 8.754 Get:80 http://archive.ubuntu.com/ubuntu jammy-updates/main amd64 ca-certificates-java all 20190909ubuntu1.2 [12.1 kB]\n#6 8.754 Get:81 http://archive.ubuntu.com/ubuntu jammy/main amd64 libasound2-data all 1.2.6.1-1ubuntu1 [19.1 kB]\n#6 8.755 Get:82 http://archive.ubuntu.com/ubuntu jammy/main amd64 libasound2 amd64 1.2.6.1-1ubuntu1 [390 kB]\n#6 8.766 Get:83 http://archive.ubuntu.com/ubuntu jammy/main amd64 libgraphite2-3 amd64 1.3.14-1build2 [71.3 kB]\n#6 8.768 Get:84 http://archive.ubuntu.com/ubuntu jammy-updates/main amd64 libharfbuzz0b amd64 2.7.4-1ubuntu3.2 [353 kB]\n#6 8.777 Get:85 http://archive.ubuntu.com/ubuntu jammy-updates/main amd64 openjdk-11-jre-headless amd64 11.0.27+6~us1-0ubuntu1~22.04 [42.6 MB]\n#6 10.01 Get:86 http://archive.ubuntu.com/ubuntu jammy/main amd64 default-jre-headless amd64 2:1.11-72build2 [3042 B]\n#6 10.01 Get:87 http://archive.ubuntu.com/ubuntu jammy/universe amd64 ant all 1.10.12-1 [2100 kB]\n#6 10.06 Get:88 http://archive.ubuntu.com/ubuntu jammy-updates/main amd64 binutils-common amd64 2.38-4ubuntu2.8 [223 kB]\n#6 10.06 Get:89 http://archive.ubuntu.com/ubuntu jammy-updates/main amd64 libbinutils amd64 2.38-4ubuntu2.8 [661 kB]\n#6 10.07 Get:90 http://archive.ubuntu.com/ubuntu jammy-updates/main amd64 libctf-nobfd0 amd64 2.38-4ubuntu2.8 [108 kB]\n#6 10.08 Get:91 http://archive.ubuntu.com/ubuntu jammy-updates/main amd64 libctf0 amd64 2.38-4ubuntu2.8 [103 kB]\n#6 10.08 Get:92 http://archive.ubuntu.com/ubuntu jammy-updates/main amd64 binutils-x86-64-linux-gnu amd64 2.38-4ubuntu2.8 [2324 kB]\n#6 10.16 Get:93 http://archive.ubuntu.com/ubuntu jammy-updates/main amd64 binutils amd64 2.38-4ubuntu2.8 [3196 B]\n#6 10.16 Get:94 http://archive.ubuntu.com/ubuntu jammy-updates/main amd64 libc-dev-bin amd64 2.35-0ubuntu3.10 [20.3 kB]\n#6 10.16 Get:95 http://archive.ubuntu.com/ubuntu jammy-updates/main amd64 linux-libc-dev amd64 5.15.0-144.157 [1318 kB]\n#6 10.19 Get:96 http://archive.ubuntu.com/ubuntu jammy/main amd64 libcrypt-dev amd64 1:4.4.27-1 [112 kB]\n#6 10.19 Get:97 http://archive.ubuntu.com/ubuntu jammy/main amd64 rpcsvc-proto amd64 1.4.2-0ubuntu6 [68.5 kB]\n#6 10.19 Get:98 http://archive.ubuntu.com/ubuntu jammy-updates/main amd64 libtirpc-dev amd64 1.3.2-2ubuntu0.1 [192 kB]\n#6 10.19 Get:99 http://archive.ubuntu.com/ubuntu jammy/main amd64 libnsl-dev amd64 1.3.0-2build2 [71.3 kB]\n#6 10.20 Get:100 http://archive.ubuntu.com/ubuntu jammy-updates/main amd64 libc6-dev amd64 2.35-0ubuntu3.10 [2100 kB]\n#6 10.26 Get:101 http://archive.ubuntu.com/ubuntu jammy-updates/main amd64 gcc-11-base amd64 11.4.0-1ubuntu1~22.04 [20.2 kB]\n#6 10.30 Get:102 http://archive.ubuntu.com/ubuntu jammy/main amd64 libisl23 amd64 0.24-2build1 [727 kB]\n#6 10.45 Get:103 http://archive.ubuntu.com/ubuntu jammy/main amd64 libmpfr6 amd64 4.1.0-3build3 [1425 kB]\n#6 10.49 Get:104 http://archive.ubuntu.com/ubuntu jammy/main amd64 libmpc3 amd64 1.2.1-2build1 [46.9 kB]\n#6 10.49 Get:105 http://archive.ubuntu.com/ubuntu jammy-updates/main amd64 cpp-11 amd64 11.4.0-1ubuntu1~22.04 [10.0 MB]\n#6 10.61 Get:106 http://archive.ubuntu.com/ubuntu jammy/main amd64 cpp amd64 4:11.2.0-1ubuntu1 [27.7 kB]\n#6 10.61 Get:107 http://archive.ubuntu.com/ubuntu jammy-updates/main amd64 libcc1-0 amd64 12.3.0-1ubuntu1~22.04 [48.3 kB]\n#6 10.61 Get:108 http://archive.ubuntu.com/ubuntu jammy-updates/main amd64 libgomp1 amd64 12.3.0-1ubuntu1~22.04 [126 kB]\n#6 10.61 Get:109 http://archive.ubuntu.com/ubuntu jammy-updates/main amd64 libitm1 amd64 12.3.0-1ubuntu1~22.04 [30.2 kB]\n#6 10.61 Get:110 http://archive.ubuntu.com/ubuntu jammy-updates/main amd64 libatomic1 amd64 12.3.0-1ubuntu1~22.04 [10.4 kB]\n#6 10.61 Get:111 http://archive.ubuntu.com/ubuntu jammy-updates/main amd64 libasan6 amd64 11.4.0-1ubuntu1~22.04 [2282 kB]\n#6 10.63 Get:112 http://archive.ubuntu.com/ubuntu jammy-updates/main amd64 liblsan0 amd64 12.3.0-1ubuntu1~22.04 [1069 kB]\n#6 10.64 Get:113 http://archive.ubuntu.com/ubuntu jammy-updates/main amd64 libtsan0 amd64 11.4.0-1ubuntu1~22.04 [2260 kB]\n#6 10.67 Get:114 http://archive.ubuntu.com/ubuntu jammy-updates/main amd64 libubsan1 amd64 12.3.0-1ubuntu1~22.04 [976 kB]\n#6 10.67 Get:115 http://archive.ubuntu.com/ubuntu jammy-updates/main amd64 libquadmath0 amd64 12.3.0-1ubuntu1~22.04 [154 kB]\n#6 10.68 Get:116 http://archive.ubuntu.com/ubuntu jammy-updates/main amd64 libgcc-11-dev amd64 11.4.0-1ubuntu1~22.04 [2517 kB]\n#6 10.70 Get:117 http://archive.ubuntu.com/ubuntu jammy-updates/main amd64 gcc-11 amd64 11.4.0-1ubuntu1~22.04 [20.1 MB]\n#6 10.90 Get:118 http://archive.ubuntu.com/ubuntu jammy/main amd64 gcc amd64 4:11.2.0-1ubuntu1 [5112 B]\n#6 10.90 Get:119 http://archive.ubuntu.com/ubuntu jammy-updates/main amd64 libstdc++-11-dev amd64 11.4.0-1ubuntu1~22.04 [2101 kB]\n#6 10.91 Get:120 http://archive.ubuntu.com/ubuntu jammy-updates/main amd64 g++-11 amd64 11.4.0-1ubuntu1~22.04 [11.4 MB]\n#6 11.02 Get:121 http://archive.ubuntu.com/ubuntu jammy/main amd64 g++ amd64 4:11.2.0-1ubuntu1 [1412 B]\n#6 11.02 Get:122 http://archive.ubuntu.com/ubuntu jammy/main amd64 make amd64 4.3-4.1build1 [180 kB]\n#6 11.02 Get:123 http://archive.ubuntu.com/ubuntu jammy-updates/main amd64 libdpkg-perl all 1.21.1ubuntu2.3 [237 kB]\n#6 11.02 Get:124 http://archive.ubuntu.com/ubuntu jammy/main amd64 bzip2 amd64 1.0.8-5build1 [34.8 kB]\n#6 11.02 Get:125 http://archive.ubuntu.com/ubuntu jammy/main amd64 patch amd64 2.7.6-7build2 [109 kB]\n#6 11.02 Get:126 http://archive.ubuntu.com/ubuntu jammy/main amd64 lto-disabled-list all 24 [12.5 kB]\n#6 11.02 Get:127 http://archive.ubuntu.com/ubuntu jammy-updates/main amd64 dpkg-dev all 1.21.1ubuntu2.3 [922 kB]\n#6 11.03 Get:128 http://archive.ubuntu.com/ubuntu jammy/main amd64 build-essential amd64 12.9ubuntu3 [4744 B]\n#6 11.03 Get:129 http://archive.ubuntu.com/ubuntu jammy-updates/main amd64 libarchive13 amd64 3.6.0-1ubuntu1.5 [368 kB]\n#6 11.04 Get:130 http://archive.ubuntu.com/ubuntu jammy-updates/main amd64 libsasl2-modules-db amd64 2.1.27+dfsg2-3ubuntu1.2 [20.5 kB]\n#6 11.04 Get:131 http://archive.ubuntu.com/ubuntu jammy-updates/main amd64 libsasl2-2 amd64 2.1.27+dfsg2-3ubuntu1.2 [53.8 kB]\n#6 11.06 Get:132 http://archive.ubuntu.com/ubuntu jammy-updates/main amd64 libldap-2.5-0 amd64 2.5.19+dfsg-0ubuntu0.22.04.1 [184 kB]\n#6 11.06 Get:133 http://archive.ubuntu.com/ubuntu jammy/main amd64 librtmp1 amd64 2.4+20151223.gitfa8646d.1-2build4 [58.2 kB]\n#6 11.06 Get:134 http://archive.ubuntu.com/ubuntu jammy-updates/main amd64 libssh-4 amd64 0.9.6-2ubuntu0.22.04.4 [187 kB]\n#6 11.07 Get:135 http://archive.ubuntu.com/ubuntu jammy-updates/main amd64 libcurl4 amd64 7.81.0-1ubuntu1.20 [289 kB]\n#6 11.07 Get:136 http://archive.ubuntu.com/ubuntu jammy/main amd64 libjsoncpp25 amd64 1.9.5-3 [80.0 kB]\n#6 11.07 Get:137 http://archive.ubuntu.com/ubuntu jammy/main amd64 librhash0 amd64 1.4.2-1ubuntu1 [125 kB]\n#6 11.07 Get:138 http://archive.ubuntu.com/ubuntu jammy/main amd64 dh-elpa-helper all 2.0.9ubuntu1 [7610 B]\n#6 11.07 Get:139 http://archive.ubuntu.com/ubuntu jammy/main amd64 emacsen-common all 3.0.4 [14.9 kB]\n#6 11.08 Get:140 http://archive.ubuntu.com/ubuntu jammy-updates/main amd64 cmake-data all 3.22.1-1ubuntu1.22.04.2 [1913 kB]\n#6 11.10 Get:141 http://archive.ubuntu.com/ubuntu jammy-updates/main amd64 cmake amd64 3.22.1-1ubuntu1.22.04.2 [5010 kB]\n#6 11.14 Get:142 http://archive.ubuntu.com/ubuntu jammy/main amd64 fontconfig amd64 2.13.1-4.2ubuntu5 [177 kB]\n#6 11.14 Get:143 http://archive.ubuntu.com/ubuntu jammy-updates/main amd64 libcurl3-gnutls amd64 7.81.0-1ubuntu1.20 [284 kB]\n#6 11.14 Get:144 http://archive.ubuntu.com/ubuntu jammy/main amd64 liberror-perl all 0.17029-1 [26.5 kB]\n#6 11.14 Get:145 http://archive.ubuntu.com/ubuntu jammy-updates/main amd64 git-man all 1:2.34.1-1ubuntu1.15 [955 kB]\n#6 11.15 Get:146 http://archive.ubuntu.com/ubuntu jammy-updates/main amd64 git amd64 1:2.34.1-1ubuntu1.15 [3166 kB]\n#6 11.18 Get:147 http://archive.ubuntu.com/ubuntu jammy/main amd64 libasyncns0 amd64 0.8-6build2 [12.8 kB]\n#6 11.18 Get:148 http://archive.ubuntu.com/ubuntu jammy/main amd64 libatk1.0-data all 2.36.0-3build1 [2824 B]\n#6 11.18 Get:149 http://archive.ubuntu.com/ubuntu jammy/main amd64 libatk1.0-0 amd64 2.36.0-3build1 [51.9 kB]\n#6 11.18 Get:150 http://archive.ubuntu.com/ubuntu jammy/main amd64 libatspi2.0-0 amd64 2.44.0-3 [80.9 kB]\n#6 11.18 Get:151 http://archive.ubuntu.com/ubuntu jammy/main amd64 libatk-bridge2.0-0 amd64 2.38.0-3 [66.6 kB]\n#6 11.18 Get:152 http://archive.ubuntu.com/ubuntu jammy/main amd64 libfontenc1 amd64 1:1.1.4-1build3 [14.7 kB]\n#6 11.18 Get:153 http://archive.ubuntu.com/ubuntu jammy/main amd64 libglvnd0 amd64 1.4.0-1 [73.6 kB]\n#6 11.18 Get:154 http://archive.ubuntu.com/ubuntu jammy-updates/main amd64 libglapi-mesa amd64 23.2.1-1ubuntu3.1~22.04.3 [35.4 kB]\n#6 11.18 Get:155 http://archive.ubuntu.com/ubuntu jammy-updates/main amd64 libx11-xcb1 amd64 2:1.7.5-1ubuntu0.3 [7802 B]\n#6 11.20 Get:156 http://archive.ubuntu.com/ubuntu jammy/main amd64 libxcb-dri2-0 amd64 1.14-3ubuntu3 [7206 B]\n#6 11.20 Get:157 http://archive.ubuntu.com/ubuntu jammy/main amd64 libxcb-dri3-0 amd64 1.14-3ubuntu3 [6968 B]\n#6 11.20 Get:158 http://archive.ubuntu.com/ubuntu jammy/main amd64 libxcb-glx0 amd64 1.14-3ubuntu3 [25.9 kB]\n#6 11.20 Get:159 http://archive.ubuntu.com/ubuntu jammy/main amd64 libxcb-present0 amd64 1.14-3ubuntu3 [5734 B]\n#6 11.20 Get:160 http://archive.ubuntu.com/ubuntu jammy/main amd64 libxcb-randr0 amd64 1.14-3ubuntu3 [18.3 kB]\n#6 11.20 Get:161 http://archive.ubuntu.com/ubuntu jammy/main amd64 libxcb-shm0 amd64 1.14-3ubuntu3 [5780 B]\n#6 11.22 Get:162 http://archive.ubuntu.com/ubuntu jammy/main amd64 libxcb-sync1 amd64 1.14-3ubuntu3 [9416 B]\n#6 11.22 Get:163 http://archive.ubuntu.com/ubuntu jammy/main amd64 libxcb-xfixes0 amd64 1.14-3ubuntu3 [9996 B]\n#6 11.22 Get:164 http://archive.ubuntu.com/ubuntu jammy/main amd64 libxfixes3 amd64 1:6.0.0-1 [11.7 kB]\n#6 11.22 Get:165 http://archive.ubuntu.com/ubuntu jammy/main amd64 libxshmfence1 amd64 1.3-1build4 [5394 B]\n#6 11.24 Get:166 http://archive.ubuntu.com/ubuntu jammy/main amd64 libxxf86vm1 amd64 1:1.1.4-1build3 [10.4 kB]\n#6 11.24 Get:167 http://archive.ubuntu.com/ubuntu jammy-updates/main amd64 libdrm-amdgpu1 amd64 2.4.113-2~ubuntu0.22.04.1 [19.9 kB]\n#6 11.24 Get:168 http://archive.ubuntu.com/ubuntu jammy/main amd64 libpciaccess0 amd64 0.16-3 [19.1 kB]\n#6 11.24 Get:169 http://archive.ubuntu.com/ubuntu jammy-updates/main amd64 libdrm-intel1 amd64 2.4.113-2~ubuntu0.22.04.1 [66.7 kB]\n#6 11.24 Get:170 http://archive.ubuntu.com/ubuntu jammy-updates/main amd64 libdrm-nouveau2 amd64 2.4.113-2~ubuntu0.22.04.1 [17.5 kB]\n#6 11.25 Get:171 http://archive.ubuntu.com/ubuntu jammy-updates/main amd64 libdrm-radeon1 amd64 2.4.113-2~ubuntu0.22.04.1 [21.6 kB]\n#6 11.26 Get:172 http://archive.ubuntu.com/ubuntu jammy-updates/main amd64 libllvm15 amd64 1:15.0.7-0ubuntu0.22.04.3 [25.4 MB]\n#6 11.52 Get:173 http://archive.ubuntu.com/ubuntu jammy/main amd64 libsensors-config all 1:3.6.0-7ubuntu1 [5274 B]\n#6 11.52 Get:174 http://archive.ubuntu.com/ubuntu jammy/main amd64 libsensors5 amd64 1:3.6.0-7ubuntu1 [26.3 kB]\n#6 11.52 Get:175 http://archive.ubuntu.com/ubuntu jammy-updates/main amd64 libgl1-mesa-dri amd64 23.2.1-1ubuntu3.1~22.04.3 [8860 kB]\n#6 11.59 Get:176 http://archive.ubuntu.com/ubuntu jammy-updates/main amd64 libglx-mesa0 amd64 23.2.1-1ubuntu3.1~22.04.3 [158 kB]\n#6 11.59 Get:177 http://archive.ubuntu.com/ubuntu jammy/main amd64 libglx0 amd64 1.4.0-1 [41.0 kB]\n#6 11.59 Get:178 http://archive.ubuntu.com/ubuntu jammy/main amd64 libgl1 amd64 1.4.0-1 [110 kB]\n#6 11.60 Get:179 http://archive.ubuntu.com/ubuntu jammy/main amd64 libice6 amd64 2:1.0.10-1build2 [42.6 kB]\n#6 11.60 Get:180 http://archive.ubuntu.com/ubuntu jammy/main amd64 libsm6 amd64 2:1.2.3-1build2 [16.7 kB]\n#6 11.60 Get:181 http://archive.ubuntu.com/ubuntu jammy/main amd64 libxt6 amd64 1:1.2.1-1 [177 kB]\n#6 11.61 Get:182 http://archive.ubuntu.com/ubuntu jammy/main amd64 libxmu6 amd64 2:1.1.3-3 [49.6 kB]\n#6 11.61 Get:183 http://archive.ubuntu.com/ubuntu jammy-updates/main amd64 libxpm4 amd64 1:3.5.12-1ubuntu0.22.04.2 [36.7 kB]\n#6 11.61 Get:184 http://archive.ubuntu.com/ubuntu jammy/main amd64 libxaw7 amd64 2:1.0.14-1 [191 kB]\n#6 11.61 Get:185 http://archive.ubuntu.com/ubuntu jammy/main amd64 libxcb-shape0 amd64 1.14-3ubuntu3 [6158 B]\n#6 11.63 Get:186 http://archive.ubuntu.com/ubuntu jammy/main amd64 libxcomposite1 amd64 1:0.4.5-1build2 [7192 B]\n#6 11.64 Get:187 http://archive.ubuntu.com/ubuntu jammy/main amd64 libxft2 amd64 2.3.4-1 [41.8 kB]\n#6 11.64 Get:188 http://archive.ubuntu.com/ubuntu jammy/main amd64 libxinerama1 amd64 2:1.1.4-3 [7382 B]\n#6 11.64 Get:189 http://archive.ubuntu.com/ubuntu jammy/main amd64 libxkbfile1 amd64 1:1.1.0-1build3 [71.8 kB]\n#6 11.64 Get:190 http://archive.ubuntu.com/ubuntu jammy/main amd64 libxrandr2 amd64 2:1.5.2-1build1 [20.4 kB]\n#6 11.64 Get:191 http://archive.ubuntu.com/ubuntu jammy/main amd64 libxv1 amd64 2:1.0.11-1build2 [11.2 kB]\n#6 11.64 Get:192 http://archive.ubuntu.com/ubuntu jammy/main amd64 libxxf86dga1 amd64 2:1.1.5-0ubuntu3 [12.6 kB]\n#6 11.64 Get:193 http://archive.ubuntu.com/ubuntu jammy/main amd64 x11-utils amd64 7.7+5build2 [206 kB]\n#6 11.64 Get:194 http://archive.ubuntu.com/ubuntu jammy/main amd64 libatk-wrapper-java all 0.38.0-5build1 [53.1 kB]\n#6 11.66 Get:195 http://archive.ubuntu.com/ubuntu jammy/main amd64 libatk-wrapper-java-jni amd64 0.38.0-5build1 [49.0 kB]\n#6 11.68 Get:196 http://archive.ubuntu.com/ubuntu jammy-updates/main amd64 libpixman-1-0 amd64 0.40.0-1ubuntu0.22.04.1 [264 kB]\n#6 11.68 Get:197 http://archive.ubuntu.com/ubuntu jammy/main amd64 libxcb-render0 amd64 1.14-3ubuntu3 [16.4 kB]\n#6 11.68 Get:198 http://archive.ubuntu.com/ubuntu jammy/main amd64 libcairo2 amd64 1.16.0-5ubuntu2 [628 kB]\n#6 11.69 Get:199 http://archive.ubuntu.com/ubuntu jammy/main amd64 libdatrie1 amd64 0.2.13-2 [19.9 kB]\n#6 11.69 Get:200 http://archive.ubuntu.com/ubuntu jammy/main amd64 libogg0 amd64 1.3.5-0ubuntu3 [22.9 kB]\n#6 11.69 Get:201 http://archive.ubuntu.com/ubuntu jammy-updates/main amd64 libflac8 amd64 1.3.3-2ubuntu0.2 [111 kB]\n#6 11.69 Get:202 http://archive.ubuntu.com/ubuntu jammy-updates/main amd64 libgif7 amd64 5.1.9-2ubuntu0.1 [33.9 kB]\n#6 11.87 Get:203 http://archive.ubuntu.com/ubuntu jammy-updates/universe amd64 libgl1-mesa-glx amd64 23.0.4-0ubuntu1~22.04.1 [5584 B]\n#6 11.96 Get:204 http://archive.ubuntu.com/ubuntu jammy-updates/main amd64 libgtk2.0-common all 2.24.33-2ubuntu2.1 [125 kB]\n#6 12.20 Get:205 http://archive.ubuntu.com/ubuntu jammy/main amd64 libthai-data all 0.1.29-1build1 [162 kB]\n#6 12.31 Get:206 http://archive.ubuntu.com/ubuntu jammy/main amd64 libthai0 amd64 0.1.29-1build1 [19.2 kB]\n#6 12.31 Get:207 http://archive.ubuntu.com/ubuntu jammy-updates/main amd64 libpango-1.0-0 amd64 1.50.6+ds-2ubuntu1 [230 kB]\n#6 12.39 Get:208 http://archive.ubuntu.com/ubuntu jammy-updates/main amd64 libpangoft2-1.0-0 amd64 1.50.6+ds-2ubuntu1 [54.0 kB]\n#6 12.40 Get:209 http://archive.ubuntu.com/ubuntu jammy-updates/main amd64 libpangocairo-1.0-0 amd64 1.50.6+ds-2ubuntu1 [39.8 kB]\n#6 12.41 Get:210 http://archive.ubuntu.com/ubuntu jammy/main amd64 libxcursor1 amd64 1:1.2.0-2build4 [20.9 kB]\n#6 12.41 Get:211 http://archive.ubuntu.com/ubuntu jammy/main amd64 libxdamage1 amd64 1:1.1.5-2build2 [7154 B]\n#6 12.41 Get:212 http://archive.ubuntu.com/ubuntu jammy-updates/main amd64 libgtk2.0-0 amd64 2.24.33-2ubuntu2.1 [2038 kB]\n#6 12.59 Get:213 http://archive.ubuntu.com/ubuntu jammy/main amd64 libopus0 amd64 1.3.1-0.1build2 [203 kB]\n#6 12.60 Get:214 http://archive.ubuntu.com/ubuntu jammy/main amd64 libvorbis0a amd64 1.3.7-1build2 [99.2 kB]\n#6 12.60 Get:215 http://archive.ubuntu.com/ubuntu jammy/main amd64 libvorbisenc2 amd64 1.3.7-1build2 [82.6 kB]\n#6 12.60 Get:216 http://archive.ubuntu.com/ubuntu jammy-updates/main amd64 libsndfile1 amd64 1.0.31-2ubuntu0.2 [196 kB]\n#6 12.61 Get:217 http://archive.ubuntu.com/ubuntu jammy-updates/main amd64 libpulse0 amd64 1:15.99.1+dfsg1-1ubuntu2.2 [298 kB]\n#6 12.62 Get:218 http://archive.ubuntu.com/ubuntu jammy-updates/universe amd64 openjdk-8-jre amd64 8u452-ga~us1-0ubuntu1~22.04 [75.3 kB]\n#6 12.62 Get:219 http://archive.ubuntu.com/ubuntu jammy-updates/universe amd64 openjdk-8-jdk-headless amd64 8u452-ga~us1-0ubuntu1~22.04 [8878 kB]\n#6 12.87 Get:220 http://archive.ubuntu.com/ubuntu jammy-updates/universe amd64 openjdk-8-jdk amd64 8u452-ga~us1-0ubuntu1~22.04 [4039 kB]\n#6 12.99 Get:221 http://archive.ubuntu.com/ubuntu jammy-updates/main amd64 unzip amd64 6.0-26ubuntu3.2 [175 kB]\n#6 13.00 Get:222 http://archive.ubuntu.com/ubuntu jammy-updates/main amd64 zlib1g-dev amd64 1:1.2.11.dfsg-2ubuntu9.2 [164 kB]\n#6 13.18 debconf: delaying package configuration, since apt-utils is not installed\n#6 13.20 Fetched 249 MB in 8s (31.5 MB/s)\n#6 13.21 Selecting previously unselected package libpython3.10-minimal:amd64.\n#6 13.21 (Reading database ... \n(Reading database ... 5%\n(Reading database ... 10%\n(Reading database ... 15%\n(Reading database ... 20%\n(Reading database ... 25%\n(Reading database ... 30%\n(Reading database ... 35%\n(Reading database ... 40%\n(Reading database ... 45%\n(Reading database ... 50%\n(Reading database ... 55%\n(Reading database ... 60%\n(Reading database ... 65%\n(Reading database ... 70%\n(Reading database ... 75%\n(Reading database ... 80%\n(Reading database ... 85%\n(Reading database ... 90%\n(Reading database ... 95%\n(Reading database ... 100%\n(Reading database ... 4393 files and directories currently installed.)\n#6 13.21 Preparing to unpack .../libpython3.10-minimal_3.10.12-1~22.04.10_amd64.deb ...\n#6 13.22 Unpacking libpython3.10-minimal:amd64 (3.10.12-1~22.04.10) ...\n#6 13.26 Selecting previously unselected package libexpat1:amd64.\n#6 13.26 Preparing to unpack .../libexpat1_2.4.7-1ubuntu0.6_amd64.deb ...\n#6 13.27 Unpacking libexpat1:amd64 (2.4.7-1ubuntu0.6) ...\n#6 13.28 Selecting previously unselected package python3.10-minimal.\n#6 13.28 Preparing to unpack .../python3.10-minimal_3.10.12-1~22.04.10_amd64.deb ...\n#6 13.28 Unpacking python3.10-minimal (3.10.12-1~22.04.10) ...\n#6 13.32 Setting up libpython3.10-minimal:amd64 (3.10.12-1~22.04.10) ...\n#6 13.33 Setting up libexpat1:amd64 (2.4.7-1ubuntu0.6) ...\n#6 13.33 Setting up python3.10-minimal (3.10.12-1~22.04.10) ...\n#6 13.91 Selecting previously unselected package python3-minimal.\n#6 13.91 (Reading database ... \n(Reading database ... 5%\n(Reading database ... 10%\n(Reading database ... 15%\n(Reading database ... 20%\n(Reading database ... 25%\n(Reading database ... 30%\n(Reading database ... 35%\n(Reading database ... 40%\n(Reading database ... 45%\n(Reading database ... 50%\n(Reading database ... 55%\n(Reading database ... 60%\n(Reading database ... 65%\n(Reading database ... 70%\n(Reading database ... 75%\n(Reading database ... 80%\n(Reading database ... 85%\n(Reading database ... 90%\n(Reading database ... 95%\n(Reading database ... 100%\n(Reading database ... 4697 files and directories currently installed.)\n#6 13.92 Preparing to unpack .../0-python3-minimal_3.10.6-1~22.04.1_amd64.deb ...\n#6 13.92 Unpacking python3-minimal (3.10.6-1~22.04.1) ...\n#6 13.93 Selecting previously unselected package media-types.\n#6 13.93 Preparing to unpack .../1-media-types_7.0.0_all.deb ...\n#6 13.93 Unpacking media-types (7.0.0) ...\n#6 13.94 Selecting previously unselected package libmpdec3:amd64.\n#6 13.94 Preparing to unpack .../2-libmpdec3_2.5.1-2build2_amd64.deb ...\n#6 13.94 Unpacking libmpdec3:amd64 (2.5.1-2build2) ...\n#6 13.96 Selecting previously unselected package readline-common.\n#6 13.96 Preparing to unpack .../3-readline-common_8.1.2-1_all.deb ...\n#6 13.96 Unpacking readline-common (8.1.2-1) ...\n#6 13.97 Selecting previously unselected package libreadline8:amd64.\n#6 13.97 Preparing to unpack .../4-libreadline8_8.1.2-1_amd64.deb ...\n#6 13.97 Unpacking libreadline8:amd64 (8.1.2-1) ...\n#6 13.98 Selecting previously unselected package libsqlite3-0:amd64.\n#6 13.98 Preparing to unpack .../5-libsqlite3-0_3.37.2-2ubuntu0.4_amd64.deb ...\n#6 13.98 Unpacking libsqlite3-0:amd64 (3.37.2-2ubuntu0.4) ...\n#6 14.00 Selecting previously unselected package libpython3.10-stdlib:amd64.\n#6 14.00 Preparing to unpack .../6-libpython3.10-stdlib_3.10.12-1~22.04.10_amd64.deb ...\n#6 14.00 Unpacking libpython3.10-stdlib:amd64 (3.10.12-1~22.04.10) ...\n#6 14.06 Selecting previously unselected package python3.10.\n#6 14.06 Preparing to unpack .../7-python3.10_3.10.12-1~22.04.10_amd64.deb ...\n#6 14.06 Unpacking python3.10 (3.10.12-1~22.04.10) ...\n#6 14.07 Selecting previously unselected package libpython3-stdlib:amd64.\n#6 14.07 Preparing to unpack .../8-libpython3-stdlib_3.10.6-1~22.04.1_amd64.deb ...\n#6 14.07 Unpacking libpython3-stdlib:amd64 (3.10.6-1~22.04.1) ...\n#6 14.09 Setting up python3-minimal (3.10.6-1~22.04.1) ...\n#6 14.24 Selecting previously unselected package python3.\n#6 14.24 (Reading database ... \n(Reading database ... 5%\n(Reading database ... 10%\n(Reading database ... 15%\n(Reading database ... 20%\n(Reading database ... 25%\n(Reading database ... 30%\n(Reading database ... 35%\n(Reading database ... 40%\n(Reading database ... 45%\n(Reading database ... 50%\n(Reading database ... 55%\n(Reading database ... 60%\n(Reading database ... 65%\n(Reading database ... 70%\n(Reading database ... 75%\n(Reading database ... 80%\n(Reading database ... 85%\n(Reading database ... 90%\n(Reading database ... 95%\n(Reading database ... 100%\n(Reading database ... 5127 files and directories currently installed.)\n#6 14.24 Preparing to unpack .../000-python3_3.10.6-1~22.04.1_amd64.deb ...\n#6 14.24 Unpacking python3 (3.10.6-1~22.04.1) ...\n#6 14.25 Selecting previously unselected package perl-modules-5.34.\n#6 14.25 Preparing to unpack .../001-perl-modules-5.34_5.34.0-3ubuntu1.4_all.deb ...\n#6 14.25 Unpacking perl-modules-5.34 (5.34.0-3ubuntu1.4) ...\n#6 14.42 Selecting previously unselected package libgdbm6:amd64.\n#6 14.42 Preparing to unpack .../002-libgdbm6_1.23-1_amd64.deb ...\n#6 14.42 Unpacking libgdbm6:amd64 (1.23-1) ...\n#6 14.44 Selecting previously unselected package libgdbm-compat4:amd64.\n#6 14.44 Preparing to unpack .../003-libgdbm-compat4_1.23-1_amd64.deb ...\n#6 14.44 Unpacking libgdbm-compat4:amd64 (1.23-1) ...\n#6 14.45 Selecting previously unselected package libperl5.34:amd64.\n#6 14.45 Preparing to unpack .../004-libperl5.34_5.34.0-3ubuntu1.4_amd64.deb ...\n#6 14.45 Unpacking libperl5.34:amd64 (5.34.0-3ubuntu1.4) ...\n#6 14.58 Selecting previously unselected package perl.\n#6 14.59 Preparing to unpack .../005-perl_5.34.0-3ubuntu1.4_amd64.deb ...\n#6 14.59 Unpacking perl (5.34.0-3ubuntu1.4) ...\n#6 14.61 Selecting previously unselected package openssl.\n#6 14.61 Preparing to unpack .../006-openssl_3.0.2-0ubuntu1.19_amd64.deb ...\n#6 14.61 Unpacking openssl (3.0.2-0ubuntu1.19) ...\n#6 14.63 Selecting previously unselected package ca-certificates.\n#6 14.63 Preparing to unpack .../007-ca-certificates_20240203~22.04.1_all.deb ...\n#6 14.63 Unpacking ca-certificates (20240203~22.04.1) ...\n#6 14.66 Selecting previously unselected package libapparmor1:amd64.\n#6 14.66 Preparing to unpack .../008-libapparmor1_3.0.4-2ubuntu2.4_amd64.deb ...\n#6 14.66 Unpacking libapparmor1:amd64 (3.0.4-2ubuntu2.4) ...\n#6 14.67 Selecting previously unselected package libmd0:amd64.\n#6 14.67 Preparing to unpack .../009-libmd0_1.0.4-1build1_amd64.deb ...\n#6 14.67 Unpacking libmd0:amd64 (1.0.4-1build1) ...\n#6 14.68 Selecting previously unselected package libbsd0:amd64.\n#6 14.68 Preparing to unpack .../010-libbsd0_0.11.5-1_amd64.deb ...\n#6 14.69 Unpacking libbsd0:amd64 (0.11.5-1) ...\n#6 14.70 Selecting previously unselected package libdbus-1-3:amd64.\n#6 14.70 Preparing to unpack .../011-libdbus-1-3_1.12.20-2ubuntu4.1_amd64.deb ...\n#6 14.70 Unpacking libdbus-1-3:amd64 (1.12.20-2ubuntu4.1) ...\n#6 14.71 Selecting previously unselected package libelf1:amd64.\n#6 14.71 Preparing to unpack .../012-libelf1_0.186-1ubuntu0.1_amd64.deb ...\n#6 14.71 Unpacking libelf1:amd64 (0.186-1ubuntu0.1) ...\n#6 14.72 Selecting previously unselected package libfribidi0:amd64.\n#6 14.72 Preparing to unpack .../013-libfribidi0_1.0.8-2ubuntu3.1_amd64.deb ...\n#6 14.73 Unpacking libfribidi0:amd64 (1.0.8-2ubuntu3.1) ...\n#6 14.74 Selecting previously unselected package libglib2.0-0:amd64.\n#6 14.74 Preparing to unpack .../014-libglib2.0-0_2.72.4-0ubuntu2.5_amd64.deb ...\n#6 14.74 Unpacking libglib2.0-0:amd64 (2.72.4-0ubuntu2.5) ...\n#6 14.76 Selecting previously unselected package libicu70:amd64.\n#6 14.77 Preparing to unpack .../015-libicu70_70.1-2_amd64.deb ...\n#6 14.77 Unpacking libicu70:amd64 (70.1-2) ...\n#6 14.90 Selecting previously unselected package libxml2:amd64.\n#6 14.90 Preparing to unpack .../016-libxml2_2.9.13+dfsg-1ubuntu0.7_amd64.deb ...\n#6 14.90 Unpacking libxml2:amd64 (2.9.13+dfsg-1ubuntu0.7) ...\n#6 14.92 Selecting previously unselected package shared-mime-info.\n#6 14.93 Preparing to unpack .../017-shared-mime-info_2.1-2_amd64.deb ...\n#6 14.93 Unpacking shared-mime-info (2.1-2) ...\n#6 14.95 Selecting previously unselected package ucf.\n#6 14.95 Preparing to unpack .../018-ucf_3.0043_all.deb ...\n#6 14.95 Moving old data out of the way\n#6 14.95 Unpacking ucf (3.0043) ...\n#6 14.96 Selecting previously unselected package libdrm-common.\n#6 14.96 Preparing to unpack .../019-libdrm-common_2.4.113-2~ubuntu0.22.04.1_all.deb ...\n#6 14.97 Unpacking libdrm-common (2.4.113-2~ubuntu0.22.04.1) ...\n#6 14.98 Selecting previously unselected package libdrm2:amd64.\n#6 14.98 Preparing to unpack .../020-libdrm2_2.4.113-2~ubuntu0.22.04.1_amd64.deb ...\n#6 14.98 Unpacking libdrm2:amd64 (2.4.113-2~ubuntu0.22.04.1) ...\n#6 14.99 Selecting previously unselected package libedit2:amd64.\n#6 14.99 Preparing to unpack .../021-libedit2_3.1-20210910-1build1_amd64.deb ...\n#6 14.99 Unpacking libedit2:amd64 (3.1-20210910-1build1) ...\n#6 15.00 Selecting previously unselected package libnghttp2-14:amd64.\n#6 15.00 Preparing to unpack .../022-libnghttp2-14_1.43.0-1ubuntu0.2_amd64.deb ...\n#6 15.00 Unpacking libnghttp2-14:amd64 (1.43.0-1ubuntu0.2) ...\n#6 15.01 Selecting previously unselected package libpng16-16:amd64.\n#6 15.01 Preparing to unpack .../023-libpng16-16_1.6.37-3build5_amd64.deb ...\n#6 15.01 Unpacking libpng16-16:amd64 (1.6.37-3build5) ...\n#6 15.03 Selecting previously unselected package libpsl5:amd64.\n#6 15.03 Preparing to unpack .../024-libpsl5_0.21.0-1.2build2_amd64.deb ...\n#6 15.03 Unpacking libpsl5:amd64 (0.21.0-1.2build2) ...\n#6 15.04 Selecting previously unselected package libuv1:amd64.\n#6 15.04 Preparing to unpack .../025-libuv1_1.43.0-1ubuntu0.1_amd64.deb ...\n#6 15.04 Unpacking libuv1:amd64 (1.43.0-1ubuntu0.1) ...\n#6 15.05 Selecting previously unselected package libxau6:amd64.\n#6 15.05 Preparing to unpack .../026-libxau6_1%3a1.0.9-1build5_amd64.deb ...\n#6 15.06 Unpacking libxau6:amd64 (1:1.0.9-1build5) ...\n#6 15.07 Selecting previously unselected package libxdmcp6:amd64.\n#6 15.07 Preparing to unpack .../027-libxdmcp6_1%3a1.1.3-0ubuntu5_amd64.deb ...\n#6 15.07 Unpacking libxdmcp6:amd64 (1:1.1.3-0ubuntu5) ...\n#6 15.08 Selecting previously unselected package libxcb1:amd64.\n#6 15.08 Preparing to unpack .../028-libxcb1_1.14-3ubuntu3_amd64.deb ...\n#6 15.08 Unpacking libxcb1:amd64 (1.14-3ubuntu3) ...\n#6 15.09 Selecting previously unselected package libx11-data.\n#6 15.09 Preparing to unpack .../029-libx11-data_2%3a1.7.5-1ubuntu0.3_all.deb ...\n#6 15.09 Unpacking libx11-data (2:1.7.5-1ubuntu0.3) ...\n#6 15.13 Selecting previously unselected package libx11-6:amd64.\n#6 15.13 Preparing to unpack .../030-libx11-6_2%3a1.7.5-1ubuntu0.3_amd64.deb ...\n#6 15.13 Unpacking libx11-6:amd64 (2:1.7.5-1ubuntu0.3) ...\n#6 15.14 Selecting previously unselected package libxext6:amd64.\n#6 15.15 Preparing to unpack .../031-libxext6_2%3a1.3.4-1build1_amd64.deb ...\n#6 15.15 Unpacking libxext6:amd64 (2:1.3.4-1build1) ...\n#6 15.16 Selecting previously unselected package libxmuu1:amd64.\n#6 15.16 Preparing to unpack .../032-libxmuu1_2%3a1.1.3-3_amd64.deb ...\n#6 15.16 Unpacking libxmuu1:amd64 (2:1.1.3-3) ...\n#6 15.17 Selecting previously unselected package wget.\n#6 15.17 Preparing to unpack .../033-wget_1.21.2-2ubuntu1.1_amd64.deb ...\n#6 15.17 Unpacking wget (1.21.2-2ubuntu1.1) ...\n#6 15.18 Selecting previously unselected package xz-utils.\n#6 15.18 Preparing to unpack .../034-xz-utils_5.2.5-2ubuntu1_amd64.deb ...\n#6 15.18 Unpacking xz-utils (5.2.5-2ubuntu1) ...\n#6 15.20 Selecting previously unselected package hicolor-icon-theme.\n#6 15.20 Preparing to unpack .../035-hicolor-icon-theme_0.17-2_all.deb ...\n#6 15.20 Unpacking hicolor-icon-theme (0.17-2) ...\n#6 15.24 Selecting previously unselected package libgdk-pixbuf2.0-common.\n#6 15.24 Preparing to unpack .../036-libgdk-pixbuf2.0-common_2.42.8+dfsg-1ubuntu0.3_all.deb ...\n#6 15.24 Unpacking libgdk-pixbuf2.0-common (2.42.8+dfsg-1ubuntu0.3) ...\n#6 15.25 Selecting previously unselected package libjpeg-turbo8:amd64.\n#6 15.25 Preparing to unpack .../037-libjpeg-turbo8_2.1.2-0ubuntu1_amd64.deb ...\n#6 15.25 Unpacking libjpeg-turbo8:amd64 (2.1.2-0ubuntu1) ...\n#6 15.27 Selecting previously unselected package libjpeg8:amd64.\n#6 15.27 Preparing to unpack .../038-libjpeg8_8c-2ubuntu10_amd64.deb ...\n#6 15.27 Unpacking libjpeg8:amd64 (8c-2ubuntu10) ...\n#6 15.28 Selecting previously unselected package libdeflate0:amd64.\n#6 15.28 Preparing to unpack .../039-libdeflate0_1.10-2_amd64.deb ...\n#6 15.28 Unpacking libdeflate0:amd64 (1.10-2) ...\n#6 15.29 Selecting previously unselected package libjbig0:amd64.\n#6 15.29 Preparing to unpack .../040-libjbig0_2.1-3.1ubuntu0.22.04.1_amd64.deb ...\n#6 15.30 Unpacking libjbig0:amd64 (2.1-3.1ubuntu0.22.04.1) ...\n#6 15.32 Selecting previously unselected package libwebp7:amd64.\n#6 15.32 Preparing to unpack .../041-libwebp7_1.2.2-2ubuntu0.22.04.2_amd64.deb ...\n#6 15.32 Unpacking libwebp7:amd64 (1.2.2-2ubuntu0.22.04.2) ...\n#6 15.34 Selecting previously unselected package libtiff5:amd64.\n#6 15.34 Preparing to unpack .../042-libtiff5_4.3.0-6ubuntu0.10_amd64.deb ...\n#6 15.34 Unpacking libtiff5:amd64 (4.3.0-6ubuntu0.10) ...\n#6 15.35 Selecting previously unselected package libgdk-pixbuf-2.0-0:amd64.\n#6 15.35 Preparing to unpack .../043-libgdk-pixbuf-2.0-0_2.42.8+dfsg-1ubuntu0.3_amd64.deb ...\n#6 15.35 Unpacking libgdk-pixbuf-2.0-0:amd64 (2.42.8+dfsg-1ubuntu0.3) ...\n#6 15.37 Selecting previously unselected package gtk-update-icon-cache.\n#6 15.37 Preparing to unpack .../044-gtk-update-icon-cache_3.24.33-1ubuntu2.2_amd64.deb ...\n#6 15.37 Unpacking gtk-update-icon-cache (3.24.33-1ubuntu2.2) ...\n#6 15.38 Selecting previously unselected package humanity-icon-theme.\n#6 15.38 Preparing to unpack .../045-humanity-icon-theme_0.6.16_all.deb ...\n#6 15.38 Unpacking humanity-icon-theme (0.6.16) ...\n#6 15.96 Selecting previously unselected package ubuntu-mono.\n#6 15.96 Preparing to unpack .../046-ubuntu-mono_20.10-0ubuntu2_all.deb ...\n#6 15.96 Unpacking ubuntu-mono (20.10-0ubuntu2) ...\n#6 16.22 Selecting previously unselected package adwaita-icon-theme.\n#6 16.22 Preparing to unpack .../047-adwaita-icon-theme_41.0-1ubuntu1_all.deb ...\n#6 16.22 Unpacking adwaita-icon-theme (41.0-1ubuntu1) ...\n#6 16.39 Selecting previously unselected package java-common.\n#6 16.39 Preparing to unpack .../048-java-common_0.72build2_all.deb ...\n#6 16.39 Unpacking java-common (0.72build2) ...\n#6 16.41 Selecting previously unselected package libavahi-common-data:amd64.\n#6 16.41 Preparing to unpack .../049-libavahi-common-data_0.8-5ubuntu5.2_amd64.deb ...\n#6 16.41 Unpacking libavahi-common-data:amd64 (0.8-5ubuntu5.2) ...\n#6 16.42 Selecting previously unselected package libavahi-common3:amd64.\n#6 16.42 Preparing to unpack .../050-libavahi-common3_0.8-5ubuntu5.2_amd64.deb ...\n#6 16.43 Unpacking libavahi-common3:amd64 (0.8-5ubuntu5.2) ...\n#6 16.44 Selecting previously unselected package libavahi-client3:amd64.\n#6 16.44 Preparing to unpack .../051-libavahi-client3_0.8-5ubuntu5.2_amd64.deb ...\n#6 16.44 Unpacking libavahi-client3:amd64 (0.8-5ubuntu5.2) ...\n#6 16.45 Selecting previously unselected package libcups2:amd64.\n#6 16.45 Preparing to unpack .../052-libcups2_2.4.1op1-1ubuntu4.11_amd64.deb ...\n#6 16.45 Unpacking libcups2:amd64 (2.4.1op1-1ubuntu4.11) ...\n#6 16.47 Selecting previously unselected package liblcms2-2:amd64.\n#6 16.47 Preparing to unpack .../053-liblcms2-2_2.12~rc1-2build2_amd64.deb ...\n#6 16.47 Unpacking liblcms2-2:amd64 (2.12~rc1-2build2) ...\n#6 16.48 Selecting previously unselected package libbrotli1:amd64.\n#6 16.48 Preparing to unpack .../054-libbrotli1_1.0.9-2build6_amd64.deb ...\n#6 16.48 Unpacking libbrotli1:amd64 (1.0.9-2build6) ...\n#6 16.50 Selecting previously unselected package libfreetype6:amd64.\n#6 16.50 Preparing to unpack .../055-libfreetype6_2.11.1+dfsg-1ubuntu0.3_amd64.deb ...\n#6 16.50 Unpacking libfreetype6:amd64 (2.11.1+dfsg-1ubuntu0.3) ...\n#6 16.52 Selecting previously unselected package fonts-dejavu-core.\n#6 16.52 Preparing to unpack .../056-fonts-dejavu-core_2.37-2build1_all.deb ...\n#6 16.52 Unpacking fonts-dejavu-core (2.37-2build1) ...\n#6 16.62 Selecting previously unselected package fontconfig-config.\n#6 16.62 Preparing to unpack .../057-fontconfig-config_2.13.1-4.2ubuntu5_all.deb ...\n#6 16.62 Unpacking fontconfig-config (2.13.1-4.2ubuntu5) ...\n#6 16.63 Selecting previously unselected package libfontconfig1:amd64.\n#6 16.63 Preparing to unpack .../058-libfontconfig1_2.13.1-4.2ubuntu5_amd64.deb ...\n#6 16.63 Unpacking libfontconfig1:amd64 (2.13.1-4.2ubuntu5) ...\n#6 16.65 Selecting previously unselected package libnspr4:amd64.\n#6 16.65 Preparing to unpack .../059-libnspr4_2%3a4.35-0ubuntu0.22.04.1_amd64.deb ...\n#6 16.65 Unpacking libnspr4:amd64 (2:4.35-0ubuntu0.22.04.1) ...\n#6 16.66 Selecting previously unselected package libnss3:amd64.\n#6 16.66 Preparing to unpack .../060-libnss3_2%3a3.98-0ubuntu0.22.04.2_amd64.deb ...\n#6 16.67 Unpacking libnss3:amd64 (2:3.98-0ubuntu0.22.04.2) ...\n#6 16.78 Selecting previously unselected package libpcsclite1:amd64.\n#6 16.79 Preparing to unpack .../061-libpcsclite1_1.9.5-3ubuntu1_amd64.deb ...\n#6 16.79 Unpacking libpcsclite1:amd64 (1.9.5-3ubuntu1) ...\n#6 16.80 Selecting previously unselected package libxi6:amd64.\n#6 16.80 Preparing to unpack .../062-libxi6_2%3a1.8-1build1_amd64.deb ...\n#6 16.80 Unpacking libxi6:amd64 (2:1.8-1build1) ...\n#6 16.81 Selecting previously unselected package libxrender1:amd64.\n#6 16.81 Preparing to unpack .../063-libxrender1_1%3a0.9.10-1build4_amd64.deb ...\n#6 16.81 Unpacking libxrender1:amd64 (1:0.9.10-1build4) ...\n#6 16.83 Selecting previously unselected package x11-common.\n#6 16.83 Preparing to unpack .../064-x11-common_1%3a7.7+23ubuntu2_all.deb ...\n#6 16.83 Unpacking x11-common (1:7.7+23ubuntu2) ...\n#6 16.84 Selecting previously unselected package libxtst6:amd64.\n#6 16.84 Preparing to unpack .../065-libxtst6_2%3a1.2.3-1build4_amd64.deb ...\n#6 16.85 Unpacking libxtst6:amd64 (2:1.2.3-1build4) ...\n#6 16.86 Selecting previously unselected package openjdk-8-jre-headless:amd64.\n#6 16.86 Preparing to unpack .../066-openjdk-8-jre-headless_8u452-ga~us1-0ubuntu1~22.04_amd64.deb ...\n#6 16.86 Unpacking openjdk-8-jre-headless:amd64 (8u452-ga~us1-0ubuntu1~22.04) ...\n#6 17.21 Selecting previously unselected package ca-certificates-java.\n#6 17.21 Preparing to unpack .../067-ca-certificates-java_20190909ubuntu1.2_all.deb ...\n#6 17.21 Unpacking ca-certificates-java (20190909ubuntu1.2) ...\n#6 17.23 Selecting previously unselected package libasound2-data.\n#6 17.23 Preparing to unpack .../068-libasound2-data_1.2.6.1-1ubuntu1_all.deb ...\n#6 17.23 Unpacking libasound2-data (1.2.6.1-1ubuntu1) ...\n#6 17.25 Selecting previously unselected package libasound2:amd64.\n#6 17.25 Preparing to unpack .../069-libasound2_1.2.6.1-1ubuntu1_amd64.deb ...\n#6 17.25 Unpacking libasound2:amd64 (1.2.6.1-1ubuntu1) ...\n#6 17.27 Selecting previously unselected package libgraphite2-3:amd64.\n#6 17.27 Preparing to unpack .../070-libgraphite2-3_1.3.14-1build2_amd64.deb ...\n#6 17.27 Unpacking libgraphite2-3:amd64 (1.3.14-1build2) ...\n#6 17.28 Selecting previously unselected package libharfbuzz0b:amd64.\n#6 17.28 Preparing to unpack .../071-libharfbuzz0b_2.7.4-1ubuntu3.2_amd64.deb ...\n#6 17.28 Unpacking libharfbuzz0b:amd64 (2.7.4-1ubuntu3.2) ...\n#6 17.30 Selecting previously unselected package openjdk-11-jre-headless:amd64.\n#6 17.30 Preparing to unpack .../072-openjdk-11-jre-headless_11.0.27+6~us1-0ubuntu1~22.04_amd64.deb ...\n#6 17.30 Unpacking openjdk-11-jre-headless:amd64 (11.0.27+6~us1-0ubuntu1~22.04) ...\n#6 18.11 Selecting previously unselected package default-jre-headless.\n#6 18.11 Preparing to unpack .../073-default-jre-headless_2%3a1.11-72build2_amd64.deb ...\n#6 18.11 Unpacking default-jre-headless (2:1.11-72build2) ...\n#6 18.12 Selecting previously unselected package ant.\n#6 18.12 Preparing to unpack .../074-ant_1.10.12-1_all.deb ...\n#6 18.12 Unpacking ant (1.10.12-1) ...\n#6 18.15 Selecting previously unselected package binutils-common:amd64.\n#6 18.15 Preparing to unpack .../075-binutils-common_2.38-4ubuntu2.8_amd64.deb ...\n#6 18.15 Unpacking binutils-common:amd64 (2.38-4ubuntu2.8) ...\n#6 18.17 Selecting previously unselected package libbinutils:amd64.\n#6 18.17 Preparing to unpack .../076-libbinutils_2.38-4ubuntu2.8_amd64.deb ...\n#6 18.17 Unpacking libbinutils:amd64 (2.38-4ubuntu2.8) ...\n#6 18.19 Selecting previously unselected package libctf-nobfd0:amd64.\n#6 18.19 Preparing to unpack .../077-libctf-nobfd0_2.38-4ubuntu2.8_amd64.deb ...\n#6 18.19 Unpacking libctf-nobfd0:amd64 (2.38-4ubuntu2.8) ...\n#6 18.21 Selecting previously unselected package libctf0:amd64.\n#6 18.21 Preparing to unpack .../078-libctf0_2.38-4ubuntu2.8_amd64.deb ...\n#6 18.21 Unpacking libctf0:amd64 (2.38-4ubuntu2.8) ...\n#6 18.22 Selecting previously unselected package binutils-x86-64-linux-gnu.\n#6 18.22 Preparing to unpack .../079-binutils-x86-64-linux-gnu_2.38-4ubuntu2.8_amd64.deb ...\n#6 18.22 Unpacking binutils-x86-64-linux-gnu (2.38-4ubuntu2.8) ...\n#6 18.29 Selecting previously unselected package binutils.\n#6 18.29 Preparing to unpack .../080-binutils_2.38-4ubuntu2.8_amd64.deb ...\n#6 18.29 Unpacking binutils (2.38-4ubuntu2.8) ...\n#6 18.31 Selecting previously unselected package libc-dev-bin.\n#6 18.31 Preparing to unpack .../081-libc-dev-bin_2.35-0ubuntu3.10_amd64.deb ...\n#6 18.31 Unpacking libc-dev-bin (2.35-0ubuntu3.10) ...\n#6 18.32 Selecting previously unselected package linux-libc-dev:amd64.\n#6 18.32 Preparing to unpack .../082-linux-libc-dev_5.15.0-144.157_amd64.deb ...\n#6 18.32 Unpacking linux-libc-dev:amd64 (5.15.0-144.157) ...\n#6 18.42 Selecting previously unselected package libcrypt-dev:amd64.\n#6 18.43 Preparing to unpack .../083-libcrypt-dev_1%3a4.4.27-1_amd64.deb ...\n#6 18.43 Unpacking libcrypt-dev:amd64 (1:4.4.27-1) ...\n#6 18.45 Selecting previously unselected package rpcsvc-proto.\n#6 18.45 Preparing to unpack .../084-rpcsvc-proto_1.4.2-0ubuntu6_amd64.deb ...\n#6 18.45 Unpacking rpcsvc-proto (1.4.2-0ubuntu6) ...\n#6 18.46 Selecting previously unselected package libtirpc-dev:amd64.\n#6 18.46 Preparing to unpack .../085-libtirpc-dev_1.3.2-2ubuntu0.1_amd64.deb ...\n#6 18.46 Unpacking libtirpc-dev:amd64 (1.3.2-2ubuntu0.1) ...\n#6 18.48 Selecting previously unselected package libnsl-dev:amd64.\n#6 18.48 Preparing to unpack .../086-libnsl-dev_1.3.0-2build2_amd64.deb ...\n#6 18.48 Unpacking libnsl-dev:amd64 (1.3.0-2build2) ...\n#6 18.50 Selecting previously unselected package libc6-dev:amd64.\n#6 18.50 Preparing to unpack .../087-libc6-dev_2.35-0ubuntu3.10_amd64.deb ...\n#6 18.50 Unpacking libc6-dev:amd64 (2.35-0ubuntu3.10) ...\n#6 18.58 Selecting previously unselected package gcc-11-base:amd64.\n#6 18.59 Preparing to unpack .../088-gcc-11-base_11.4.0-1ubuntu1~22.04_amd64.deb ...\n#6 18.59 Unpacking gcc-11-base:amd64 (11.4.0-1ubuntu1~22.04) ...\n#6 18.60 Selecting previously unselected package libisl23:amd64.\n#6 18.60 Preparing to unpack .../089-libisl23_0.24-2build1_amd64.deb ...\n#6 18.60 Unpacking libisl23:amd64 (0.24-2build1) ...\n#6 18.62 Selecting previously unselected package libmpfr6:amd64.\n#6 18.62 Preparing to unpack .../090-libmpfr6_4.1.0-3build3_amd64.deb ...\n#6 18.62 Unpacking libmpfr6:amd64 (4.1.0-3build3) ...\n#6 18.64 Selecting previously unselected package libmpc3:amd64.\n#6 18.65 Preparing to unpack .../091-libmpc3_1.2.1-2build1_amd64.deb ...\n#6 18.65 Unpacking libmpc3:amd64 (1.2.1-2build1) ...\n#6 18.66 Selecting previously unselected package cpp-11.\n#6 18.66 Preparing to unpack .../092-cpp-11_11.4.0-1ubuntu1~22.04_amd64.deb ...\n#6 18.66 Unpacking cpp-11 (11.4.0-1ubuntu1~22.04) ...\n#6 18.77 Selecting previously unselected package cpp.\n#6 18.77 Preparing to unpack .../093-cpp_4%3a11.2.0-1ubuntu1_amd64.deb ...\n#6 18.77 Unpacking cpp (4:11.2.0-1ubuntu1) ...\n#6 18.78 Selecting previously unselected package libcc1-0:amd64.\n#6 18.79 Preparing to unpack .../094-libcc1-0_12.3.0-1ubuntu1~22.04_amd64.deb ...\n#6 18.79 Unpacking libcc1-0:amd64 (12.3.0-1ubuntu1~22.04) ...\n#6 18.80 Selecting previously unselected package libgomp1:amd64.\n#6 18.80 Preparing to unpack .../095-libgomp1_12.3.0-1ubuntu1~22.04_amd64.deb ...\n#6 18.80 Unpacking libgomp1:amd64 (12.3.0-1ubuntu1~22.04) ...\n#6 18.82 Selecting previously unselected package libitm1:amd64.\n#6 18.82 Preparing to unpack .../096-libitm1_12.3.0-1ubuntu1~22.04_amd64.deb ...\n#6 18.82 Unpacking libitm1:amd64 (12.3.0-1ubuntu1~22.04) ...\n#6 18.83 Selecting previously unselected package libatomic1:amd64.\n#6 18.83 Preparing to unpack .../097-libatomic1_12.3.0-1ubuntu1~22.04_amd64.deb ...\n#6 18.83 Unpacking libatomic1:amd64 (12.3.0-1ubuntu1~22.04) ...\n#6 18.84 Selecting previously unselected package libasan6:amd64.\n#6 18.85 Preparing to unpack .../098-libasan6_11.4.0-1ubuntu1~22.04_amd64.deb ...\n#6 18.85 Unpacking libasan6:amd64 (11.4.0-1ubuntu1~22.04) ...\n#6 18.89 Selecting previously unselected package liblsan0:amd64.\n#6 18.89 Preparing to unpack .../099-liblsan0_12.3.0-1ubuntu1~22.04_amd64.deb ...\n#6 18.89 Unpacking liblsan0:amd64 (12.3.0-1ubuntu1~22.04) ...\n#6 18.92 Selecting previously unselected package libtsan0:amd64.\n#6 18.92 Preparing to unpack .../100-libtsan0_11.4.0-1ubuntu1~22.04_amd64.deb ...\n#6 18.92 Unpacking libtsan0:amd64 (11.4.0-1ubuntu1~22.04) ...\n#6 18.96 Selecting previously unselected package libubsan1:amd64.\n#6 18.96 Preparing to unpack .../101-libubsan1_12.3.0-1ubuntu1~22.04_amd64.deb ...\n#6 18.96 Unpacking libubsan1:amd64 (12.3.0-1ubuntu1~22.04) ...\n#6 18.99 Selecting previously unselected package libquadmath0:amd64.\n#6 18.99 Preparing to unpack .../102-libquadmath0_12.3.0-1ubuntu1~22.04_amd64.deb ...\n#6 18.99 Unpacking libquadmath0:amd64 (12.3.0-1ubuntu1~22.04) ...\n#6 19.00 Selecting previously unselected package libgcc-11-dev:amd64.\n#6 19.00 Preparing to unpack .../103-libgcc-11-dev_11.4.0-1ubuntu1~22.04_amd64.deb ...\n#6 19.00 Unpacking libgcc-11-dev:amd64 (11.4.0-1ubuntu1~22.04) ...\n#6 19.07 Selecting previously unselected package gcc-11.\n#6 19.07 Preparing to unpack .../104-gcc-11_11.4.0-1ubuntu1~22.04_amd64.deb ...\n#6 19.07 Unpacking gcc-11 (11.4.0-1ubuntu1~22.04) ...\n#6 19.30 Selecting previously unselected package gcc.\n#6 19.30 Preparing to unpack .../105-gcc_4%3a11.2.0-1ubuntu1_amd64.deb ...\n#6 19.30 Unpacking gcc (4:11.2.0-1ubuntu1) ...\n#6 19.32 Selecting previously unselected package libstdc++-11-dev:amd64.\n#6 19.32 Preparing to unpack .../106-libstdc++-11-dev_11.4.0-1ubuntu1~22.04_amd64.deb ...\n#6 19.32 Unpacking libstdc++-11-dev:amd64 (11.4.0-1ubuntu1~22.04) ...\n#6 19.44 Selecting previously unselected package g++-11.\n#6 19.44 Preparing to unpack .../107-g++-11_11.4.0-1ubuntu1~22.04_amd64.deb ...\n#6 19.44 Unpacking g++-11 (11.4.0-1ubuntu1~22.04) ...\n#6 19.58 Selecting previously unselected package g++.\n#6 19.58 Preparing to unpack .../108-g++_4%3a11.2.0-1ubuntu1_amd64.deb ...\n#6 19.58 Unpacking g++ (4:11.2.0-1ubuntu1) ...\n#6 19.59 Selecting previously unselected package make.\n#6 19.59 Preparing to unpack .../109-make_4.3-4.1build1_amd64.deb ...\n#6 19.59 Unpacking make (4.3-4.1build1) ...\n#6 19.61 Selecting previously unselected package libdpkg-perl.\n#6 19.61 Preparing to unpack .../110-libdpkg-perl_1.21.1ubuntu2.3_all.deb ...\n#6 19.61 Unpacking libdpkg-perl (1.21.1ubuntu2.3) ...\n#6 19.63 Selecting previously unselected package bzip2.\n#6 19.63 Preparing to unpack .../111-bzip2_1.0.8-5build1_amd64.deb ...\n#6 19.63 Unpacking bzip2 (1.0.8-5build1) ...\n#6 19.64 Selecting previously unselected package patch.\n#6 19.64 Preparing to unpack .../112-patch_2.7.6-7build2_amd64.deb ...\n#6 19.65 Unpacking patch (2.7.6-7build2) ...\n#6 19.66 Selecting previously unselected package lto-disabled-list.\n#6 19.66 Preparing to unpack .../113-lto-disabled-list_24_all.deb ...\n#6 19.66 Unpacking lto-disabled-list (24) ...\n#6 19.67 Selecting previously unselected package dpkg-dev.\n#6 19.67 Preparing to unpack .../114-dpkg-dev_1.21.1ubuntu2.3_all.deb ...\n#6 19.67 Unpacking dpkg-dev (1.21.1ubuntu2.3) ...\n#6 19.69 Selecting previously unselected package build-essential.\n#6 19.70 Preparing to unpack .../115-build-essential_12.9ubuntu3_amd64.deb ...\n#6 19.70 Unpacking build-essential (12.9ubuntu3) ...\n#6 19.71 Selecting previously unselected package libarchive13:amd64.\n#6 19.71 Preparing to unpack .../116-libarchive13_3.6.0-1ubuntu1.5_amd64.deb ...\n#6 19.71 Unpacking libarchive13:amd64 (3.6.0-1ubuntu1.5) ...\n#6 19.72 Selecting previously unselected package libsasl2-modules-db:amd64.\n#6 19.72 Preparing to unpack .../117-libsasl2-modules-db_2.1.27+dfsg2-3ubuntu1.2_amd64.deb ...\n#6 19.73 Unpacking libsasl2-modules-db:amd64 (2.1.27+dfsg2-3ubuntu1.2) ...\n#6 19.74 Selecting previously unselected package libsasl2-2:amd64.\n#6 19.74 Preparing to unpack .../118-libsasl2-2_2.1.27+dfsg2-3ubuntu1.2_amd64.deb ...\n#6 19.74 Unpacking libsasl2-2:amd64 (2.1.27+dfsg2-3ubuntu1.2) ...\n#6 19.75 Selecting previously unselected package libldap-2.5-0:amd64.\n#6 19.75 Preparing to unpack .../119-libldap-2.5-0_2.5.19+dfsg-0ubuntu0.22.04.1_amd64.deb ...\n#6 19.75 Unpacking libldap-2.5-0:amd64 (2.5.19+dfsg-0ubuntu0.22.04.1) ...\n#6 19.77 Selecting previously unselected package librtmp1:amd64.\n#6 19.77 Preparing to unpack .../120-librtmp1_2.4+20151223.gitfa8646d.1-2build4_amd64.deb ...\n#6 19.77 Unpacking librtmp1:amd64 (2.4+20151223.gitfa8646d.1-2build4) ...\n#6 19.78 Selecting previously unselected package libssh-4:amd64.\n#6 19.78 Preparing to unpack .../121-libssh-4_0.9.6-2ubuntu0.22.04.4_amd64.deb ...\n#6 19.78 Unpacking libssh-4:amd64 (0.9.6-2ubuntu0.22.04.4) ...\n#6 19.80 Selecting previously unselected package libcurl4:amd64.\n#6 19.80 Preparing to unpack .../122-libcurl4_7.81.0-1ubuntu1.20_amd64.deb ...\n#6 19.80 Unpacking libcurl4:amd64 (7.81.0-1ubuntu1.20) ...\n#6 19.82 Selecting previously unselected package libjsoncpp25:amd64.\n#6 19.82 Preparing to unpack .../123-libjsoncpp25_1.9.5-3_amd64.deb ...\n#6 19.82 Unpacking libjsoncpp25:amd64 (1.9.5-3) ...\n#6 19.83 Selecting previously unselected package librhash0:amd64.\n#6 19.83 Preparing to unpack .../124-librhash0_1.4.2-1ubuntu1_amd64.deb ...\n#6 19.83 Unpacking librhash0:amd64 (1.4.2-1ubuntu1) ...\n#6 19.85 Selecting previously unselected package dh-elpa-helper.\n#6 19.85 Preparing to unpack .../125-dh-elpa-helper_2.0.9ubuntu1_all.deb ...\n#6 19.85 Unpacking dh-elpa-helper (2.0.9ubuntu1) ...\n#6 19.87 Selecting previously unselected package emacsen-common.\n#6 19.87 Preparing to unpack .../126-emacsen-common_3.0.4_all.deb ...\n#6 19.88 Unpacking emacsen-common (3.0.4) ...\n#6 19.90 Selecting previously unselected package cmake-data.\n#6 19.90 Preparing to unpack .../127-cmake-data_3.22.1-1ubuntu1.22.04.2_all.deb ...\n#6 19.91 Unpacking cmake-data (3.22.1-1ubuntu1.22.04.2) ...\n#6 20.18 Selecting previously unselected package cmake.\n#6 20.18 Preparing to unpack .../128-cmake_3.22.1-1ubuntu1.22.04.2_amd64.deb ...\n#6 20.18 Unpacking cmake (3.22.1-1ubuntu1.22.04.2) ...\n#6 20.27 Selecting previously unselected package fontconfig.\n#6 20.27 Preparing to unpack .../129-fontconfig_2.13.1-4.2ubuntu5_amd64.deb ...\n#6 20.27 Unpacking fontconfig (2.13.1-4.2ubuntu5) ...\n#6 20.28 Selecting previously unselected package libcurl3-gnutls:amd64.\n#6 20.29 Preparing to unpack .../130-libcurl3-gnutls_7.81.0-1ubuntu1.20_amd64.deb ...\n#6 20.29 Unpacking libcurl3-gnutls:amd64 (7.81.0-1ubuntu1.20) ...\n#6 20.30 Selecting previously unselected package liberror-perl.\n#6 20.30 Preparing to unpack .../131-liberror-perl_0.17029-1_all.deb ...\n#6 20.30 Unpacking liberror-perl (0.17029-1) ...\n#6 20.32 Selecting previously unselected package git-man.\n#6 20.32 Preparing to unpack .../132-git-man_1%3a2.34.1-1ubuntu1.15_all.deb ...\n#6 20.32 Unpacking git-man (1:2.34.1-1ubuntu1.15) ...\n#6 20.34 Selecting previously unselected package git.\n#6 20.34 Preparing to unpack .../133-git_1%3a2.34.1-1ubuntu1.15_amd64.deb ...\n#6 20.34 Unpacking git (1:2.34.1-1ubuntu1.15) ...\n#6 20.44 Selecting previously unselected package libasyncns0:amd64.\n#6 20.44 Preparing to unpack .../134-libasyncns0_0.8-6build2_amd64.deb ...\n#6 20.45 Unpacking libasyncns0:amd64 (0.8-6build2) ...\n#6 20.46 Selecting previously unselected package libatk1.0-data.\n#6 20.46 Preparing to unpack .../135-libatk1.0-data_2.36.0-3build1_all.deb ...\n#6 20.46 Unpacking libatk1.0-data (2.36.0-3build1) ...\n#6 20.48 Selecting previously unselected package libatk1.0-0:amd64.\n#6 20.48 Preparing to unpack .../136-libatk1.0-0_2.36.0-3build1_amd64.deb ...\n#6 20.48 Unpacking libatk1.0-0:amd64 (2.36.0-3build1) ...\n#6 20.49 Selecting previously unselected package libatspi2.0-0:amd64.\n#6 20.49 Preparing to unpack .../137-libatspi2.0-0_2.44.0-3_amd64.deb ...\n#6 20.49 Unpacking libatspi2.0-0:amd64 (2.44.0-3) ...\n#6 20.51 Selecting previously unselected package libatk-bridge2.0-0:amd64.\n#6 20.51 Preparing to unpack .../138-libatk-bridge2.0-0_2.38.0-3_amd64.deb ...\n#6 20.51 Unpacking libatk-bridge2.0-0:amd64 (2.38.0-3) ...\n#6 20.52 Selecting previously unselected package libfontenc1:amd64.\n#6 20.53 Preparing to unpack .../139-libfontenc1_1%3a1.1.4-1build3_amd64.deb ...\n#6 20.53 Unpacking libfontenc1:amd64 (1:1.1.4-1build3) ...\n#6 20.54 Selecting previously unselected package libglvnd0:amd64.\n#6 20.54 Preparing to unpack .../140-libglvnd0_1.4.0-1_amd64.deb ...\n#6 20.54 Unpacking libglvnd0:amd64 (1.4.0-1) ...\n#6 20.56 Selecting previously unselected package libglapi-mesa:amd64.\n#6 20.56 Preparing to unpack .../141-libglapi-mesa_23.2.1-1ubuntu3.1~22.04.3_amd64.deb ...\n#6 20.56 Unpacking libglapi-mesa:amd64 (23.2.1-1ubuntu3.1~22.04.3) ...\n#6 20.57 Selecting previously unselected package libx11-xcb1:amd64.\n#6 20.57 Preparing to unpack .../142-libx11-xcb1_2%3a1.7.5-1ubuntu0.3_amd64.deb ...\n#6 20.57 Unpacking libx11-xcb1:amd64 (2:1.7.5-1ubuntu0.3) ...\n#6 20.59 Selecting previously unselected package libxcb-dri2-0:amd64.\n#6 20.59 Preparing to unpack .../143-libxcb-dri2-0_1.14-3ubuntu3_amd64.deb ...\n#6 20.59 Unpacking libxcb-dri2-0:amd64 (1.14-3ubuntu3) ...\n#6 20.60 Selecting previously unselected package libxcb-dri3-0:amd64.\n#6 20.60 Preparing to unpack .../144-libxcb-dri3-0_1.14-3ubuntu3_amd64.deb ...\n#6 20.60 Unpacking libxcb-dri3-0:amd64 (1.14-3ubuntu3) ...\n#6 20.62 Selecting previously unselected package libxcb-glx0:amd64.\n#6 20.62 Preparing to unpack .../145-libxcb-glx0_1.14-3ubuntu3_amd64.deb ...\n#6 20.62 Unpacking libxcb-glx0:amd64 (1.14-3ubuntu3) ...\n#6 20.63 Selecting previously unselected package libxcb-present0:amd64.\n#6 20.63 Preparing to unpack .../146-libxcb-present0_1.14-3ubuntu3_amd64.deb ...\n#6 20.63 Unpacking libxcb-present0:amd64 (1.14-3ubuntu3) ...\n#6 20.65 Selecting previously unselected package libxcb-randr0:amd64.\n#6 20.65 Preparing to unpack .../147-libxcb-randr0_1.14-3ubuntu3_amd64.deb ...\n#6 20.65 Unpacking libxcb-randr0:amd64 (1.14-3ubuntu3) ...\n#6 20.66 Selecting previously unselected package libxcb-shm0:amd64.\n#6 20.66 Preparing to unpack .../148-libxcb-shm0_1.14-3ubuntu3_amd64.deb ...\n#6 20.66 Unpacking libxcb-shm0:amd64 (1.14-3ubuntu3) ...\n#6 20.68 Selecting previously unselected package libxcb-sync1:amd64.\n#6 20.68 Preparing to unpack .../149-libxcb-sync1_1.14-3ubuntu3_amd64.deb ...\n#6 20.68 Unpacking libxcb-sync1:amd64 (1.14-3ubuntu3) ...\n#6 20.69 Selecting previously unselected package libxcb-xfixes0:amd64.\n#6 20.69 Preparing to unpack .../150-libxcb-xfixes0_1.14-3ubuntu3_amd64.deb ...\n#6 20.69 Unpacking libxcb-xfixes0:amd64 (1.14-3ubuntu3) ...\n#6 20.71 Selecting previously unselected package libxfixes3:amd64.\n#6 20.71 Preparing to unpack .../151-libxfixes3_1%3a6.0.0-1_amd64.deb ...\n#6 20.71 Unpacking libxfixes3:amd64 (1:6.0.0-1) ...\n#6 20.72 Selecting previously unselected package libxshmfence1:amd64.\n#6 20.72 Preparing to unpack .../152-libxshmfence1_1.3-1build4_amd64.deb ...\n#6 20.72 Unpacking libxshmfence1:amd64 (1.3-1build4) ...\n#6 20.73 Selecting previously unselected package libxxf86vm1:amd64.\n#6 20.74 Preparing to unpack .../153-libxxf86vm1_1%3a1.1.4-1build3_amd64.deb ...\n#6 20.74 Unpacking libxxf86vm1:amd64 (1:1.1.4-1build3) ...\n#6 20.75 Selecting previously unselected package libdrm-amdgpu1:amd64.\n#6 20.75 Preparing to unpack .../154-libdrm-amdgpu1_2.4.113-2~ubuntu0.22.04.1_amd64.deb ...\n#6 20.75 Unpacking libdrm-amdgpu1:amd64 (2.4.113-2~ubuntu0.22.04.1) ...\n#6 20.76 Selecting previously unselected package libpciaccess0:amd64.\n#6 20.77 Preparing to unpack .../155-libpciaccess0_0.16-3_amd64.deb ...\n#6 20.77 Unpacking libpciaccess0:amd64 (0.16-3) ...\n#6 20.78 Selecting previously unselected package libdrm-intel1:amd64.\n#6 20.78 Preparing to unpack .../156-libdrm-intel1_2.4.113-2~ubuntu0.22.04.1_amd64.deb ...\n#6 20.78 Unpacking libdrm-intel1:amd64 (2.4.113-2~ubuntu0.22.04.1) ...\n#6 20.80 Selecting previously unselected package libdrm-nouveau2:amd64.\n#6 20.80 Preparing to unpack .../157-libdrm-nouveau2_2.4.113-2~ubuntu0.22.04.1_amd64.deb ...\n#6 20.80 Unpacking libdrm-nouveau2:amd64 (2.4.113-2~ubuntu0.22.04.1) ...\n#6 20.81 Selecting previously unselected package libdrm-radeon1:amd64.\n#6 20.81 Preparing to unpack .../158-libdrm-radeon1_2.4.113-2~ubuntu0.22.04.1_amd64.deb ...\n#6 20.81 Unpacking libdrm-radeon1:amd64 (2.4.113-2~ubuntu0.22.04.1) ...\n#6 20.83 Selecting previously unselected package libllvm15:amd64.\n#6 20.83 Preparing to unpack .../159-libllvm15_1%3a15.0.7-0ubuntu0.22.04.3_amd64.deb ...\n#6 20.83 Unpacking libllvm15:amd64 (1:15.0.7-0ubuntu0.22.04.3) ...\n#6 21.34 Selecting previously unselected package libsensors-config.\n#6 21.34 Preparing to unpack .../160-libsensors-config_1%3a3.6.0-7ubuntu1_all.deb ...\n#6 21.34 Unpacking libsensors-config (1:3.6.0-7ubuntu1) ...\n#6 21.36 Selecting previously unselected package libsensors5:amd64.\n#6 21.36 Preparing to unpack .../161-libsensors5_1%3a3.6.0-7ubuntu1_amd64.deb ...\n#6 21.38 Unpacking libsensors5:amd64 (1:3.6.0-7ubuntu1) ...\n#6 21.40 Selecting previously unselected package libgl1-mesa-dri:amd64.\n#6 21.40 Preparing to unpack .../162-libgl1-mesa-dri_23.2.1-1ubuntu3.1~22.04.3_amd64.deb ...\n#6 21.40 Unpacking libgl1-mesa-dri:amd64 (23.2.1-1ubuntu3.1~22.04.3) ...\n#6 21.53 Selecting previously unselected package libglx-mesa0:amd64.\n#6 21.53 Preparing to unpack .../163-libglx-mesa0_23.2.1-1ubuntu3.1~22.04.3_amd64.deb ...\n#6 21.53 Unpacking libglx-mesa0:amd64 (23.2.1-1ubuntu3.1~22.04.3) ...\n#6 21.54 Selecting previously unselected package libglx0:amd64.\n#6 21.55 Preparing to unpack .../164-libglx0_1.4.0-1_amd64.deb ...\n#6 21.55 Unpacking libglx0:amd64 (1.4.0-1) ...\n#6 21.56 Selecting previously unselected package libgl1:amd64.\n#6 21.56 Preparing to unpack .../165-libgl1_1.4.0-1_amd64.deb ...\n#6 21.56 Unpacking libgl1:amd64 (1.4.0-1) ...\n#6 21.58 Selecting previously unselected package libice6:amd64.\n#6 21.58 Preparing to unpack .../166-libice6_2%3a1.0.10-1build2_amd64.deb ...\n#6 21.58 Unpacking libice6:amd64 (2:1.0.10-1build2) ...\n#6 21.59 Selecting previously unselected package libsm6:amd64.\n#6 21.59 Preparing to unpack .../167-libsm6_2%3a1.2.3-1build2_amd64.deb ...\n#6 21.60 Unpacking libsm6:amd64 (2:1.2.3-1build2) ...\n#6 21.62 Selecting previously unselected package libxt6:amd64.\n#6 21.62 Preparing to unpack .../168-libxt6_1%3a1.2.1-1_amd64.deb ...\n#6 21.62 Unpacking libxt6:amd64 (1:1.2.1-1) ...\n#6 21.63 Selecting previously unselected package libxmu6:amd64.\n#6 21.64 Preparing to unpack .../169-libxmu6_2%3a1.1.3-3_amd64.deb ...\n#6 21.64 Unpacking libxmu6:amd64 (2:1.1.3-3) ...\n#6 21.65 Selecting previously unselected package libxpm4:amd64.\n#6 21.65 Preparing to unpack .../170-libxpm4_1%3a3.5.12-1ubuntu0.22.04.2_amd64.deb ...\n#6 21.65 Unpacking libxpm4:amd64 (1:3.5.12-1ubuntu0.22.04.2) ...\n#6 21.66 Selecting previously unselected package libxaw7:amd64.\n#6 21.67 Preparing to unpack .../171-libxaw7_2%3a1.0.14-1_amd64.deb ...\n#6 21.67 Unpacking libxaw7:amd64 (2:1.0.14-1) ...\n#6 21.68 Selecting previously unselected package libxcb-shape0:amd64.\n#6 21.68 Preparing to unpack .../172-libxcb-shape0_1.14-3ubuntu3_amd64.deb ...\n#6 21.68 Unpacking libxcb-shape0:amd64 (1.14-3ubuntu3) ...\n#6 21.70 Selecting previously unselected package libxcomposite1:amd64.\n#6 21.70 Preparing to unpack .../173-libxcomposite1_1%3a0.4.5-1build2_amd64.deb ...\n#6 21.70 Unpacking libxcomposite1:amd64 (1:0.4.5-1build2) ...\n#6 21.71 Selecting previously unselected package libxft2:amd64.\n#6 21.71 Preparing to unpack .../174-libxft2_2.3.4-1_amd64.deb ...\n#6 21.71 Unpacking libxft2:amd64 (2.3.4-1) ...\n#6 21.72 Selecting previously unselected package libxinerama1:amd64.\n#6 21.73 Preparing to unpack .../175-libxinerama1_2%3a1.1.4-3_amd64.deb ...\n#6 21.73 Unpacking libxinerama1:amd64 (2:1.1.4-3) ...\n#6 21.74 Selecting previously unselected package libxkbfile1:amd64.\n#6 21.74 Preparing to unpack .../176-libxkbfile1_1%3a1.1.0-1build3_amd64.deb ...\n#6 21.74 Unpacking libxkbfile1:amd64 (1:1.1.0-1build3) ...\n#6 21.76 Selecting previously unselected package libxrandr2:amd64.\n#6 21.76 Preparing to unpack .../177-libxrandr2_2%3a1.5.2-1build1_amd64.deb ...\n#6 21.76 Unpacking libxrandr2:amd64 (2:1.5.2-1build1) ...\n#6 21.77 Selecting previously unselected package libxv1:amd64.\n#6 21.77 Preparing to unpack .../178-libxv1_2%3a1.0.11-1build2_amd64.deb ...\n#6 21.77 Unpacking libxv1:amd64 (2:1.0.11-1build2) ...\n#6 21.79 Selecting previously unselected package libxxf86dga1:amd64.\n#6 21.79 Preparing to unpack .../179-libxxf86dga1_2%3a1.1.5-0ubuntu3_amd64.deb ...\n#6 21.79 Unpacking libxxf86dga1:amd64 (2:1.1.5-0ubuntu3) ...\n#6 21.80 Selecting previously unselected package x11-utils.\n#6 21.80 Preparing to unpack .../180-x11-utils_7.7+5build2_amd64.deb ...\n#6 21.80 Unpacking x11-utils (7.7+5build2) ...\n#6 21.82 Selecting previously unselected package libatk-wrapper-java.\n#6 21.82 Preparing to unpack .../181-libatk-wrapper-java_0.38.0-5build1_all.deb ...\n#6 21.82 Unpacking libatk-wrapper-java (0.38.0-5build1) ...\n#6 21.83 Selecting previously unselected package libatk-wrapper-java-jni:amd64.\n#6 21.84 Preparing to unpack .../182-libatk-wrapper-java-jni_0.38.0-5build1_amd64.deb ...\n#6 21.84 Unpacking libatk-wrapper-java-jni:amd64 (0.38.0-5build1) ...\n#6 21.85 Selecting previously unselected package libpixman-1-0:amd64.\n#6 21.85 Preparing to unpack .../183-libpixman-1-0_0.40.0-1ubuntu0.22.04.1_amd64.deb ...\n#6 21.85 Unpacking libpixman-1-0:amd64 (0.40.0-1ubuntu0.22.04.1) ...\n#6 21.87 Selecting previously unselected package libxcb-render0:amd64.\n#6 21.87 Preparing to unpack .../184-libxcb-render0_1.14-3ubuntu3_amd64.deb ...\n#6 21.87 Unpacking libxcb-render0:amd64 (1.14-3ubuntu3) ...\n#6 21.88 Selecting previously unselected package libcairo2:amd64.\n#6 21.88 Preparing to unpack .../185-libcairo2_1.16.0-5ubuntu2_amd64.deb ...\n#6 21.88 Unpacking libcairo2:amd64 (1.16.0-5ubuntu2) ...\n#6 21.90 Selecting previously unselected package libdatrie1:amd64.\n#6 21.90 Preparing to unpack .../186-libdatrie1_0.2.13-2_amd64.deb ...\n#6 21.90 Unpacking libdatrie1:amd64 (0.2.13-2) ...\n#6 21.92 Selecting previously unselected package libogg0:amd64.\n#6 21.92 Preparing to unpack .../187-libogg0_1.3.5-0ubuntu3_amd64.deb ...\n#6 21.92 Unpacking libogg0:amd64 (1.3.5-0ubuntu3) ...\n#6 21.93 Selecting previously unselected package libflac8:amd64.\n#6 21.93 Preparing to unpack .../188-libflac8_1.3.3-2ubuntu0.2_amd64.deb ...\n#6 21.93 Unpacking libflac8:amd64 (1.3.3-2ubuntu0.2) ...\n#6 21.95 Selecting previously unselected package libgif7:amd64.\n#6 21.95 Preparing to unpack .../189-libgif7_5.1.9-2ubuntu0.1_amd64.deb ...\n#6 21.95 Unpacking libgif7:amd64 (5.1.9-2ubuntu0.1) ...\n#6 21.96 Selecting previously unselected package libgl1-mesa-glx:amd64.\n#6 21.96 Preparing to unpack .../190-libgl1-mesa-glx_23.0.4-0ubuntu1~22.04.1_amd64.deb ...\n#6 21.96 Unpacking libgl1-mesa-glx:amd64 (23.0.4-0ubuntu1~22.04.1) ...\n#6 21.97 Selecting previously unselected package libgtk2.0-common.\n#6 21.98 Preparing to unpack .../191-libgtk2.0-common_2.24.33-2ubuntu2.1_all.deb ...\n#6 21.98 Unpacking libgtk2.0-common (2.24.33-2ubuntu2.1) ...\n#6 21.99 Selecting previously unselected package libthai-data.\n#6 21.99 Preparing to unpack .../192-libthai-data_0.1.29-1build1_all.deb ...\n#6 21.99 Unpacking libthai-data (0.1.29-1build1) ...\n#6 22.01 Selecting previously unselected package libthai0:amd64.\n#6 22.01 Preparing to unpack .../193-libthai0_0.1.29-1build1_amd64.deb ...\n#6 22.01 Unpacking libthai0:amd64 (0.1.29-1build1) ...\n#6 22.02 Selecting previously unselected package libpango-1.0-0:amd64.\n#6 22.02 Preparing to unpack .../194-libpango-1.0-0_1.50.6+ds-2ubuntu1_amd64.deb ...\n#6 22.02 Unpacking libpango-1.0-0:amd64 (1.50.6+ds-2ubuntu1) ...\n#6 22.04 Selecting previously unselected package libpangoft2-1.0-0:amd64.\n#6 22.04 Preparing to unpack .../195-libpangoft2-1.0-0_1.50.6+ds-2ubuntu1_amd64.deb ...\n#6 22.04 Unpacking libpangoft2-1.0-0:amd64 (1.50.6+ds-2ubuntu1) ...\n#6 22.05 Selecting previously unselected package libpangocairo-1.0-0:amd64.\n#6 22.06 Preparing to unpack .../196-libpangocairo-1.0-0_1.50.6+ds-2ubuntu1_amd64.deb ...\n#6 22.06 Unpacking libpangocairo-1.0-0:amd64 (1.50.6+ds-2ubuntu1) ...\n#6 22.07 Selecting previously unselected package libxcursor1:amd64.\n#6 22.07 Preparing to unpack .../197-libxcursor1_1%3a1.2.0-2build4_amd64.deb ...\n#6 22.07 Unpacking libxcursor1:amd64 (1:1.2.0-2build4) ...\n#6 22.08 Selecting previously unselected package libxdamage1:amd64.\n#6 22.09 Preparing to unpack .../198-libxdamage1_1%3a1.1.5-2build2_amd64.deb ...\n#6 22.09 Unpacking libxdamage1:amd64 (1:1.1.5-2build2) ...\n#6 22.10 Selecting previously unselected package libgtk2.0-0:amd64.\n#6 22.10 Preparing to unpack .../199-libgtk2.0-0_2.24.33-2ubuntu2.1_amd64.deb ...\n#6 22.10 Unpacking libgtk2.0-0:amd64 (2.24.33-2ubuntu2.1) ...\n#6 22.14 Selecting previously unselected package libopus0:amd64.\n#6 22.15 Preparing to unpack .../200-libopus0_1.3.1-0.1build2_amd64.deb ...\n#6 22.15 Unpacking libopus0:amd64 (1.3.1-0.1build2) ...\n#6 22.16 Selecting previously unselected package libvorbis0a:amd64.\n#6 22.16 Preparing to unpack .../201-libvorbis0a_1.3.7-1build2_amd64.deb ...\n#6 22.17 Unpacking libvorbis0a:amd64 (1.3.7-1build2) ...\n#6 22.18 Selecting previously unselected package libvorbisenc2:amd64.\n#6 22.18 Preparing to unpack .../202-libvorbisenc2_1.3.7-1build2_amd64.deb ...\n#6 22.18 Unpacking libvorbisenc2:amd64 (1.3.7-1build2) ...\n#6 22.20 Selecting previously unselected package libsndfile1:amd64.\n#6 22.20 Preparing to unpack .../203-libsndfile1_1.0.31-2ubuntu0.2_amd64.deb ...\n#6 22.20 Unpacking libsndfile1:amd64 (1.0.31-2ubuntu0.2) ...\n#6 22.22 Selecting previously unselected package libpulse0:amd64.\n#6 22.22 Preparing to unpack .../204-libpulse0_1%3a15.99.1+dfsg1-1ubuntu2.2_amd64.deb ...\n#6 22.22 Unpacking libpulse0:amd64 (1:15.99.1+dfsg1-1ubuntu2.2) ...\n#6 22.24 Selecting previously unselected package openjdk-8-jre:amd64.\n#6 22.24 Preparing to unpack .../205-openjdk-8-jre_8u452-ga~us1-0ubuntu1~22.04_amd64.deb ...\n#6 22.24 Unpacking openjdk-8-jre:amd64 (8u452-ga~us1-0ubuntu1~22.04) ...\n#6 22.26 Selecting previously unselected package openjdk-8-jdk-headless:amd64.\n#6 22.26 Preparing to unpack .../206-openjdk-8-jdk-headless_8u452-ga~us1-0ubuntu1~22.04_amd64.deb ...\n#6 22.26 Unpacking openjdk-8-jdk-headless:amd64 (8u452-ga~us1-0ubuntu1~22.04) ...\n#6 22.40 Selecting previously unselected package openjdk-8-jdk:amd64.\n#6 22.40 Preparing to unpack .../207-openjdk-8-jdk_8u452-ga~us1-0ubuntu1~22.04_amd64.deb ...\n#6 22.40 Unpacking openjdk-8-jdk:amd64 (8u452-ga~us1-0ubuntu1~22.04) ...\n#6 22.42 Selecting previously unselected package unzip.\n#6 22.42 Preparing to unpack .../208-unzip_6.0-26ubuntu3.2_amd64.deb ...\n#6 22.42 Unpacking unzip (6.0-26ubuntu3.2) ...\n#6 22.44 Selecting previously unselected package zlib1g-dev:amd64.\n#6 22.44 Preparing to unpack .../209-zlib1g-dev_1%3a1.2.11.dfsg-2ubuntu9.2_amd64.deb ...\n#6 22.44 Unpacking zlib1g-dev:amd64 (1:1.2.11.dfsg-2ubuntu9.2) ...\n#6 22.47 Setting up media-types (7.0.0) ...\n#6 22.48 Setting up libgraphite2-3:amd64 (1.3.14-1build2) ...\n#6 22.48 Setting up liblcms2-2:amd64 (2.12~rc1-2build2) ...\n#6 22.48 Setting up libpixman-1-0:amd64 (0.40.0-1ubuntu0.22.04.1) ...\n#6 22.48 Setting up gcc-11-base:amd64 (11.4.0-1ubuntu1~22.04) ...\n#6 22.48 Setting up libpciaccess0:amd64 (0.16-3) ...\n#6 22.49 Setting up libxau6:amd64 (1:1.0.9-1build5) ...\n#6 22.49 Setting up lto-disabled-list (24) ...\n#6 22.49 Setting up libapparmor1:amd64 (3.0.4-2ubuntu2.4) ...\n#6 22.49 Setting up libpsl5:amd64 (0.21.0-1.2build2) ...\n#6 22.50 Setting up libogg0:amd64 (1.3.5-0ubuntu3) ...\n#6 22.50 Setting up wget (1.21.2-2ubuntu1.1) ...\n#6 22.50 Setting up hicolor-icon-theme (0.17-2) ...\n#6 22.52 Setting up java-common (0.72build2) ...\n#6 22.52 Setting up libdatrie1:amd64 (0.2.13-2) ...\n#6 22.52 Setting up libglib2.0-0:amd64 (2.72.4-0ubuntu2.5) ...\n#6 22.53 No schema files found: doing nothing.\n#6 22.53 Setting up libglvnd0:amd64 (1.4.0-1) ...\n#6 22.53 Setting up unzip (6.0-26ubuntu3.2) ...\n#6 22.54 Setting up libbrotli1:amd64 (1.0.9-2build6) ...\n#6 22.54 Setting up libsqlite3-0:amd64 (3.37.2-2ubuntu0.4) ...\n#6 22.54 Setting up libgdk-pixbuf2.0-common (2.42.8+dfsg-1ubuntu0.3) ...\n#6 22.54 Setting up binutils-common:amd64 (2.38-4ubuntu2.8) ...\n#6 22.55 Setting up x11-common (1:7.7+23ubuntu2) ...\n#6 22.62 invoke-rc.d: could not determine current runlevel\n#6 22.62 invoke-rc.d: policy-rc.d denied execution of start.\n#6 22.63 Setting up libsensors-config (1:3.6.0-7ubuntu1) ...\n#6 22.63 Setting up libnghttp2-14:amd64 (1.43.0-1ubuntu0.2) ...\n#6 22.63 Setting up libdeflate0:amd64 (1.10-2) ...\n#6 22.63 Setting up linux-libc-dev:amd64 (5.15.0-144.157) ...\n#6 22.64 Setting up libctf-nobfd0:amd64 (2.38-4ubuntu2.8) ...\n#6 22.64 Setting up libgomp1:amd64 (12.3.0-1ubuntu1~22.04) ...\n#6 22.64 Setting up perl-modules-5.34 (5.34.0-3ubuntu1.4) ...\n#6 22.64 Setting up bzip2 (1.0.8-5build1) ...\n#6 22.64 Setting up libjbig0:amd64 (2.1-3.1ubuntu0.22.04.1) ...\n#6 22.65 Setting up libasan6:amd64 (11.4.0-1ubuntu1~22.04) ...\n#6 22.65 Setting up libflac8:amd64 (1.3.3-2ubuntu0.2) ...\n#6 22.65 Setting up libsasl2-modules-db:amd64 (2.1.27+dfsg2-3ubuntu1.2) ...\n#6 22.65 Setting up libasound2-data (1.2.6.1-1ubuntu1) ...\n#6 22.66 Setting up libfontenc1:amd64 (1:1.1.4-1build3) ...\n#6 22.66 Setting up libtirpc-dev:amd64 (1.3.2-2ubuntu0.1) ...\n#6 22.66 Setting up libuv1:amd64 (1.43.0-1ubuntu0.1) ...\n#6 22.66 Setting up rpcsvc-proto (1.4.2-0ubuntu6) ...\n#6 22.67 Setting up emacsen-common (3.0.4) ...\n#6 22.69 Setting up libx11-data (2:1.7.5-1ubuntu0.3) ...\n#6 22.69 Setting up make (4.3-4.1build1) ...\n#6 22.70 Setting up libmpfr6:amd64 (4.1.0-3build3) ...\n#6 22.70 Setting up libnspr4:amd64 (2:4.35-0ubuntu0.22.04.1) ...\n#6 22.70 Setting up librtmp1:amd64 (2.4+20151223.gitfa8646d.1-2build4) ...\n#6 22.70 Setting up dh-elpa-helper (2.0.9ubuntu1) ...\n#6 22.71 Setting up libavahi-common-data:amd64 (0.8-5ubuntu5.2) ...\n#6 22.71 Setting up libdbus-1-3:amd64 (1.12.20-2ubuntu4.1) ...\n#6 22.71 Setting up xz-utils (5.2.5-2ubuntu1) ...\n#6 22.71 update-alternatives: using /usr/bin/xz to provide /usr/bin/lzma (lzma) in auto mode\n#6 22.71 update-alternatives: warning: skip creation of /usr/share/man/man1/lzma.1.gz because associated file /usr/share/man/man1/xz.1.gz (of link group lzma) doesn't exist\n#6 22.71 update-alternatives: warning: skip creation of /usr/share/man/man1/unlzma.1.gz because associated file /usr/share/man/man1/unxz.1.gz (of link group lzma) doesn't exist\n#6 22.71 update-alternatives: warning: skip creation of /usr/share/man/man1/lzcat.1.gz because associated file /usr/share/man/man1/xzcat.1.gz (of link group lzma) doesn't exist\n#6 22.71 update-alternatives: warning: skip creation of /usr/share/man/man1/lzmore.1.gz because associated file /usr/share/man/man1/xzmore.1.gz (of link group lzma) doesn't exist\n#6 22.71 update-alternatives: warning: skip creation of /usr/share/man/man1/lzless.1.gz because associated file /usr/share/man/man1/xzless.1.gz (of link group lzma) doesn't exist\n#6 22.71 update-alternatives: warning: skip creation of /usr/share/man/man1/lzdiff.1.gz because associated file /usr/share/man/man1/xzdiff.1.gz (of link group lzma) doesn't exist\n#6 22.71 update-alternatives: warning: skip creation of /usr/share/man/man1/lzcmp.1.gz because associated file /usr/share/man/man1/xzcmp.1.gz (of link group lzma) doesn't exist\n#6 22.71 update-alternatives: warning: skip creation of /usr/share/man/man1/lzgrep.1.gz because associated file /usr/share/man/man1/xzgrep.1.gz (of link group lzma) doesn't exist\n#6 22.71 update-alternatives: warning: skip creation of /usr/share/man/man1/lzegrep.1.gz because associated file /usr/share/man/man1/xzegrep.1.gz (of link group lzma) doesn't exist\n#6 22.71 update-alternatives: warning: skip creation of /usr/share/man/man1/lzfgrep.1.gz because associated file /usr/share/man/man1/xzfgrep.1.gz (of link group lzma) doesn't exist\n#6 22.72 Setting up libfribidi0:amd64 (1.0.8-2ubuntu3.1) ...\n#6 22.72 Setting up libopus0:amd64 (1.3.1-0.1build2) ...\n#6 22.72 Setting up libquadmath0:amd64 (12.3.0-1ubuntu1~22.04) ...\n#6 22.72 Setting up libpng16-16:amd64 (1.6.37-3build5) ...\n#6 22.72 Setting up libmpc3:amd64 (1.2.1-2build1) ...\n#6 22.73 Setting up libatomic1:amd64 (12.3.0-1ubuntu1~22.04) ...\n#6 22.73 Setting up libvorbis0a:amd64 (1.3.7-1build2) ...\n#6 22.73 Setting up patch (2.7.6-7build2) ...\n#6 22.73 Setting up libjsoncpp25:amd64 (1.9.5-3) ...\n#6 22.74 Setting up fonts-dejavu-core (2.37-2build1) ...\n#6 22.75 Setting up libpcsclite1:amd64 (1.9.5-3ubuntu1) ...\n#6 22.75 Setting up ucf (3.0043) ...\n#6 22.81 Setting up libsensors5:amd64 (1:3.6.0-7ubuntu1) ...\n#6 22.82 Setting up libjpeg-turbo8:amd64 (2.1.2-0ubuntu1) ...\n#6 22.82 Setting up libglapi-mesa:amd64 (23.2.1-1ubuntu3.1~22.04.3) ...\n#6 22.82 Setting up libsasl2-2:amd64 (2.1.27+dfsg2-3ubuntu1.2) ...\n#6 22.82 Setting up libssh-4:amd64 (0.9.6-2ubuntu0.22.04.4) ...\n#6 22.82 Setting up libwebp7:amd64 (1.2.2-2ubuntu0.22.04.2) ...\n#6 22.83 Setting up libubsan1:amd64 (12.3.0-1ubuntu1~22.04) ...\n#6 22.83 Setting up libgif7:amd64 (5.1.9-2ubuntu0.1) ...\n#6 22.83 Setting up libatk1.0-data (2.36.0-3build1) ...\n#6 22.83 Setting up libmd0:amd64 (1.0.4-1build1) ...\n#6 22.84 Setting up libnsl-dev:amd64 (1.3.0-2build2) ...\n#6 22.85 Setting up libasyncns0:amd64 (0.8-6build2) ...\n#6 22.85 Setting up libxshmfence1:amd64 (1.3-1build4) ...\n#6 22.85 Setting up librhash0:amd64 (1.4.2-1ubuntu1) ...\n#6 22.85 Setting up libcrypt-dev:amd64 (1:4.4.27-1) ...\n#6 22.86 Setting up libasound2:amd64 (1.2.6.1-1ubuntu1) ...\n#6 22.86 Setting up libmpdec3:amd64 (2.5.1-2build2) ...\n#6 22.86 Setting up git-man (1:2.34.1-1ubuntu1.15) ...\n#6 22.86 Setting up libthai-data (0.1.29-1build1) ...\n#6 22.86 Setting up libgtk2.0-common (2.24.33-2ubuntu2.1) ...\n#6 22.87 Setting up cmake-data (3.22.1-1ubuntu1.22.04.2) ...\n#6 22.89 Setting up libatk1.0-0:amd64 (2.36.0-3build1) ...\n#6 22.90 Setting up libbinutils:amd64 (2.38-4ubuntu2.8) ...\n#6 22.90 Setting up libisl23:amd64 (0.24-2build1) ...\n#6 22.90 Setting up libc-dev-bin (2.35-0ubuntu3.10) ...\n#6 22.90 Setting up openssl (3.0.2-0ubuntu1.19) ...\n#6 22.91 Setting up libbsd0:amd64 (0.11.5-1) ...\n#6 22.91 Setting up libdrm-common (2.4.113-2~ubuntu0.22.04.1) ...\n#6 22.91 Setting up libelf1:amd64 (0.186-1ubuntu0.1) ...\n#6 22.91 Setting up readline-common (8.1.2-1) ...\n#6 22.91 Setting up libcc1-0:amd64 (12.3.0-1ubuntu1~22.04) ...\n#6 22.92 Setting up liblsan0:amd64 (12.3.0-1ubuntu1~22.04) ...\n#6 22.92 Setting up libitm1:amd64 (12.3.0-1ubuntu1~22.04) ...\n#6 22.92 Setting up libvorbisenc2:amd64 (1.3.7-1build2) ...\n#6 22.92 Setting up libgdbm6:amd64 (1.23-1) ...\n#6 22.92 Setting up libicu70:amd64 (70.1-2) ...\n#6 22.93 Setting up libtsan0:amd64 (11.4.0-1ubuntu1~22.04) ...\n#6 22.93 Setting up libctf0:amd64 (2.38-4ubuntu2.8) ...\n#6 22.93 Setting up libjpeg8:amd64 (8c-2ubuntu10) ...\n#6 22.93 Setting up cpp-11 (11.4.0-1ubuntu1~22.04) ...\n#6 22.94 Setting up libice6:amd64 (2:1.0.10-1build2) ...\n#6 22.94 Setting up libxdmcp6:amd64 (1:1.1.3-0ubuntu5) ...\n#6 22.94 Setting up libxcb1:amd64 (1.14-3ubuntu3) ...\n#6 22.94 Setting up libxcb-xfixes0:amd64 (1.14-3ubuntu3) ...\n#6 22.95 Setting up libxcb-render0:amd64 (1.14-3ubuntu3) ...\n#6 22.95 Setting up fontconfig-config (2.13.1-4.2ubuntu5) ...\n#6 22.99 Setting up libxcb-glx0:amd64 (1.14-3ubuntu3) ...\n#6 22.99 Setting up libedit2:amd64 (3.1-20210910-1build1) ...\n#6 22.99 Setting up libreadline8:amd64 (8.1.2-1) ...\n#6 22.99 Setting up libxcb-shape0:amd64 (1.14-3ubuntu3) ...\n#6 23.00 Setting up libavahi-common3:amd64 (0.8-5ubuntu5.2) ...\n#6 23.00 Setting up libnss3:amd64 (2:3.98-0ubuntu0.22.04.2) ...\n#6 23.00 Setting up libxcb-shm0:amd64 (1.14-3ubuntu3) ...\n#6 23.00 Setting up libldap-2.5-0:amd64 (2.5.19+dfsg-0ubuntu0.22.04.1) ...\n#6 23.01 Setting up libxcb-present0:amd64 (1.14-3ubuntu3) ...\n#6 23.01 Setting up libpython3.10-stdlib:amd64 (3.10.12-1~22.04.10) ...\n#6 23.01 Setting up libthai0:amd64 (0.1.29-1build1) ...\n#6 23.01 Setting up ca-certificates (20240203~22.04.1) ...\n#6 23.36 Updating certificates in /etc/ssl/certs...\n#6 23.80 146 added, 0 removed; done.\n#6 23.82 Setting up libfreetype6:amd64 (2.11.1+dfsg-1ubuntu0.3) ...\n#6 23.82 Setting up libxcb-sync1:amd64 (1.14-3ubuntu3) ...\n#6 23.82 Setting up libgdbm-compat4:amd64 (1.23-1) ...\n#6 23.83 Setting up libxcb-dri2-0:amd64 (1.14-3ubuntu3) ...\n#6 23.83 Setting up libgcc-11-dev:amd64 (11.4.0-1ubuntu1~22.04) ...\n#6 23.83 Setting up libdrm2:amd64 (2.4.113-2~ubuntu0.22.04.1) ...\n#6 23.83 Setting up libxcb-randr0:amd64 (1.14-3ubuntu3) ...\n#6 23.84 Setting up cpp (4:11.2.0-1ubuntu1) ...\n#6 23.84 Setting up libcurl4:amd64 (7.81.0-1ubuntu1.20) ...\n#6 23.84 Setting up libc6-dev:amd64 (2.35-0ubuntu3.10) ...\n#6 23.85 Setting up libx11-6:amd64 (2:1.7.5-1ubuntu0.3) ...\n#6 23.85 Setting up libharfbuzz0b:amd64 (2.7.4-1ubuntu3.2) ...\n#6 23.85 Setting up libtiff5:amd64 (4.3.0-6ubuntu0.10) ...\n#6 23.85 Setting up libfontconfig1:amd64 (2.13.1-4.2ubuntu5) ...\n#6 23.85 Setting up libsndfile1:amd64 (1.0.31-2ubuntu0.2) ...\n#6 23.86 Setting up libxkbfile1:amd64 (1:1.1.0-1build3) ...\n#6 23.86 Setting up libxcomposite1:amd64 (1:0.4.5-1build2) ...\n#6 23.86 Setting up libsm6:amd64 (2:1.2.3-1build2) ...\n#6 23.86 Setting up libxml2:amd64 (2.9.13+dfsg-1ubuntu0.7) ...\n#6 23.87 Setting up libavahi-client3:amd64 (0.8-5ubuntu5.2) ...\n#6 23.87 Setting up libxmuu1:amd64 (2:1.1.3-3) ...\n#6 23.87 Setting up libpython3-stdlib:amd64 (3.10.6-1~22.04.1) ...\n#6 23.87 Setting up binutils-x86-64-linux-gnu (2.38-4ubuntu2.8) ...\n#6 23.88 Setting up libdrm-amdgpu1:amd64 (2.4.113-2~ubuntu0.22.04.1) ...\n#6 23.88 Setting up libxcb-dri3-0:amd64 (1.14-3ubuntu3) ...\n#6 23.89 Setting up libx11-xcb1:amd64 (2:1.7.5-1ubuntu0.3) ...\n#6 23.89 Setting up fontconfig (2.13.1-4.2ubuntu5) ...\n#6 23.89 Regenerating fonts cache... done.\n#6 25.91 Setting up libperl5.34:amd64 (5.34.0-3ubuntu1.4) ...\n#6 25.91 Setting up libdrm-nouveau2:amd64 (2.4.113-2~ubuntu0.22.04.1) ...\n#6 25.91 Setting up libxdamage1:amd64 (1:1.1.5-2build2) ...\n#6 25.91 Setting up python3.10 (3.10.12-1~22.04.10) ...\n#6 26.52 Setting up libxpm4:amd64 (1:3.5.12-1ubuntu0.22.04.2) ...\n#6 26.52 Setting up libxrender1:amd64 (1:0.9.10-1build4) ...\n#6 26.53 Setting up libpulse0:amd64 (1:15.99.1+dfsg1-1ubuntu2.2) ...\n#6 26.53 Setting up libarchive13:amd64 (3.6.0-1ubuntu1.5) ...\n#6 26.54 Setting up libdrm-radeon1:amd64 (2.4.113-2~ubuntu0.22.04.1) ...\n#6 26.54 Setting up libpango-1.0-0:amd64 (1.50.6+ds-2ubuntu1) ...\n#6 26.54 Setting up libdrm-intel1:amd64 (2.4.113-2~ubuntu0.22.04.1) ...\n#6 26.54 Setting up libxext6:amd64 (2:1.3.4-1build1) ...\n#6 26.55 Setting up libcurl3-gnutls:amd64 (7.81.0-1ubuntu1.20) ...\n#6 26.55 Setting up python3 (3.10.6-1~22.04.1) ...\n#6 26.63 Setting up binutils (2.38-4ubuntu2.8) ...\n#6 26.63 Setting up libcairo2:amd64 (1.16.0-5ubuntu2) ...\n#6 26.64 Setting up libxxf86vm1:amd64 (1:1.1.4-1build3) ...\n#6 26.64 Setting up perl (5.34.0-3ubuntu1.4) ...\n#6 26.65 Setting up libxfixes3:amd64 (1:6.0.0-1) ...\n#6 26.65 Setting up shared-mime-info (2.1-2) ...\n#6 27.21 Setting up libxinerama1:amd64 (2:1.1.4-3) ...\n#6 27.22 Setting up libxv1:amd64 (2:1.0.11-1build2) ...\n#6 27.22 Setting up libxrandr2:amd64 (2:1.5.2-1build1) ...\n#6 27.22 Setting up libxt6:amd64 (1:1.2.1-1) ...\n#6 27.22 Setting up libdpkg-perl (1.21.1ubuntu2.3) ...\n#6 27.22 Setting up libstdc++-11-dev:amd64 (11.4.0-1ubuntu1~22.04) ...\n#6 27.23 Setting up libcups2:amd64 (2.4.1op1-1ubuntu4.11) ...\n#6 27.23 Setting up zlib1g-dev:amd64 (1:1.2.11.dfsg-2ubuntu9.2) ...\n#6 27.23 Setting up gcc-11 (11.4.0-1ubuntu1~22.04) ...\n#6 27.23 Setting up libllvm15:amd64 (1:15.0.7-0ubuntu0.22.04.3) ...\n#6 27.23 Setting up cmake (3.22.1-1ubuntu1.22.04.2) ...\n#6 27.24 Setting up libgdk-pixbuf-2.0-0:amd64 (2.42.8+dfsg-1ubuntu0.3) ...\n#6 27.25 Setting up libpangoft2-1.0-0:amd64 (1.50.6+ds-2ubuntu1) ...\n#6 27.25 Setting up libpangocairo-1.0-0:amd64 (1.50.6+ds-2ubuntu1) ...\n#6 27.26 Setting up gtk-update-icon-cache (3.24.33-1ubuntu2.2) ...\n#6 27.26 Setting up libxft2:amd64 (2.3.4-1) ...\n#6 27.26 Setting up libxmu6:amd64 (2:1.1.3-3) ...\n#6 27.26 Setting up libxi6:amd64 (2:1.8-1build1) ...\n#6 27.26 Setting up g++-11 (11.4.0-1ubuntu1~22.04) ...\n#6 27.27 Setting up libxtst6:amd64 (2:1.2.3-1build4) ...\n#6 27.27 Setting up libxcursor1:amd64 (1:1.2.0-2build4) ...\n#6 27.27 Setting up libgl1-mesa-dri:amd64 (23.2.1-1ubuntu3.1~22.04.3) ...\n#6 27.27 Setting up libxxf86dga1:amd64 (2:1.1.5-0ubuntu3) ...\n#6 27.28 Setting up libxaw7:amd64 (2:1.0.14-1) ...\n#6 27.28 Setting up libatspi2.0-0:amd64 (2.44.0-3) ...\n#6 27.28 Setting up gcc (4:11.2.0-1ubuntu1) ...\n#6 27.29 Setting up dpkg-dev (1.21.1ubuntu2.3) ...\n#6 27.29 Setting up liberror-perl (0.17029-1) ...\n#6 27.29 Setting up libatk-bridge2.0-0:amd64 (2.38.0-3) ...\n#6 27.30 Setting up git (1:2.34.1-1ubuntu1.15) ...\n#6 27.30 Setting up g++ (4:11.2.0-1ubuntu1) ...\n#6 27.32 update-alternatives: using /usr/bin/g++ to provide /usr/bin/c++ (c++) in auto mode\n#6 27.32 update-alternatives: warning: skip creation of /usr/share/man/man1/c++.1.gz because associated file /usr/share/man/man1/g++.1.gz (of link group c++) doesn't exist\n#6 27.32 Setting up build-essential (12.9ubuntu3) ...\n#6 27.32 Setting up libglx-mesa0:amd64 (23.2.1-1ubuntu3.1~22.04.3) ...\n#6 27.32 Setting up libglx0:amd64 (1.4.0-1) ...\n#6 27.32 Setting up libgl1:amd64 (1.4.0-1) ...\n#6 27.33 Setting up libgl1-mesa-glx:amd64 (23.0.4-0ubuntu1~22.04.1) ...\n#6 27.33 Setting up x11-utils (7.7+5build2) ...\n#6 27.34 Setting up libatk-wrapper-java (0.38.0-5build1) ...\n#6 27.34 Setting up libatk-wrapper-java-jni:amd64 (0.38.0-5build1) ...\n#6 27.34 Setting up openjdk-8-jre-headless:amd64 (8u452-ga~us1-0ubuntu1~22.04) ...\n#6 27.36 update-alternatives: using /usr/lib/jvm/java-8-openjdk-amd64/jre/bin/java to provide /usr/bin/java (java) in auto mode\n#6 27.37 update-alternatives: using /usr/lib/jvm/java-8-openjdk-amd64/jre/bin/jjs to provide /usr/bin/jjs (jjs) in auto mode\n#6 27.37 update-alternatives: using /usr/lib/jvm/java-8-openjdk-amd64/jre/bin/keytool to provide /usr/bin/keytool (keytool) in auto mode\n#6 27.37 update-alternatives: using /usr/lib/jvm/java-8-openjdk-amd64/jre/bin/pack200 to provide /usr/bin/pack200 (pack200) in auto mode\n#6 27.37 update-alternatives: using /usr/lib/jvm/java-8-openjdk-amd64/jre/bin/rmid to provide /usr/bin/rmid (rmid) in auto mode\n#6 27.37 update-alternatives: using /usr/lib/jvm/java-8-openjdk-amd64/jre/bin/rmiregistry to provide /usr/bin/rmiregistry (rmiregistry) in auto mode\n#6 27.38 update-alternatives: using /usr/lib/jvm/java-8-openjdk-amd64/jre/bin/unpack200 to provide /usr/bin/unpack200 (unpack200) in auto mode\n#6 27.38 update-alternatives: using /usr/lib/jvm/java-8-openjdk-amd64/jre/bin/orbd to provide /usr/bin/orbd (orbd) in auto mode\n#6 27.38 update-alternatives: using /usr/lib/jvm/java-8-openjdk-amd64/jre/bin/servertool to provide /usr/bin/servertool (servertool) in auto mode\n#6 27.38 update-alternatives: using /usr/lib/jvm/java-8-openjdk-amd64/jre/bin/tnameserv to provide /usr/bin/tnameserv (tnameserv) in auto mode\n#6 27.60 Setting up ant (1.10.12-1) ...\n#6 27.61 Setting up ca-certificates-java (20190909ubuntu1.2) ...\n#6 27.62 head: cannot open '/etc/ssl/certs/java/cacerts' for reading: No such file or directory\n#6 27.77 Adding debian:Amazon_Root_CA_1.pem\n#6 27.79 Adding debian:OISTE_WISeKey_Global_Root_GC_CA.pem\n#6 27.79 Adding debian:Amazon_Root_CA_2.pem\n#6 27.79 Adding debian:CommScope_Public_Trust_RSA_Root-01.pem\n#6 27.79 Adding debian:SecureTrust_CA.pem\n#6 27.79 Adding debian:HARICA_TLS_ECC_Root_CA_2021.pem\n#6 27.80 Adding debian:Microsoft_RSA_Root_Certificate_Authority_2017.pem\n#6 27.80 Adding debian:QuoVadis_Root_CA_2_G3.pem\n#6 27.80 Adding debian:SSL.com_EV_Root_Certification_Authority_RSA_R2.pem\n#6 27.80 Adding debian:Microsoft_ECC_Root_Certificate_Authority_2017.pem\n#6 27.80 Adding debian:UCA_Global_G2_Root.pem\n#6 27.80 Adding debian:GTS_Root_R3.pem\n#6 27.81 Adding debian:IdenTrust_Public_Sector_Root_CA_1.pem\n#6 27.81 Adding debian:Sectigo_Public_Server_Authentication_Root_E46.pem\n#6 27.81 Adding debian:emSign_Root_CA_-_G1.pem\n#6 27.81 Adding debian:BJCA_Global_Root_CA1.pem\n#6 27.81 Adding debian:ANF_Secure_Server_Root_CA.pem\n#6 27.82 Adding debian:vTrus_Root_CA.pem\n#6 27.82 Adding debian:QuoVadis_Root_CA_2.pem\n#6 27.82 Adding debian:HiPKI_Root_CA_-_G1.pem\n#6 27.82 Adding debian:AffirmTrust_Premium.pem\n#6 27.82 Adding debian:BJCA_Global_Root_CA2.pem\n#6 27.82 Adding debian:Go_Daddy_Root_Certificate_Authority_-_G2.pem\n#6 27.83 Adding debian:NAVER_Global_Root_Certification_Authority.pem\n#6 27.83 Adding debian:COMODO_RSA_Certification_Authority.pem\n#6 27.83 Adding debian:Certum_EC-384_CA.pem\n#6 27.83 Adding debian:Security_Communication_RootCA3.pem\n#6 27.83 Adding debian:Izenpe.com.pem\n#6 27.83 Adding debian:Entrust.net_Premium_2048_Secure_Server_CA.pem\n#6 27.84 Adding debian:SwissSign_Silver_CA_-_G2.pem\n#6 27.84 Adding debian:CommScope_Public_Trust_RSA_Root-02.pem\n#6 27.84 Adding debian:Buypass_Class_2_Root_CA.pem\n#6 27.84 Adding debian:T-TeleSec_GlobalRoot_Class_3.pem\n#6 27.84 Adding debian:Atos_TrustedRoot_Root_CA_ECC_TLS_2021.pem\n#6 27.84 Adding debian:Security_Communication_RootCA2.pem\n#6 27.84 Adding debian:CommScope_Public_Trust_ECC_Root-01.pem\n#6 27.84 Adding debian:CommScope_Public_Trust_ECC_Root-02.pem\n#6 27.85 Adding debian:Certum_Trusted_Network_CA_2.pem\n#6 27.85 Adding debian:Certum_Trusted_Network_CA.pem\n#6 27.85 Adding debian:Certigna_Root_CA.pem\n#6 27.85 Adding debian:DigiCert_Assured_ID_Root_CA.pem\n#6 27.85 Adding debian:GlobalSign_Root_CA.pem\n#6 27.85 Adding debian:IdenTrust_Commercial_Root_CA_1.pem\n#6 27.86 Adding debian:Entrust_Root_Certification_Authority_-_G4.pem\n#6 27.86 Adding debian:Certainly_Root_E1.pem\n#6 27.86 Adding debian:Microsec_e-Szigno_Root_CA_2009.pem\n#6 27.86 Adding debian:SSL.com_EV_Root_Certification_Authority_ECC.pem\n#6 27.86 Adding debian:DigiCert_Global_Root_G2.pem\n#6 27.86 Adding debian:vTrus_ECC_Root_CA.pem\n#6 27.86 Adding debian:COMODO_Certification_Authority.pem\n#6 27.86 Adding debian:DigiCert_TLS_ECC_P384_Root_G5.pem\n#6 27.86 Adding debian:D-TRUST_BR_Root_CA_1_2020.pem\n#6 27.86 Adding debian:GlobalSign_Root_CA_-_R6.pem\n#6 27.87 Adding debian:OISTE_WISeKey_Global_Root_GB_CA.pem\n#6 27.87 Adding debian:Certigna.pem\n#6 27.87 Adding debian:SSL.com_TLS_RSA_Root_CA_2022.pem\n#6 27.87 Adding debian:Hellenic_Academic_and_Research_Institutions_ECC_RootCA_2015.pem\n#6 27.87 Adding debian:Comodo_AAA_Services_root.pem\n#6 27.87 Adding debian:DigiCert_Trusted_Root_G4.pem\n#6 27.87 Adding debian:Baltimore_CyberTrust_Root.pem\n#6 27.87 Adding debian:Trustwave_Global_ECC_P256_Certification_Authority.pem\n#6 27.88 Adding debian:SSL.com_Root_Certification_Authority_ECC.pem\n#6 27.88 Adding debian:DigiCert_High_Assurance_EV_Root_CA.pem\n#6 27.88 Adding debian:Secure_Global_CA.pem\n#6 27.88 Adding debian:NetLock_Arany_=Class_Gold=_Ftanstvny.pem\n#6 27.88 Adding debian:TrustAsia_Global_Root_CA_G4.pem\n#6 27.88 Adding debian:Starfield_Class_2_CA.pem\n#6 27.88 Adding debian:certSIGN_Root_CA_G2.pem\n#6 27.88 Adding debian:SwissSign_Gold_CA_-_G2.pem\n#6 27.89 Adding debian:Amazon_Root_CA_3.pem\n#6 27.89 Adding debian:SZAFIR_ROOT_CA2.pem\n#6 27.89 Adding debian:GlobalSign_Root_CA_-_R3.pem\n#6 27.89 Adding debian:DigiCert_Global_Root_CA.pem\n#6 27.89 Adding debian:TrustAsia_Global_Root_CA_G3.pem\n#6 27.89 Adding debian:Hongkong_Post_Root_CA_3.pem\n#6 27.89 Adding debian:emSign_ECC_Root_CA_-_G3.pem\n#6 27.89 Adding debian:QuoVadis_Root_CA_3_G3.pem\n#6 27.89 Adding debian:Entrust_Root_Certification_Authority_-_EC1.pem\n#6 27.90 Adding debian:Entrust_Root_Certification_Authority.pem\n#6 27.90 Adding debian:GlobalSign_Root_E46.pem\n#6 27.90 Adding debian:T-TeleSec_GlobalRoot_Class_2.pem\n#6 27.90 Adding debian:Actalis_Authentication_Root_CA.pem\n#6 27.90 Adding debian:XRamp_Global_CA_Root.pem\n#6 27.90 Adding debian:SecureSign_RootCA11.pem\n#6 27.90 Adding debian:AC_RAIZ_FNMT-RCM_SERVIDORES_SEGUROS.pem\n#6 27.90 Adding debian:GlobalSign_ECC_Root_CA_-_R4.pem\n#6 27.90 Adding debian:Entrust_Root_Certification_Authority_-_G2.pem\n#6 27.91 Adding debian:Autoridad_de_Certificacion_Firmaprofesional_CIF_A62634068.pem\n#6 27.91 Adding debian:Hellenic_Academic_and_Research_Institutions_RootCA_2015.pem\n#6 27.91 Adding debian:certSIGN_ROOT_CA.pem\n#6 27.91 Adding debian:DigiCert_Global_Root_G3.pem\n#6 27.91 Adding debian:ACCVRAIZ1.pem\n#6 27.91 Adding debian:Security_Communication_ECC_RootCA1.pem\n#6 27.91 Adding debian:D-TRUST_Root_Class_3_CA_2_2009.pem\n#6 27.91 Adding debian:QuoVadis_Root_CA_1_G3.pem\n#6 27.92 Adding debian:TWCA_Root_Certification_Authority.pem\n#6 27.92 Adding debian:emSign_ECC_Root_CA_-_C3.pem\n#6 27.92 Adding debian:Atos_TrustedRoot_2011.pem\n#6 27.92 Adding debian:Telia_Root_CA_v2.pem\n#6 27.92 Adding debian:DigiCert_Assured_ID_Root_G2.pem\n#6 27.92 Adding debian:Security_Communication_Root_CA.pem\n#6 27.92 Adding debian:Certainly_Root_R1.pem\n#6 27.92 Adding debian:COMODO_ECC_Certification_Authority.pem\n#6 27.92 Adding debian:AffirmTrust_Networking.pem\n#6 27.92 Adding debian:TUBITAK_Kamu_SM_SSL_Kok_Sertifikasi_-_Surum_1.pem\n#6 27.93 Adding debian:ePKI_Root_Certification_Authority.pem\n#6 27.93 Adding debian:Trustwave_Global_ECC_P384_Certification_Authority.pem\n#6 27.93 Adding debian:Sectigo_Public_Server_Authentication_Root_R46.pem\n#6 27.93 Adding debian:AffirmTrust_Commercial.pem\n#6 27.93 Adding debian:ISRG_Root_X1.pem\n#6 27.93 Adding debian:DigiCert_Assured_ID_Root_G3.pem\n#6 27.93 Adding debian:CFCA_EV_ROOT.pem\n#6 27.93 Adding debian:Buypass_Class_3_Root_CA.pem\n#6 27.93 Adding debian:Certum_Trusted_Root_CA.pem\n#6 27.94 Adding debian:e-Szigno_Root_CA_2017.pem\n#6 27.94 Adding debian:USERTrust_ECC_Certification_Authority.pem\n#6 27.94 Adding debian:GTS_Root_R4.pem\n#6 27.94 Adding debian:TunTrust_Root_CA.pem\n#6 27.94 Adding debian:Amazon_Root_CA_4.pem\n#6 27.94 Adding debian:TWCA_Global_Root_CA.pem\n#6 27.94 Adding debian:USERTrust_RSA_Certification_Authority.pem\n#6 27.94 Adding debian:Starfield_Root_Certificate_Authority_-_G2.pem\n#6 27.94 Adding debian:ISRG_Root_X2.pem\n#6 27.94 Adding debian:Atos_TrustedRoot_Root_CA_RSA_TLS_2021.pem\n#6 27.95 Adding debian:CA_Disig_Root_R2.pem\n#6 27.95 Adding debian:QuoVadis_Root_CA_3.pem\n#6 27.95 Adding debian:GTS_Root_R1.pem\n#6 27.95 Adding debian:GDCA_TrustAUTH_R5_ROOT.pem\n#6 27.95 Adding debian:UCA_Extended_Validation_Root.pem\n#6 27.95 Adding debian:GTS_Root_R2.pem\n#6 27.95 Adding debian:Go_Daddy_Class_2_CA.pem\n#6 27.95 Adding debian:AffirmTrust_Premium_ECC.pem\n#6 27.96 Adding debian:AC_RAIZ_FNMT-RCM.pem\n#6 27.96 Adding debian:GlobalSign_ECC_Root_CA_-_R5.pem\n#6 27.96 Adding debian:HARICA_TLS_RSA_Root_CA_2021.pem\n#6 27.96 Adding debian:D-TRUST_EV_Root_CA_1_2020.pem\n#6 27.96 Adding debian:Starfield_Services_Root_Certificate_Authority_-_G2.pem\n#6 27.96 Adding debian:Trustwave_Global_Certification_Authority.pem\n#6 27.96 Adding debian:emSign_Root_CA_-_C1.pem\n#6 27.96 Adding debian:GlobalSign_Root_R46.pem\n#6 27.96 Adding debian:SSL.com_TLS_ECC_Root_CA_2022.pem\n#6 27.97 Adding debian:DigiCert_TLS_RSA4096_Root_G5.pem\n#6 27.97 Adding debian:GLOBALTRUST_2020.pem\n#6 27.97 Adding debian:D-TRUST_Root_Class_3_CA_2_EV_2009.pem\n#6 27.97 Adding debian:TeliaSonera_Root_CA_v1.pem\n#6 27.97 Adding debian:SSL.com_Root_Certification_Authority_RSA.pem\n#6 27.99 done.\n#6 28.00 Setting up default-jre-headless (2:1.11-72build2) ...\n#6 28.00 Setting up openjdk-11-jre-headless:amd64 (11.0.27+6~us1-0ubuntu1~22.04) ...\n#6 28.03 update-alternatives: using /usr/lib/jvm/java-11-openjdk-amd64/bin/java to provide /usr/bin/java (java) in auto mode\n#6 28.03 update-alternatives: using /usr/lib/jvm/java-11-openjdk-amd64/bin/jjs to provide /usr/bin/jjs (jjs) in auto mode\n#6 28.04 update-alternatives: using /usr/lib/jvm/java-11-openjdk-amd64/bin/keytool to provide /usr/bin/keytool (keytool) in auto mode\n#6 28.04 update-alternatives: using /usr/lib/jvm/java-11-openjdk-amd64/bin/rmid to provide /usr/bin/rmid (rmid) in auto mode\n#6 28.04 update-alternatives: using /usr/lib/jvm/java-11-openjdk-amd64/bin/rmiregistry to provide /usr/bin/rmiregistry (rmiregistry) in auto mode\n#6 28.04 update-alternatives: using /usr/lib/jvm/java-11-openjdk-amd64/bin/pack200 to provide /usr/bin/pack200 (pack200) in auto mode\n#6 28.04 update-alternatives: using /usr/lib/jvm/java-11-openjdk-amd64/bin/unpack200 to provide /usr/bin/unpack200 (unpack200) in auto mode\n#6 28.04 update-alternatives: using /usr/lib/jvm/java-11-openjdk-amd64/lib/jexec to provide /usr/bin/jexec (jexec) in auto mode\n#6 28.42 Setting up adwaita-icon-theme (41.0-1ubuntu1) ...\n#6 28.45 update-alternatives: using /usr/share/icons/Adwaita/cursor.theme to provide /usr/share/icons/default/index.theme (x-cursor-theme) in auto mode\n#6 28.45 Setting up openjdk-8-jdk-headless:amd64 (8u452-ga~us1-0ubuntu1~22.04) ...\n#6 28.45 update-alternatives: using /usr/lib/jvm/java-8-openjdk-amd64/bin/clhsdb to provide /usr/bin/clhsdb (clhsdb) in auto mode\n#6 28.45 update-alternatives: using /usr/lib/jvm/java-8-openjdk-amd64/bin/extcheck to provide /usr/bin/extcheck (extcheck) in auto mode\n#6 28.46 update-alternatives: using /usr/lib/jvm/java-8-openjdk-amd64/bin/hsdb to provide /usr/bin/hsdb (hsdb) in auto mode\n#6 28.46 update-alternatives: using /usr/lib/jvm/java-8-openjdk-amd64/bin/idlj to provide /usr/bin/idlj (idlj) in auto mode\n#6 28.46 update-alternatives: using /usr/lib/jvm/java-8-openjdk-amd64/bin/jar to provide /usr/bin/jar (jar) in auto mode\n#6 28.46 update-alternatives: using /usr/lib/jvm/java-8-openjdk-amd64/bin/jarsigner to provide /usr/bin/jarsigner (jarsigner) in auto mode\n#6 28.46 update-alternatives: using /usr/lib/jvm/java-8-openjdk-amd64/bin/javac to provide /usr/bin/javac (javac) in auto mode\n#6 28.46 update-alternatives: using /usr/lib/jvm/java-8-openjdk-amd64/bin/javadoc to provide /usr/bin/javadoc (javadoc) in auto mode\n#6 28.47 update-alternatives: using /usr/lib/jvm/java-8-openjdk-amd64/bin/javah to provide /usr/bin/javah (javah) in auto mode\n#6 28.47 update-alternatives: using /usr/lib/jvm/java-8-openjdk-amd64/bin/javap to provide /usr/bin/javap (javap) in auto mode\n#6 28.47 update-alternatives: using /usr/lib/jvm/java-8-openjdk-amd64/bin/jcmd to provide /usr/bin/jcmd (jcmd) in auto mode\n#6 28.47 update-alternatives: using /usr/lib/jvm/java-8-openjdk-amd64/bin/jdb to provide /usr/bin/jdb (jdb) in auto mode\n#6 28.47 update-alternatives: using /usr/lib/jvm/java-8-openjdk-amd64/bin/jdeps to provide /usr/bin/jdeps (jdeps) in auto mode\n#6 28.47 update-alternatives: using /usr/lib/jvm/java-8-openjdk-amd64/bin/jfr to provide /usr/bin/jfr (jfr) in auto mode\n#6 28.48 update-alternatives: using /usr/lib/jvm/java-8-openjdk-amd64/bin/jhat to provide /usr/bin/jhat (jhat) in auto mode\n#6 28.48 update-alternatives: using /usr/lib/jvm/java-8-openjdk-amd64/bin/jinfo to provide /usr/bin/jinfo (jinfo) in auto mode\n#6 28.48 update-alternatives: using /usr/lib/jvm/java-8-openjdk-amd64/bin/jmap to provide /usr/bin/jmap (jmap) in auto mode\n#6 28.48 update-alternatives: using /usr/lib/jvm/java-8-openjdk-amd64/bin/jps to provide /usr/bin/jps (jps) in auto mode\n#6 28.48 update-alternatives: using /usr/lib/jvm/java-8-openjdk-amd64/bin/jrunscript to provide /usr/bin/jrunscript (jrunscript) in auto mode\n#6 28.48 update-alternatives: using /usr/lib/jvm/java-8-openjdk-amd64/bin/jsadebugd to provide /usr/bin/jsadebugd (jsadebugd) in auto mode\n#6 28.49 update-alternatives: using /usr/lib/jvm/java-8-openjdk-amd64/bin/jstack to provide /usr/bin/jstack (jstack) in auto mode\n#6 28.49 update-alternatives: using /usr/lib/jvm/java-8-openjdk-amd64/bin/jstat to provide /usr/bin/jstat (jstat) in auto mode\n#6 28.49 update-alternatives: using /usr/lib/jvm/java-8-openjdk-amd64/bin/jstatd to provide /usr/bin/jstatd (jstatd) in auto mode\n#6 28.49 update-alternatives: using /usr/lib/jvm/java-8-openjdk-amd64/bin/native2ascii to provide /usr/bin/native2ascii (native2ascii) in auto mode\n#6 28.49 update-alternatives: using /usr/lib/jvm/java-8-openjdk-amd64/bin/rmic to provide /usr/bin/rmic (rmic) in auto mode\n#6 28.50 update-alternatives: using /usr/lib/jvm/java-8-openjdk-amd64/bin/schemagen to provide /usr/bin/schemagen (schemagen) in auto mode\n#6 28.50 update-alternatives: using /usr/lib/jvm/java-8-openjdk-amd64/bin/serialver to provide /usr/bin/serialver (serialver) in auto mode\n#6 28.50 update-alternatives: using /usr/lib/jvm/java-8-openjdk-amd64/bin/wsgen to provide /usr/bin/wsgen (wsgen) in auto mode\n#6 28.50 update-alternatives: using /usr/lib/jvm/java-8-openjdk-amd64/bin/wsimport to provide /usr/bin/wsimport (wsimport) in auto mode\n#6 28.50 update-alternatives: using /usr/lib/jvm/java-8-openjdk-amd64/bin/xjc to provide /usr/bin/xjc (xjc) in auto mode\n#6 28.51 Setting up libgtk2.0-0:amd64 (2.24.33-2ubuntu2.1) ...\n#6 28.52 Setting up openjdk-8-jre:amd64 (8u452-ga~us1-0ubuntu1~22.04) ...\n#6 28.52 update-alternatives: using /usr/lib/jvm/java-8-openjdk-amd64/jre/bin/policytool to provide /usr/bin/policytool (policytool) in auto mode\n#6 28.52 Setting up humanity-icon-theme (0.6.16) ...\n#6 28.68 Setting up openjdk-8-jdk:amd64 (8u452-ga~us1-0ubuntu1~22.04) ...\n#6 28.69 update-alternatives: using /usr/lib/jvm/java-8-openjdk-amd64/bin/appletviewer to provide /usr/bin/appletviewer (appletviewer) in auto mode\n#6 28.69 update-alternatives: using /usr/lib/jvm/java-8-openjdk-amd64/bin/jconsole to provide /usr/bin/jconsole (jconsole) in auto mode\n#6 28.69 Setting up ubuntu-mono (20.10-0ubuntu2) ...\n#6 28.73 Processing triggers for libc-bin (2.35-0ubuntu3.10) ...\n#6 28.75 Processing triggers for ca-certificates (20240203~22.04.1) ...\n#6 28.75 Updating certificates in /etc/ssl/certs...\n#6 29.08 0 added, 0 removed; done.\n#6 29.08 Running hooks in /etc/ca-certificates/update.d...\n#6 29.08 \n#6 29.23 done.\n#6 29.23 done.\n#6 DONE 31.5s\n\n#7 [ 3/14] RUN useradd -ms /bin/bash cc\n#7 DONE 0.2s\n\n#8 [ 4/14] RUN mkdir -p /home/cc/EnvGym/data/SymMC\n#8 DONE 0.4s\n\n#9 [ 5/14] RUN chown -R cc:cc /home/cc\n#9 DONE 0.4s\n\n#10 [ 6/14] WORKDIR /home/cc/EnvGym/data/SymMC\n#10 DONE 0.1s\n\n#11 [ 7/14] RUN git clone https://github.com/niklasso/minisat.git /home/cc/minisat &&     cd /home/cc/minisat &&     git submodule update --init --recursive || true &&     ls -l &&     (cat README.md || true) &&     make clean || true &&     make -j$(nproc) > minisat_build.log 2>&1 || (         echo \"MiniSat build failed. Directory listing:\"; ls -l;         echo \"Makefile contents:\"; cat Makefile || true;         echo \"README.md:\"; cat README.md || true;         echo \"Last 50 lines of minisat_build.log:\"; tail -n 50 minisat_build.log || true;         cat minisat_build.log || true;         exit 1) &&     cat minisat_build.log || true\n#11 0.401 Cloning into '/home/cc/minisat'...\n#11 0.766 total 32\n#11 0.766 -rw-r--r-- 1 cc cc 2784 Jul 21 08:50 CMakeLists.txt\n#11 0.766 -rw-r--r-- 1 cc cc 1142 Jul 21 08:50 LICENSE\n#11 0.766 -rw-r--r-- 1 cc cc 9504 Jul 21 08:50 Makefile\n#11 0.766 -rw-r--r-- 1 cc cc 1959 Jul 21 08:50 README\n#11 0.766 drwxr-xr-x 2 cc cc 4096 Jul 21 08:50 doc\n#11 0.766 drwxr-xr-x 6 cc cc 4096 Jul 21 08:50 minisat\n#11 0.767 cat: README.md: No such file or directory\n#11 0.773 rm -f   build/release/minisat/core/Main.o  build/release/minisat/core/Solver.o  build/release/minisat/simp/Main.o  build/release/minisat/simp/SimpSolver.o  build/release/minisat/utils/Options.o  build/release/minisat/utils/System.o   build/debug/minisat/core/Main.o  build/debug/minisat/core/Solver.o  build/debug/minisat/simp/Main.o  build/debug/minisat/simp/SimpSolver.o  build/debug/minisat/utils/Options.o  build/debug/minisat/utils/System.o   build/profile/minisat/core/Main.o  build/profile/minisat/core/Solver.o  build/profile/minisat/simp/Main.o  build/profile/minisat/simp/SimpSolver.o  build/profile/minisat/utils/Options.o  build/profile/minisat/utils/System.o   build/dynamic/minisat/core/Main.o  build/dynamic/minisat/core/Solver.o  build/dynamic/minisat/simp/Main.o  build/dynamic/minisat/simp/SimpSolver.o  build/dynamic/minisat/utils/Options.o  build/dynamic/minisat/utils/System.o \\\n#11 0.773             build/release/minisat/core/Main.d  build/release/minisat/core/Solver.d  build/release/minisat/simp/Main.d  build/release/minisat/simp/SimpSolver.d  build/release/minisat/utils/Options.d  build/release/minisat/utils/System.d   build/debug/minisat/core/Main.d  build/debug/minisat/core/Solver.d  build/debug/minisat/simp/Main.d  build/debug/minisat/simp/SimpSolver.d  build/debug/minisat/utils/Options.d  build/debug/minisat/utils/System.d   build/profile/minisat/core/Main.d  build/profile/minisat/core/Solver.d  build/profile/minisat/simp/Main.d  build/profile/minisat/simp/SimpSolver.d  build/profile/minisat/utils/Options.d  build/profile/minisat/utils/System.d   build/dynamic/minisat/core/Main.d  build/dynamic/minisat/core/Solver.d  build/dynamic/minisat/simp/Main.d  build/dynamic/minisat/simp/SimpSolver.d  build/dynamic/minisat/utils/Options.d  build/dynamic/minisat/utils/System.d \\\n#11 0.773    build/release/bin/minisat_core build/release/bin/minisat  build/debug/bin/minisat_core build/debug/bin/minisat  build/profile/bin/minisat_core build/profile/bin/minisat  build/dynamic/bin/minisat_core build/dynamic/bin/minisat \\\n#11 0.773    build/release/lib/libminisat.a  build/debug/lib/libminisat.a  build/profile/lib/libminisat.a \\\n#11 0.773   build/dynamic/lib/libminisat.so.2.1.0\\\n#11 0.773   build/dynamic/lib/libminisat.so.2\\\n#11 0.773   build/dynamic/lib/libminisat.so\n#11 1.075 MiniSat build failed. Directory listing:\n#11 1.075 total 60\n#11 1.075 -rw-r--r-- 1 cc cc  2784 Jul 21 08:50 CMakeLists.txt\n#11 1.075 -rw-r--r-- 1 cc cc  1142 Jul 21 08:50 LICENSE\n#11 1.075 -rw-r--r-- 1 cc cc  9504 Jul 21 08:50 Makefile\n#11 1.075 -rw-r--r-- 1 cc cc  1959 Jul 21 08:50 README\n#11 1.075 drwxr-xr-x 4 cc cc  4096 Jul 21 08:50 build\n#11 1.075 drwxr-xr-x 2 cc cc  4096 Jul 21 08:50 doc\n#11 1.075 drwxr-xr-x 6 cc cc  4096 Jul 21 08:50 minisat\n#11 1.075 -rw-r--r-- 1 cc cc 20496 Jul 21 08:50 minisat_build.log\n#11 1.075 Makefile contents:\n#11 1.076 ###################################################################################################\n#11 1.076 \n#11 1.076 .PHONY:\tr d p sh cr cd cp csh lr ld lp lsh config all install install-headers install-lib\\\n#11 1.076         install-bin clean distclean\n#11 1.076 all:\tr lr lsh\n#11 1.076 \n#11 1.076 ## Load Previous Configuration ####################################################################\n#11 1.076 \n#11 1.076 -include config.mk\n#11 1.076 \n#11 1.076 ## Configurable options ###########################################################################\n#11 1.076 \n#11 1.076 # Directory to store object files, libraries, executables, and dependencies:\n#11 1.076 BUILD_DIR      ?= build\n#11 1.076 \n#11 1.076 # Include debug-symbols in release builds\n#11 1.076 MINISAT_RELSYM ?= -g\n#11 1.076 \n#11 1.076 # Sets of compile flags for different build types\n#11 1.076 MINISAT_REL    ?= -O3 -D NDEBUG\n#11 1.076 MINISAT_DEB    ?= -O0 -D DEBUG \n#11 1.076 MINISAT_PRF    ?= -O3 -D NDEBUG\n#11 1.076 MINISAT_FPIC   ?= -fpic\n#11 1.076 \n#11 1.076 # GNU Standard Install Prefix\n#11 1.076 prefix         ?= /usr/local\n#11 1.076 \n#11 1.076 ## Write Configuration  ###########################################################################\n#11 1.076 \n#11 1.076 config:\n#11 1.076 \t@( echo 'BUILD_DIR?=$(BUILD_DIR)'           ; \\\n#11 1.076 \t   echo 'MINISAT_RELSYM?=$(MINISAT_RELSYM)' ; \\\n#11 1.076 \t   echo 'MINISAT_REL?=$(MINISAT_REL)'       ; \\\n#11 1.076 \t   echo 'MINISAT_DEB?=$(MINISAT_DEB)'       ; \\\n#11 1.076 \t   echo 'MINISAT_PRF?=$(MINISAT_PRF)'       ; \\\n#11 1.076 \t   echo 'MINISAT_FPIC?=$(MINISAT_FPIC)'     ; \\\n#11 1.076 \t   echo 'prefix?=$(prefix)'                 ) > config.mk\n#11 1.076 \n#11 1.076 ## Configurable options end #######################################################################\n#11 1.076 \n#11 1.076 INSTALL ?= install\n#11 1.076 \n#11 1.076 # GNU Standard Install Variables\n#11 1.076 exec_prefix ?= $(prefix)\n#11 1.076 includedir  ?= $(prefix)/include\n#11 1.076 bindir      ?= $(exec_prefix)/bin\n#11 1.076 libdir      ?= $(exec_prefix)/lib\n#11 1.076 datarootdir ?= $(prefix)/share\n#11 1.076 mandir      ?= $(datarootdir)/man\n#11 1.076 \n#11 1.076 # Target file names\n#11 1.076 MINISAT      = minisat#       Name of MiniSat main executable.\n#11 1.076 MINISAT_CORE = minisat_core#  Name of simplified MiniSat executable (only core solver support).\n#11 1.076 MINISAT_SLIB = lib$(MINISAT).a#  Name of MiniSat static library.\n#11 1.076 MINISAT_DLIB = lib$(MINISAT).so# Name of MiniSat shared library.\n#11 1.076 \n#11 1.076 # Shared Library Version\n#11 1.076 SOMAJOR=2\n#11 1.076 SOMINOR=1\n#11 1.076 SORELEASE?=.0#   Declare empty to leave out from library file name.\n#11 1.076 \n#11 1.076 MINISAT_CXXFLAGS = -I. -D __STDC_LIMIT_MACROS -D __STDC_FORMAT_MACROS -Wall -Wno-parentheses -Wextra\n#11 1.076 MINISAT_LDFLAGS  = -Wall -lz\n#11 1.076 \n#11 1.076 ECHO=@echo\n#11 1.076 ifeq ($(VERB),)\n#11 1.076 VERB=@\n#11 1.076 else\n#11 1.076 VERB=\n#11 1.076 endif\n#11 1.076 \n#11 1.076 SRCS = $(wildcard minisat/core/*.cc) $(wildcard minisat/simp/*.cc) $(wildcard minisat/utils/*.cc)\n#11 1.076 HDRS = $(wildcard minisat/mtl/*.h) $(wildcard minisat/core/*.h) $(wildcard minisat/simp/*.h) $(wildcard minisat/utils/*.h)\n#11 1.076 OBJS = $(filter-out %Main.o, $(SRCS:.cc=.o))\n#11 1.076 \n#11 1.076 r:\t$(BUILD_DIR)/release/bin/$(MINISAT)\n#11 1.076 d:\t$(BUILD_DIR)/debug/bin/$(MINISAT)\n#11 1.076 p:\t$(BUILD_DIR)/profile/bin/$(MINISAT)\n#11 1.076 sh:\t$(BUILD_DIR)/dynamic/bin/$(MINISAT)\n#11 1.076 \n#11 1.076 cr:\t$(BUILD_DIR)/release/bin/$(MINISAT_CORE)\n#11 1.076 cd:\t$(BUILD_DIR)/debug/bin/$(MINISAT_CORE)\n#11 1.076 cp:\t$(BUILD_DIR)/profile/bin/$(MINISAT_CORE)\n#11 1.076 csh:\t$(BUILD_DIR)/dynamic/bin/$(MINISAT_CORE)\n#11 1.076 \n#11 1.076 lr:\t$(BUILD_DIR)/release/lib/$(MINISAT_SLIB)\n#11 1.076 ld:\t$(BUILD_DIR)/debug/lib/$(MINISAT_SLIB)\n#11 1.076 lp:\t$(BUILD_DIR)/profile/lib/$(MINISAT_SLIB)\n#11 1.076 lsh:\t$(BUILD_DIR)/dynamic/lib/$(MINISAT_DLIB).$(SOMAJOR).$(SOMINOR)$(SORELEASE)\n#11 1.076 \n#11 1.076 ## Build-type Compile-flags:\n#11 1.076 $(BUILD_DIR)/release/%.o:\t\t\tMINISAT_CXXFLAGS +=$(MINISAT_REL) $(MINISAT_RELSYM)\n#11 1.076 $(BUILD_DIR)/debug/%.o:\t\t\t\tMINISAT_CXXFLAGS +=$(MINISAT_DEB) -g\n#11 1.076 $(BUILD_DIR)/profile/%.o:\t\t\tMINISAT_CXXFLAGS +=$(MINISAT_PRF) -pg\n#11 1.076 $(BUILD_DIR)/dynamic/%.o:\t\t\tMINISAT_CXXFLAGS +=$(MINISAT_REL) $(MINISAT_FPIC)\n#11 1.076 \n#11 1.076 ## Build-type Link-flags:\n#11 1.076 $(BUILD_DIR)/profile/bin/$(MINISAT):\t\tMINISAT_LDFLAGS += -pg\n#11 1.076 $(BUILD_DIR)/release/bin/$(MINISAT):\t\tMINISAT_LDFLAGS += --static $(MINISAT_RELSYM)\n#11 1.076 $(BUILD_DIR)/profile/bin/$(MINISAT_CORE):\tMINISAT_LDFLAGS += -pg\n#11 1.076 $(BUILD_DIR)/release/bin/$(MINISAT_CORE):\tMINISAT_LDFLAGS += --static $(MINISAT_RELSYM)\n#11 1.076 \n#11 1.076 ## Executable dependencies\n#11 1.076 $(BUILD_DIR)/release/bin/$(MINISAT):\t \t$(BUILD_DIR)/release/minisat/simp/Main.o $(BUILD_DIR)/release/lib/$(MINISAT_SLIB)\n#11 1.076 $(BUILD_DIR)/debug/bin/$(MINISAT):\t \t$(BUILD_DIR)/debug/minisat/simp/Main.o $(BUILD_DIR)/debug/lib/$(MINISAT_SLIB)\n#11 1.076 $(BUILD_DIR)/profile/bin/$(MINISAT):\t \t$(BUILD_DIR)/profile/minisat/simp/Main.o $(BUILD_DIR)/profile/lib/$(MINISAT_SLIB)\n#11 1.076 # need the main-file be compiled with fpic?\n#11 1.076 $(BUILD_DIR)/dynamic/bin/$(MINISAT):\t \t$(BUILD_DIR)/dynamic/minisat/simp/Main.o $(BUILD_DIR)/dynamic/lib/$(MINISAT_DLIB)\n#11 1.076 \n#11 1.076 ## Executable dependencies (core-version)\n#11 1.076 $(BUILD_DIR)/release/bin/$(MINISAT_CORE):\t$(BUILD_DIR)/release/minisat/core/Main.o $(BUILD_DIR)/release/lib/$(MINISAT_SLIB)\n#11 1.076 $(BUILD_DIR)/debug/bin/$(MINISAT_CORE):\t \t$(BUILD_DIR)/debug/minisat/core/Main.o $(BUILD_DIR)/debug/lib/$(MINISAT_SLIB)\n#11 1.076 $(BUILD_DIR)/profile/bin/$(MINISAT_CORE):\t$(BUILD_DIR)/profile/minisat/core/Main.o $(BUILD_DIR)/profile/lib/$(MINISAT_SLIB)\n#11 1.076 # need the main-file be compiled with fpic?\n#11 1.076 $(BUILD_DIR)/dynamic/bin/$(MINISAT_CORE): \t$(BUILD_DIR)/dynamic/minisat/core/Main.o $(BUILD_DIR)/dynamic/lib/$(MINISAT_DLIB)\n#11 1.076 \n#11 1.076 ## Library dependencies\n#11 1.076 $(BUILD_DIR)/release/lib/$(MINISAT_SLIB):\t$(foreach o,$(OBJS),$(BUILD_DIR)/release/$(o))\n#11 1.076 $(BUILD_DIR)/debug/lib/$(MINISAT_SLIB):\t\t$(foreach o,$(OBJS),$(BUILD_DIR)/debug/$(o))\n#11 1.076 $(BUILD_DIR)/profile/lib/$(MINISAT_SLIB):\t$(foreach o,$(OBJS),$(BUILD_DIR)/profile/$(o))\n#11 1.076 $(BUILD_DIR)/dynamic/lib/$(MINISAT_DLIB).$(SOMAJOR).$(SOMINOR)$(SORELEASE)\\\n#11 1.076  $(BUILD_DIR)/dynamic/lib/$(MINISAT_DLIB).$(SOMAJOR)\\\n#11 1.076  $(BUILD_DIR)/dynamic/lib/$(MINISAT_DLIB):\t$(foreach o,$(OBJS),$(BUILD_DIR)/dynamic/$(o))\n#11 1.076 \n#11 1.076 ## Compile rules (these should be unified, buit I have not yet found a way which works in GNU Make)\n#11 1.076 $(BUILD_DIR)/release/%.o:\t%.cc\n#11 1.076 \t$(ECHO) Compiling: $@\n#11 1.076 \t$(VERB) mkdir -p $(dir $@)\n#11 1.076 \t$(VERB) $(CXX) $(MINISAT_CXXFLAGS) $(CXXFLAGS) -c -o $@ $< -MMD -MF $(BUILD_DIR)/release/$*.d\n#11 1.076 \n#11 1.076 $(BUILD_DIR)/profile/%.o:\t%.cc\n#11 1.076 \t$(ECHO) Compiling: $@\n#11 1.076 \t$(VERB) mkdir -p $(dir $@)\n#11 1.076 \t$(VERB) $(CXX) $(MINISAT_CXXFLAGS) $(CXXFLAGS) -c -o $@ $< -MMD -MF $(BUILD_DIR)/profile/$*.d\n#11 1.076 \n#11 1.076 $(BUILD_DIR)/debug/%.o:\t%.cc\n#11 1.076 \t$(ECHO) Compiling: $@\n#11 1.076 \t$(VERB) mkdir -p $(dir $@)\n#11 1.076 \t$(VERB) $(CXX) $(MINISAT_CXXFLAGS) $(CXXFLAGS) -c -o $@ $< -MMD -MF $(BUILD_DIR)/debug/$*.d\n#11 1.076 \n#11 1.076 $(BUILD_DIR)/dynamic/%.o:\t%.cc\n#11 1.076 \t$(ECHO) Compiling: $@\n#11 1.076 \t$(VERB) mkdir -p $(dir $@)\n#11 1.076 \t$(VERB) $(CXX) $(MINISAT_CXXFLAGS) $(CXXFLAGS) -c -o $@ $< -MMD -MF $(BUILD_DIR)/dynamic/$*.d\n#11 1.076 \n#11 1.076 ## Linking rule\n#11 1.076 $(BUILD_DIR)/release/bin/$(MINISAT) $(BUILD_DIR)/debug/bin/$(MINISAT) $(BUILD_DIR)/profile/bin/$(MINISAT) $(BUILD_DIR)/dynamic/bin/$(MINISAT)\\\n#11 1.076 $(BUILD_DIR)/release/bin/$(MINISAT_CORE) $(BUILD_DIR)/debug/bin/$(MINISAT_CORE) $(BUILD_DIR)/profile/bin/$(MINISAT_CORE) $(BUILD_DIR)/dynamic/bin/$(MINISAT_CORE):\n#11 1.076 \t$(ECHO) Linking Binary: $@\n#11 1.076 \t$(VERB) mkdir -p $(dir $@)\n#11 1.076 \t$(VERB) $(CXX) $^ $(MINISAT_LDFLAGS) $(LDFLAGS) -o $@\n#11 1.076 \n#11 1.076 ## Static Library rule\n#11 1.076 %/lib/$(MINISAT_SLIB):\n#11 1.076 \t$(ECHO) Linking Static Library: $@\n#11 1.076 \t$(VERB) mkdir -p $(dir $@)\n#11 1.076 \t$(VERB) $(AR) -rcs $@ $^\n#11 1.076 \n#11 1.076 ## Shared Library rule\n#11 1.076 $(BUILD_DIR)/dynamic/lib/$(MINISAT_DLIB).$(SOMAJOR).$(SOMINOR)$(SORELEASE)\\\n#11 1.076  $(BUILD_DIR)/dynamic/lib/$(MINISAT_DLIB).$(SOMAJOR)\\\n#11 1.076  $(BUILD_DIR)/dynamic/lib/$(MINISAT_DLIB):\n#11 1.076 \t$(ECHO) Linking Shared Library: $@\n#11 1.076 \t$(VERB) mkdir -p $(dir $@)\n#11 1.076 \t$(VERB) $(CXX) $(MINISAT_LDFLAGS) $(LDFLAGS) -o $@ -shared -Wl,-soname,$(MINISAT_DLIB).$(SOMAJOR) $^\n#11 1.076 \t$(VERB) ln -sf $(MINISAT_DLIB).$(SOMAJOR).$(SOMINOR)$(SORELEASE) $(BUILD_DIR)/dynamic/lib/$(MINISAT_DLIB).$(SOMAJOR)\n#11 1.076 \t$(VERB) ln -sf $(MINISAT_DLIB).$(SOMAJOR) $(BUILD_DIR)/dynamic/lib/$(MINISAT_DLIB)\n#11 1.076 \n#11 1.076 install:\tinstall-headers install-lib install-bin\n#11 1.076 install-debug:\tinstall-headers install-lib-debug\n#11 1.076 \n#11 1.076 install-headers:\n#11 1.076 #       Create directories\n#11 1.076 \t$(INSTALL) -d $(DESTDIR)$(includedir)/minisat\n#11 1.076 \tfor dir in mtl utils core simp; do \\\n#11 1.076 \t  $(INSTALL) -d $(DESTDIR)$(includedir)/minisat/$$dir ; \\\n#11 1.076 \tdone\n#11 1.076 #       Install headers\n#11 1.076 \tfor h in $(HDRS) ; do \\\n#11 1.076 \t  $(INSTALL) -m 644 $$h $(DESTDIR)$(includedir)/$$h ; \\\n#11 1.076 \tdone\n#11 1.076 \n#11 1.076 install-lib-debug: $(BUILD_DIR)/debug/lib/$(MINISAT_SLIB)\n#11 1.076 \t$(INSTALL) -d $(DESTDIR)$(libdir)\n#11 1.076 \t$(INSTALL) -m 644 $(BUILD_DIR)/debug/lib/$(MINISAT_SLIB) $(DESTDIR)$(libdir)\n#11 1.076 \n#11 1.076 install-lib: $(BUILD_DIR)/release/lib/$(MINISAT_SLIB) $(BUILD_DIR)/dynamic/lib/$(MINISAT_DLIB).$(SOMAJOR).$(SOMINOR)$(SORELEASE)\n#11 1.076 \t$(INSTALL) -d $(DESTDIR)$(libdir)\n#11 1.076 \t$(INSTALL) -m 644 $(BUILD_DIR)/dynamic/lib/$(MINISAT_DLIB).$(SOMAJOR).$(SOMINOR)$(SORELEASE) $(DESTDIR)$(libdir)\n#11 1.076 \tln -sf $(MINISAT_DLIB).$(SOMAJOR).$(SOMINOR)$(SORELEASE) $(DESTDIR)$(libdir)/$(MINISAT_DLIB).$(SOMAJOR)\n#11 1.076 \tln -sf $(MINISAT_DLIB).$(SOMAJOR) $(DESTDIR)$(libdir)/$(MINISAT_DLIB)\n#11 1.076 \t$(INSTALL) -m 644 $(BUILD_DIR)/release/lib/$(MINISAT_SLIB) $(DESTDIR)$(libdir)\n#11 1.076 \n#11 1.076 install-bin: $(BUILD_DIR)/dynamic/bin/$(MINISAT)\n#11 1.076 \t$(INSTALL) -d $(DESTDIR)$(bindir)\n#11 1.076 \t$(INSTALL) -m 755 $(BUILD_DIR)/dynamic/bin/$(MINISAT) $(DESTDIR)$(bindir)\n#11 1.076 \n#11 1.076 clean:\n#11 1.076 \trm -f $(foreach t, release debug profile dynamic, $(foreach o, $(SRCS:.cc=.o), $(BUILD_DIR)/$t/$o)) \\\n#11 1.076           $(foreach t, release debug profile dynamic, $(foreach d, $(SRCS:.cc=.d), $(BUILD_DIR)/$t/$d)) \\\n#11 1.076 \t  $(foreach t, release debug profile dynamic, $(BUILD_DIR)/$t/bin/$(MINISAT_CORE) $(BUILD_DIR)/$t/bin/$(MINISAT)) \\\n#11 1.076 \t  $(foreach t, release debug profile, $(BUILD_DIR)/$t/lib/$(MINISAT_SLIB)) \\\n#11 1.076 \t  $(BUILD_DIR)/dynamic/lib/$(MINISAT_DLIB).$(SOMAJOR).$(SOMINOR)$(SORELEASE)\\\n#11 1.076 \t  $(BUILD_DIR)/dynamic/lib/$(MINISAT_DLIB).$(SOMAJOR)\\\n#11 1.076 \t  $(BUILD_DIR)/dynamic/lib/$(MINISAT_DLIB)\n#11 1.076 \n#11 1.076 distclean:\tclean\n#11 1.076 \trm -f config.mk\n#11 1.076 \n#11 1.076 ## Include generated dependencies\n#11 1.076 -include $(foreach s, $(SRCS:.cc=.d), $(BUILD_DIR)/release/$s)\n#11 1.076 -include $(foreach s, $(SRCS:.cc=.d), $(BUILD_DIR)/debug/$s)\n#11 1.076 -include $(foreach s, $(SRCS:.cc=.d), $(BUILD_DIR)/profile/$s)\n#11 1.076 -include $(foreach s, $(SRCS:.cc=.d), $(BUILD_DIR)/dynamic/$s)\n#11 1.076 README.md:\n#11 1.077 cat: README.md: No such file or directory\n#11 1.077 Last 50 lines of minisat_build.log:\n#11 1.077 make: *** Waiting for unfinished jobs....\n#11 1.077 In file included from ./minisat/mtl/Alg.h:24,\n#11 1.077                  from minisat/core/Solver.cc:23:\n#11 1.077 ./minisat/mtl/Vec.h: In instantiation of 'void Minisat::vec<T, _Size>::capacity(Minisat::vec<T, _Size>::Size) [with T = Minisat::vec<Minisat::Solver::Watcher>; _Size = int; Minisat::vec<T, _Size>::Size = int]':\n#11 1.077 ./minisat/mtl/Vec.h:119:13:   required from 'void Minisat::vec<T, _Size>::growTo(Minisat::vec<T, _Size>::Size) [with T = Minisat::vec<Minisat::Solver::Watcher>; _Size = int; Minisat::vec<T, _Size>::Size = int]'\n#11 1.077 ./minisat/mtl/IntMap.h:48:58:   required from 'void Minisat::IntMap<K, V, MkIndex>::reserve(K) [with K = Minisat::Lit; V = Minisat::vec<Minisat::Solver::Watcher>; MkIndex = Minisat::MkIndexLit]'\n#11 1.077 ./minisat/core/SolverTypes.h:338:49:   required from 'void Minisat::OccLists<K, Vec, Deleted, MkIndex>::init(const K&) [with K = Minisat::Lit; Vec = Minisat::vec<Minisat::Solver::Watcher>; Deleted = Minisat::Solver::WatcherDeleted; MkIndex = Minisat::MkIndexLit]'\n#11 1.077 minisat/core/Solver.cc:128:19:   required from here\n#11 1.077 ./minisat/mtl/Vec.h:103:33: warning: 'void* realloc(void*, size_t)' moving an object of non-trivially copyable type 'class Minisat::vec<Minisat::Solver::Watcher>'; use 'new' and 'delete' instead [-Wclass-memaccess]\n#11 1.077   103 |     ||   (((data = (T*)::realloc(data, (cap += add) * sizeof(T))) == NULL) && errno == ENOMEM) )\n#11 1.077       |                        ~~~~~~~~~^~~~~~~~~~~~~~~~~~~~~~~~~~~~~~~~\n#11 1.077 In file included from ./minisat/mtl/Alg.h:24,\n#11 1.077                  from minisat/core/Solver.cc:23:\n#11 1.077 ./minisat/mtl/Vec.h:39:7: note: 'class Minisat::vec<Minisat::Solver::Watcher>' declared here\n#11 1.077    39 | class vec {\n#11 1.077       |       ^~~\n#11 1.077 In file included from ./minisat/mtl/Sort.h:24,\n#11 1.077                  from minisat/simp/SimpSolver.cc:21:\n#11 1.077 ./minisat/mtl/Vec.h: In instantiation of 'void Minisat::vec<T, _Size>::capacity(Minisat::vec<T, _Size>::Size) [with T = Minisat::vec<unsigned int>; _Size = int; Minisat::vec<T, _Size>::Size = int]':\n#11 1.077 ./minisat/mtl/Vec.h:119:13:   required from 'void Minisat::vec<T, _Size>::growTo(Minisat::vec<T, _Size>::Size) [with T = Minisat::vec<unsigned int>; _Size = int; Minisat::vec<T, _Size>::Size = int]'\n#11 1.077 ./minisat/mtl/IntMap.h:48:58:   required from 'void Minisat::IntMap<K, V, MkIndex>::reserve(K) [with K = int; V = Minisat::vec<unsigned int>; MkIndex = Minisat::MkIndexDefault<int>]'\n#11 1.077 ./minisat/core/SolverTypes.h:338:49:   required from 'void Minisat::OccLists<K, Vec, Deleted, MkIndex>::init(const K&) [with K = int; Vec = Minisat::vec<unsigned int>; Deleted = Minisat::SimpSolver::ClauseDeleted; MkIndex = Minisat::MkIndexDefault<int>]'\n#11 1.077 minisat/simp/SimpSolver.cc:86:26:   required from here\n#11 1.077 ./minisat/mtl/Vec.h:103:33: warning: 'void* realloc(void*, size_t)' moving an object of non-trivially copyable type 'class Minisat::vec<unsigned int>'; use 'new' and 'delete' instead [-Wclass-memaccess]\n#11 1.077   103 |     ||   (((data = (T*)::realloc(data, (cap += add) * sizeof(T))) == NULL) && errno == ENOMEM) )\n#11 1.077       |                        ~~~~~~~~~^~~~~~~~~~~~~~~~~~~~~~~~~~~~~~~~\n#11 1.077 In file included from ./minisat/mtl/Sort.h:24,\n#11 1.077                  from minisat/simp/SimpSolver.cc:21:\n#11 1.077 ./minisat/mtl/Vec.h:39:7: note: 'class Minisat::vec<unsigned int>' declared here\n#11 1.077    39 | class vec {\n#11 1.077       |       ^~~\n#11 1.077 In file included from ./minisat/mtl/Alg.h:24,\n#11 1.077                  from minisat/core/Solver.cc:23:\n#11 1.077 ./minisat/mtl/Vec.h: In instantiation of 'void Minisat::vec<T, _Size>::capacity(Minisat::vec<T, _Size>::Size) [with T = Minisat::vec<Minisat::Solver::Watcher>; _Size = int; Minisat::vec<T, _Size>::Size = int]':\n#11 1.077 ./minisat/mtl/Vec.h:119:13:   required from 'void Minisat::vec<T, _Size>::growTo(Minisat::vec<T, _Size>::Size) [with T = Minisat::vec<Minisat::Solver::Watcher>; _Size = int; Minisat::vec<T, _Size>::Size = int]'\n#11 1.077 ./minisat/mtl/IntMap.h:48:58:   required from 'void Minisat::IntMap<K, V, MkIndex>::reserve(K) [with K = Minisat::Lit; V = Minisat::vec<Minisat::Solver::Watcher>; MkIndex = Minisat::MkIndexLit]'\n#11 1.077 ./minisat/core/SolverTypes.h:338:49:   required from 'void Minisat::OccLists<K, Vec, Deleted, MkIndex>::init(const K&) [with K = Minisat::Lit; Vec = Minisat::vec<Minisat::Solver::Watcher>; Deleted = Minisat::Solver::WatcherDeleted; MkIndex = Minisat::MkIndexLit]'\n#11 1.077 minisat/core/Solver.cc:128:19:   required from here\n#11 1.077 ./minisat/mtl/Vec.h:103:33: warning: 'void* realloc(void*, size_t)' moving an object of non-trivially copyable type 'class Minisat::vec<Minisat::Solver::Watcher>'; use 'new' and 'delete' instead [-Wclass-memaccess]\n#11 1.077   103 |     ||   (((data = (T*)::realloc(data, (cap += add) * sizeof(T))) == NULL) && errno == ENOMEM) )\n#11 1.077       |                        ~~~~~~~~~^~~~~~~~~~~~~~~~~~~~~~~~~~~~~~~~\n#11 1.077 In file included from ./minisat/mtl/Alg.h:24,\n#11 1.077                  from minisat/core/Solver.cc:23:\n#11 1.077 ./minisat/mtl/Vec.h:39:7: note: 'class Minisat::vec<Minisat::Solver::Watcher>' declared here\n#11 1.077    39 | class vec {\n#11 1.077       |       ^~~\n#11 1.077 make: *** [Makefile:127: build/release/minisat/simp/SimpSolver.o] Error 1\n#11 1.077 make: *** [Makefile:142: build/dynamic/minisat/simp/SimpSolver.o] Error 1\n#11 1.077 make: *** [Makefile:127: build/release/minisat/core/Solver.o] Error 1\n#11 1.077 make: *** [Makefile:142: build/dynamic/minisat/core/Solver.o] Error 1\n#11 1.078 Compiling: build/release/minisat/simp/Main.o\n#11 1.078 Compiling: build/release/minisat/core/Solver.o\n#11 1.078 Compiling: build/release/minisat/simp/SimpSolver.o\n#11 1.078 Compiling: build/release/minisat/utils/Options.o\n#11 1.078 Compiling: build/release/minisat/utils/System.o\n#11 1.078 Compiling: build/dynamic/minisat/core/Solver.o\n#11 1.078 Compiling: build/dynamic/minisat/simp/SimpSolver.o\n#11 1.078 Compiling: build/dynamic/minisat/utils/Options.o\n#11 1.078 Compiling: build/dynamic/minisat/utils/System.o\n#11 1.078 In file included from minisat/utils/Options.cc:21:\n#11 1.078 ./minisat/utils/Options.h:285:29: warning: invalid suffix on literal; C++11 requires a space between literal and string macro [-Wliteral-suffix]\n#11 1.078   285 |             fprintf(stderr, \"%4\"PRIi64, range.begin);\n#11 1.078       |                             ^\n#11 1.078 ./minisat/utils/Options.h:291:29: warning: invalid suffix on literal; C++11 requires a space between literal and string macro [-Wliteral-suffix]\n#11 1.078   291 |             fprintf(stderr, \"%4\"PRIi64, range.end);\n#11 1.078       |                             ^\n#11 1.078 ./minisat/utils/Options.h:293:25: warning: invalid suffix on literal; C++11 requires a space between literal and string macro [-Wliteral-suffix]\n#11 1.078   293 |         fprintf(stderr, \"] (default: %\"PRIi64\")\\n\", value);\n#11 1.078       |                         ^\n#11 1.078 In file included from minisat/simp/Main.cc:26:\n#11 1.078 ./minisat/utils/Options.h:285:29: warning: invalid suffix on literal; C++11 requires a space between literal and string macro [-Wliteral-suffix]\n#11 1.078   285 |             fprintf(stderr, \"%4\"PRIi64, range.begin);\n#11 1.078       |                             ^\n#11 1.078 ./minisat/utils/Options.h:291:29: warning: invalid suffix on literal; C++11 requires a space between literal and string macro [-Wliteral-suffix]\n#11 1.078   291 |             fprintf(stderr, \"%4\"PRIi64, range.end);\n#11 1.078       |                             ^\n#11 1.078 ./minisat/utils/Options.h:293:25: warning: invalid suffix on literal; C++11 requires a space between literal and string macro [-Wliteral-suffix]\n#11 1.078   293 |         fprintf(stderr, \"] (default: %\"PRIi64\")\\n\", value);\n#11 1.078       |                         ^\n#11 1.078 In file included from ./minisat/core/Solver.h:28,\n#11 1.078                  from ./minisat/simp/SimpSolver.h:25,\n#11 1.078                  from minisat/simp/SimpSolver.cc:22:\n#11 1.078 ./minisat/utils/Options.h:285:29: warning: invalid suffix on literal; C++11 requires a space between literal and string macro [-Wliteral-suffix]\n#11 1.078   285 |             fprintf(stderr, \"%4\"PRIi64, range.begin);\n#11 1.078       |                             ^\n#11 1.078 In file included from minisat/utils/Options.cc:21:\n#11 1.078 ./minisat/utils/Options.h:285:29: warning: invalid suffix on literal; C++11 requires a space between literal and string macro [-Wliteral-suffix]\n#11 1.078   285 |             fprintf(stderr, \"%4\"PRIi64, range.begin);\n#11 1.078       |                             ^\n#11 1.078 ./minisat/utils/Options.h:291:29: warning: invalid suffix on literal; C++11 requires a space between literal and string macro [-Wliteral-suffix]\n#11 1.078   291 |             fprintf(stderr, \"%4\"PRIi64, range.end);\n#11 1.078       |                             ^\n#11 1.078 ./minisat/utils/Options.h:293:25: warning: invalid suffix on literal; C++11 requires a space between literal and string macro [-Wliteral-suffix]\n#11 1.078   293 |         fprintf(stderr, \"] (default: %\"PRIi64\")\\n\", value);\n#11 1.078       |                         ^\n#11 1.078 ./minisat/utils/Options.h:291:29: warning: invalid suffix on literal; C++11 requires a space between literal and string macro [-Wliteral-suffix]\n#11 1.078   291 |             fprintf(stderr, \"%4\"PRIi64, range.end);\n#11 1.078       |                             ^\n#11 1.078 ./minisat/utils/Options.h:293:25: warning: invalid suffix on literal; C++11 requires a space between literal and string macro [-Wliteral-suffix]\n#11 1.078   293 |         fprintf(stderr, \"] (default: %\"PRIi64\")\\n\", value);\n#11 1.078       |                         ^\n#11 1.078 In file included from ./minisat/core/Solver.h:28,\n#11 1.078                  from ./minisat/simp/SimpSolver.h:25,\n#11 1.078                  from minisat/simp/SimpSolver.cc:22:\n#11 1.078 ./minisat/utils/Options.h:285:29: warning: invalid suffix on literal; C++11 requires a space between literal and string macro [-Wliteral-suffix]\n#11 1.078   285 |             fprintf(stderr, \"%4\"PRIi64, range.begin);\n#11 1.078       |                             ^\n#11 1.078 ./minisat/utils/Options.h:291:29: warning: invalid suffix on literal; C++11 requires a space between literal and string macro [-Wliteral-suffix]\n#11 1.078   291 |             fprintf(stderr, \"%4\"PRIi64, range.end);\n#11 1.078       |                             ^\n#11 1.078 ./minisat/utils/Options.h:293:25: warning: invalid suffix on literal; C++11 requires a space between literal and string macro [-Wliteral-suffix]\n#11 1.078   293 |         fprintf(stderr, \"] (default: %\"PRIi64\")\\n\", value);\n#11 1.078       |                         ^\n#11 1.078 In file included from ./minisat/core/Solver.h:28,\n#11 1.078                  from minisat/core/Solver.cc:26:\n#11 1.078 ./minisat/utils/Options.h:285:29: warning: invalid suffix on literal; C++11 requires a space between literal and string macro [-Wliteral-suffix]\n#11 1.078   285 |             fprintf(stderr, \"%4\"PRIi64, range.begin);\n#11 1.078       |                             ^\n#11 1.078 ./minisat/utils/Options.h:291:29: warning: invalid suffix on literal; C++11 requires a space between literal and string macro [-Wliteral-suffix]\n#11 1.078   291 |             fprintf(stderr, \"%4\"PRIi64, range.end);\n#11 1.078       |                             ^\n#11 1.078 ./minisat/utils/Options.h:293:25: warning: invalid suffix on literal; C++11 requires a space between literal and string macro [-Wliteral-suffix]\n#11 1.078   293 |         fprintf(stderr, \"] (default: %\"PRIi64\")\\n\", value);\n#11 1.078       |                         ^\n#11 1.078 minisat/core/Solver.cc:995:12: warning: invalid suffix on literal; C++11 requires a space between literal and string macro [-Wliteral-suffix]\n#11 1.078   995 |     printf(\"restarts              : %\"PRIu64\"\\n\", starts);\n#11 1.078       |            ^\n#11 1.078 minisat/core/Solver.cc:996:12: warning: invalid suffix on literal; C++11 requires a space between literal and string macro [-Wliteral-suffix]\n#11 1.078   996 |     printf(\"conflicts             : %-12\"PRIu64\"   (%.0f /sec)\\n\", conflicts   , conflicts   /cpu_time);\n#11 1.078       |            ^\n#11 1.078 minisat/core/Solver.cc:997:12: warning: invalid suffix on literal; C++11 requires a space between literal and string macro [-Wliteral-suffix]\n#11 1.078   997 |     printf(\"decisions             : %-12\"PRIu64\"   (%4.2f %% random) (%.0f /sec)\\n\", decisions, (float)rnd_decisions*100 / (float)decisions, decisions   /cpu_time);\n#11 1.078       |            ^\n#11 1.078 minisat/core/Solver.cc:998:12: warning: invalid suffix on literal; C++11 requires a space between literal and string macro [-Wliteral-suffix]\n#11 1.078   998 |     printf(\"propagations          : %-12\"PRIu64\"   (%.0f /sec)\\n\", propagations, propagations/cpu_time);\n#11 1.078       |            ^\n#11 1.078 minisat/core/Solver.cc:999:12: warning: invalid suffix on literal; C++11 requires a space between literal and string macro [-Wliteral-suffix]\n#11 1.078   999 |     printf(\"conflict literals     : %-12\"PRIu64\"   (%4.2f %% deleted)\\n\", tot_literals, (max_literals - tot_literals)*100 / (double)max_literals);\n#11 1.078       |            ^\n#11 1.078 In file included from ./minisat/core/Solver.h:28,\n#11 1.078                  from minisat/core/Solver.cc:26:\n#11 1.078 ./minisat/utils/Options.h:285:29: warning: invalid suffix on literal; C++11 requires a space between literal and string macro [-Wliteral-suffix]\n#11 1.078   285 |             fprintf(stderr, \"%4\"PRIi64, range.begin);\n#11 1.078       |                             ^\n#11 1.078 ./minisat/utils/Options.h:291:29: warning: invalid suffix on literal; C++11 requires a space between literal and string macro [-Wliteral-suffix]\n#11 1.078   291 |             fprintf(stderr, \"%4\"PRIi64, range.end);\n#11 1.078       |                             ^\n#11 1.078 ./minisat/utils/Options.h:293:25: warning: invalid suffix on literal; C++11 requires a space between literal and string macro [-Wliteral-suffix]\n#11 1.078   293 |         fprintf(stderr, \"] (default: %\"PRIi64\")\\n\", value);\n#11 1.078       |                         ^\n#11 1.078 minisat/core/Solver.cc:995:12: warning: invalid suffix on literal; C++11 requires a space between literal and string macro [-Wliteral-suffix]\n#11 1.078   995 |     printf(\"restarts              : %\"PRIu64\"\\n\", starts);\n#11 1.078       |            ^\n#11 1.078 minisat/core/Solver.cc:996:12: warning: invalid suffix on literal; C++11 requires a space between literal and string macro [-Wliteral-suffix]\n#11 1.078   996 |     printf(\"conflicts             : %-12\"PRIu64\"   (%.0f /sec)\\n\", conflicts   , conflicts   /cpu_time);\n#11 1.078       |            ^\n#11 1.078 minisat/core/Solver.cc:997:12: warning: invalid suffix on literal; C++11 requires a space between literal and string macro [-Wliteral-suffix]\n#11 1.078   997 |     printf(\"decisions             : %-12\"PRIu64\"   (%4.2f %% random) (%.0f /sec)\\n\", decisions, (float)rnd_decisions*100 / (float)decisions, decisions   /cpu_time);\n#11 1.078       |            ^\n#11 1.078 minisat/core/Solver.cc:998:12: warning: invalid suffix on literal; C++11 requires a space between literal and string macro [-Wliteral-suffix]\n#11 1.078   998 |     printf(\"propagations          : %-12\"PRIu64\"   (%.0f /sec)\\n\", propagations, propagations/cpu_time);\n#11 1.078       |            ^\n#11 1.078 minisat/core/Solver.cc:999:12: warning: invalid suffix on literal; C++11 requires a space between literal and string macro [-Wliteral-suffix]\n#11 1.078   999 |     printf(\"conflict literals     : %-12\"PRIu64\"   (%4.2f %% deleted)\\n\", tot_literals, (max_literals - tot_literals)*100 / (double)max_literals);\n#11 1.078       |            ^\n#11 1.078 In file included from ./minisat/core/Solver.h:29,\n#11 1.078                  from ./minisat/simp/SimpSolver.h:25,\n#11 1.078                  from minisat/simp/SimpSolver.cc:22:\n#11 1.078 ./minisat/core/SolverTypes.h:55:16: error: friend declaration of 'Minisat::Lit mkLit(Minisat::Var, bool)' specifies default arguments and isn't a definition [-fpermissive]\n#11 1.078    55 |     friend Lit mkLit(Var var, bool sign = false);\n#11 1.078       |                ^~~~~\n#11 1.078 ./minisat/core/SolverTypes.h:63:14: error: friend declaration of 'Minisat::Lit Minisat::mkLit(Minisat::Var, bool)' specifies default arguments and isn't the only declaration [-fpermissive]\n#11 1.078    63 | inline  Lit  mkLit     (Var var, bool sign) { Lit p; p.x = var + var + (int)sign; return p; }\n#11 1.078       |              ^~~~~\n#11 1.078 ./minisat/core/SolverTypes.h:55:16: note: previous declaration of 'Minisat::Lit Minisat::mkLit(Minisat::Var, bool)'\n#11 1.078    55 |     friend Lit mkLit(Var var, bool sign = false);\n#11 1.078       |                ^~~~~\n#11 1.078 In file included from ./minisat/core/Dimacs.h:27,\n#11 1.078                  from minisat/simp/Main.cc:27:\n#11 1.078 ./minisat/core/SolverTypes.h:55:16: error: friend declaration of 'Minisat::Lit mkLit(Minisat::Var, bool)' specifies default arguments and isn't a definition [-fpermissive]\n#11 1.078    55 |     friend Lit mkLit(Var var, bool sign = false);\n#11 1.078       |                ^~~~~\n#11 1.078 ./minisat/core/SolverTypes.h:63:14: error: friend declaration of 'Minisat::Lit Minisat::mkLit(Minisat::Var, bool)' specifies default arguments and isn't the only declaration [-fpermissive]\n#11 1.078    63 | inline  Lit  mkLit     (Var var, bool sign) { Lit p; p.x = var + var + (int)sign; return p; }\n#11 1.078       |              ^~~~~\n#11 1.078 ./minisat/core/SolverTypes.h:55:16: note: previous declaration of 'Minisat::Lit Minisat::mkLit(Minisat::Var, bool)'\n#11 1.078    55 |     friend Lit mkLit(Var var, bool sign = false);\n#11 1.078       |                ^~~~~\n#11 1.078 In file included from ./minisat/core/Solver.h:29,\n#11 1.078                  from minisat/core/Solver.cc:26:\n#11 1.078 ./minisat/core/SolverTypes.h:55:16: error: friend declaration of 'Minisat::Lit mkLit(Minisat::Var, bool)' specifies default arguments and isn't a definition [-fpermissive]\n#11 1.078    55 |     friend Lit mkLit(Var var, bool sign = false);\n#11 1.078       |                ^~~~~\n#11 1.078 ./minisat/core/SolverTypes.h:63:14: error: friend declaration of 'Minisat::Lit Minisat::mkLit(Minisat::Var, bool)' specifies default arguments and isn't the only declaration [-fpermissive]\n#11 1.078    63 | inline  Lit  mkLit     (Var var, bool sign) { Lit p; p.x = var + var + (int)sign; return p; }\n#11 1.078       |              ^~~~~\n#11 1.078 ./minisat/core/SolverTypes.h:55:16: note: previous declaration of 'Minisat::Lit Minisat::mkLit(Minisat::Var, bool)'\n#11 1.078    55 |     friend Lit mkLit(Var var, bool sign = false);\n#11 1.078       |                ^~~~~\n#11 1.078 In file included from ./minisat/core/Solver.h:29,\n#11 1.078                  from ./minisat/simp/SimpSolver.h:25,\n#11 1.078                  from minisat/simp/SimpSolver.cc:22:\n#11 1.078 ./minisat/core/SolverTypes.h:55:16: error: friend declaration of 'Minisat::Lit mkLit(Minisat::Var, bool)' specifies default arguments and isn't a definition [-fpermissive]\n#11 1.078    55 |     friend Lit mkLit(Var var, bool sign = false);\n#11 1.078       |                ^~~~~\n#11 1.078 ./minisat/core/SolverTypes.h:63:14: error: friend declaration of 'Minisat::Lit Minisat::mkLit(Minisat::Var, bool)' specifies default arguments and isn't the only declaration [-fpermissive]\n#11 1.078    63 | inline  Lit  mkLit     (Var var, bool sign) { Lit p; p.x = var + var + (int)sign; return p; }\n#11 1.078       |              ^~~~~\n#11 1.078 ./minisat/core/SolverTypes.h:55:16: note: previous declaration of 'Minisat::Lit Minisat::mkLit(Minisat::Var, bool)'\n#11 1.078    55 |     friend Lit mkLit(Var var, bool sign = false);\n#11 1.078       |                ^~~~~\n#11 1.078 In file included from ./minisat/core/Solver.h:29,\n#11 1.078                  from minisat/core/Solver.cc:26:\n#11 1.078 ./minisat/core/SolverTypes.h:55:16: error: friend declaration of 'Minisat::Lit mkLit(Minisat::Var, bool)' specifies default arguments and isn't a definition [-fpermissive]\n#11 1.078    55 |     friend Lit mkLit(Var var, bool sign = false);\n#11 1.078       |                ^~~~~\n#11 1.078 ./minisat/core/SolverTypes.h:63:14: error: friend declaration of 'Minisat::Lit Minisat::mkLit(Minisat::Var, bool)' specifies default arguments and isn't the only declaration [-fpermissive]\n#11 1.078    63 | inline  Lit  mkLit     (Var var, bool sign) { Lit p; p.x = var + var + (int)sign; return p; }\n#11 1.078       |              ^~~~~\n#11 1.078 ./minisat/core/SolverTypes.h:55:16: note: previous declaration of 'Minisat::Lit Minisat::mkLit(Minisat::Var, bool)'\n#11 1.078    55 |     friend Lit mkLit(Var var, bool sign = false);\n#11 1.078       |                ^~~~~\n#11 1.078 In file included from ./minisat/mtl/Sort.h:24,\n#11 1.078                  from minisat/simp/SimpSolver.cc:21:\n#11 1.078 ./minisat/mtl/Vec.h: In instantiation of 'void Minisat::vec<T, _Size>::capacity(Minisat::vec<T, _Size>::Size) [with T = Minisat::vec<unsigned int>; _Size = int; Minisat::vec<T, _Size>::Size = int]':\n#11 1.078 ./minisat/mtl/Vec.h:119:13:   required from 'void Minisat::vec<T, _Size>::growTo(Minisat::vec<T, _Size>::Size) [with T = Minisat::vec<unsigned int>; _Size = int; Minisat::vec<T, _Size>::Size = int]'\n#11 1.078 ./minisat/mtl/IntMap.h:48:58:   required from 'void Minisat::IntMap<K, V, MkIndex>::reserve(K) [with K = int; V = Minisat::vec<unsigned int>; MkIndex = Minisat::MkIndexDefault<int>]'\n#11 1.078 ./minisat/core/SolverTypes.h:338:49:   required from 'void Minisat::OccLists<K, Vec, Deleted, MkIndex>::init(const K&) [with K = int; Vec = Minisat::vec<unsigned int>; Deleted = Minisat::SimpSolver::ClauseDeleted; MkIndex = Minisat::MkIndexDefault<int>]'\n#11 1.078 minisat/simp/SimpSolver.cc:86:26:   required from here\n#11 1.078 ./minisat/mtl/Vec.h:103:33: warning: 'void* realloc(void*, size_t)' moving an object of non-trivially copyable type 'class Minisat::vec<unsigned int>'; use 'new' and 'delete' instead [-Wclass-memaccess]\n#11 1.078   103 |     ||   (((data = (T*)::realloc(data, (cap += add) * sizeof(T))) == NULL) && errno == ENOMEM) )\n#11 1.078       |                        ~~~~~~~~~^~~~~~~~~~~~~~~~~~~~~~~~~~~~~~~~\n#11 1.078 In file included from ./minisat/mtl/Sort.h:24,\n#11 1.078                  from minisat/simp/SimpSolver.cc:21:\n#11 1.078 ./minisat/mtl/Vec.h:39:7: note: 'class Minisat::vec<unsigned int>' declared here\n#11 1.078    39 | class vec {\n#11 1.078       |       ^~~\n#11 1.078 make: *** [Makefile:127: build/release/minisat/simp/Main.o] Error 1\n#11 1.078 make: *** Waiting for unfinished jobs....\n#11 1.078 In file included from ./minisat/mtl/Alg.h:24,\n#11 1.078                  from minisat/core/Solver.cc:23:\n#11 1.078 ./minisat/mtl/Vec.h: In instantiation of 'void Minisat::vec<T, _Size>::capacity(Minisat::vec<T, _Size>::Size) [with T = Minisat::vec<Minisat::Solver::Watcher>; _Size = int; Minisat::vec<T, _Size>::Size = int]':\n#11 1.078 ./minisat/mtl/Vec.h:119:13:   required from 'void Minisat::vec<T, _Size>::growTo(Minisat::vec<T, _Size>::Size) [with T = Minisat::vec<Minisat::Solver::Watcher>; _Size = int; Minisat::vec<T, _Size>::Size = int]'\n#11 1.078 ./minisat/mtl/IntMap.h:48:58:   required from 'void Minisat::IntMap<K, V, MkIndex>::reserve(K) [with K = Minisat::Lit; V = Minisat::vec<Minisat::Solver::Watcher>; MkIndex = Minisat::MkIndexLit]'\n#11 1.078 ./minisat/core/SolverTypes.h:338:49:   required from 'void Minisat::OccLists<K, Vec, Deleted, MkIndex>::init(const K&) [with K = Minisat::Lit; Vec = Minisat::vec<Minisat::Solver::Watcher>; Deleted = Minisat::Solver::WatcherDeleted; MkIndex = Minisat::MkIndexLit]'\n#11 1.078 minisat/core/Solver.cc:128:19:   required from here\n#11 1.078 ./minisat/mtl/Vec.h:103:33: warning: 'void* realloc(void*, size_t)' moving an object of non-trivially copyable type 'class Minisat::vec<Minisat::Solver::Watcher>'; use 'new' and 'delete' instead [-Wclass-memaccess]\n#11 1.078   103 |     ||   (((data = (T*)::realloc(data, (cap += add) * sizeof(T))) == NULL) && errno == ENOMEM) )\n#11 1.078       |                        ~~~~~~~~~^~~~~~~~~~~~~~~~~~~~~~~~~~~~~~~~\n#11 1.078 In file included from ./minisat/mtl/Alg.h:24,\n#11 1.078                  from minisat/core/Solver.cc:23:\n#11 1.078 ./minisat/mtl/Vec.h:39:7: note: 'class Minisat::vec<Minisat::Solver::Watcher>' declared here\n#11 1.078    39 | class vec {\n#11 1.078       |       ^~~\n#11 1.078 In file included from ./minisat/mtl/Sort.h:24,\n#11 1.078                  from minisat/simp/SimpSolver.cc:21:\n#11 1.078 ./minisat/mtl/Vec.h: In instantiation of 'void Minisat::vec<T, _Size>::capacity(Minisat::vec<T, _Size>::Size) [with T = Minisat::vec<unsigned int>; _Size = int; Minisat::vec<T, _Size>::Size = int]':\n#11 1.078 ./minisat/mtl/Vec.h:119:13:   required from 'void Minisat::vec<T, _Size>::growTo(Minisat::vec<T, _Size>::Size) [with T = Minisat::vec<unsigned int>; _Size = int; Minisat::vec<T, _Size>::Size = int]'\n#11 1.078 ./minisat/mtl/IntMap.h:48:58:   required from 'void Minisat::IntMap<K, V, MkIndex>::reserve(K) [with K = int; V = Minisat::vec<unsigned int>; MkIndex = Minisat::MkIndexDefault<int>]'\n#11 1.078 ./minisat/core/SolverTypes.h:338:49:   required from 'void Minisat::OccLists<K, Vec, Deleted, MkIndex>::init(const K&) [with K = int; Vec = Minisat::vec<unsigned int>; Deleted = Minisat::SimpSolver::ClauseDeleted; MkIndex = Minisat::MkIndexDefault<int>]'\n#11 1.078 minisat/simp/SimpSolver.cc:86:26:   required from here\n#11 1.078 ./minisat/mtl/Vec.h:103:33: warning: 'void* realloc(void*, size_t)' moving an object of non-trivially copyable type 'class Minisat::vec<unsigned int>'; use 'new' and 'delete' instead [-Wclass-memaccess]\n#11 1.078   103 |     ||   (((data = (T*)::realloc(data, (cap += add) * sizeof(T))) == NULL) && errno == ENOMEM) )\n#11 1.078       |                        ~~~~~~~~~^~~~~~~~~~~~~~~~~~~~~~~~~~~~~~~~\n#11 1.078 In file included from ./minisat/mtl/Sort.h:24,\n#11 1.078                  from minisat/simp/SimpSolver.cc:21:\n#11 1.078 ./minisat/mtl/Vec.h:39:7: note: 'class Minisat::vec<unsigned int>' declared here\n#11 1.078    39 | class vec {\n#11 1.078       |       ^~~\n#11 1.078 In file included from ./minisat/mtl/Alg.h:24,\n#11 1.078                  from minisat/core/Solver.cc:23:\n#11 1.078 ./minisat/mtl/Vec.h: In instantiation of 'void Minisat::vec<T, _Size>::capacity(Minisat::vec<T, _Size>::Size) [with T = Minisat::vec<Minisat::Solver::Watcher>; _Size = int; Minisat::vec<T, _Size>::Size = int]':\n#11 1.078 ./minisat/mtl/Vec.h:119:13:   required from 'void Minisat::vec<T, _Size>::growTo(Minisat::vec<T, _Size>::Size) [with T = Minisat::vec<Minisat::Solver::Watcher>; _Size = int; Minisat::vec<T, _Size>::Size = int]'\n#11 1.078 ./minisat/mtl/IntMap.h:48:58:   required from 'void Minisat::IntMap<K, V, MkIndex>::reserve(K) [with K = Minisat::Lit; V = Minisat::vec<Minisat::Solver::Watcher>; MkIndex = Minisat::MkIndexLit]'\n#11 1.078 ./minisat/core/SolverTypes.h:338:49:   required from 'void Minisat::OccLists<K, Vec, Deleted, MkIndex>::init(const K&) [with K = Minisat::Lit; Vec = Minisat::vec<Minisat::Solver::Watcher>; Deleted = Minisat::Solver::WatcherDeleted; MkIndex = Minisat::MkIndexLit]'\n#11 1.078 minisat/core/Solver.cc:128:19:   required from here\n#11 1.078 ./minisat/mtl/Vec.h:103:33: warning: 'void* realloc(void*, size_t)' moving an object of non-trivially copyable type 'class Minisat::vec<Minisat::Solver::Watcher>'; use 'new' and 'delete' instead [-Wclass-memaccess]\n#11 1.078   103 |     ||   (((data = (T*)::realloc(data, (cap += add) * sizeof(T))) == NULL) && errno == ENOMEM) )\n#11 1.078       |                        ~~~~~~~~~^~~~~~~~~~~~~~~~~~~~~~~~~~~~~~~~\n#11 1.078 In file included from ./minisat/mtl/Alg.h:24,\n#11 1.078                  from minisat/core/Solver.cc:23:\n#11 1.078 ./minisat/mtl/Vec.h:39:7: note: 'class Minisat::vec<Minisat::Solver::Watcher>' declared here\n#11 1.078    39 | class vec {\n#11 1.078       |       ^~~\n#11 1.078 make: *** [Makefile:127: build/release/minisat/simp/SimpSolver.o] Error 1\n#11 1.078 make: *** [Makefile:142: build/dynamic/minisat/simp/SimpSolver.o] Error 1\n#11 1.078 make: *** [Makefile:127: build/release/minisat/core/Solver.o] Error 1\n#11 1.078 make: *** [Makefile:142: build/dynamic/minisat/core/Solver.o] Error 1\n#11 DONE 1.1s\n\n#12 [ 8/14] RUN if [ -f /home/cc/minisat/build/release/bin/minisat ]; then       ln -sf /home/cc/minisat/build/release/bin/minisat /home/cc/minisat/minisat-bin;     elif [ -f /home/cc/minisat/minisat ]; then       ln -sf /home/cc/minisat/minisat /home/cc/minisat/minisat-bin;     fi\n#12 DONE 0.4s\n\n#13 [ 9/14] COPY --chown=cc:cc . /home/cc/EnvGym/data/SymMC\n#13 DONE 1.1s\n\n#14 [10/14] RUN echo \"export JAVA_HOME=/usr/lib/jvm/java-8-openjdk-amd64\" >> /home/cc/.profile &&     echo \"export PATH=$JAVA_HOME/bin:/usr/bin/ant:$PATH\" >> /home/cc/.profile &&     echo \"export PATH=/home/cc/minisat/build/release/bin:/home/cc/minisat:$PATH\" >> /home/cc/.profile\n#14 DONE 0.2s\n\n#15 [11/14] RUN mkdir -p /home/cc/EnvGym/data/SymMC/test\n#15 DONE 0.5s\n\n#16 [12/14] WORKDIR /home/cc/EnvGym/data/SymMC\n#16 DONE 0.1s\n\n#17 [13/14] RUN cd Enhanced_Kodkod && ./build.sh\n#17 0.535 Buildfile: /home/cc/EnvGym/data/SymMC/Enhanced_Kodkod/build.xml\n#17 0.684 \n#17 0.684 compile:\n#17 0.705     [mkdir] Created dir: /home/cc/EnvGym/data/SymMC/Enhanced_Kodkod/bin\n#17 0.787     [javac] Compiling 309 source files to /home/cc/EnvGym/data/SymMC/Enhanced_Kodkod/bin\n#17 1.015     [javac] /home/cc/EnvGym/data/SymMC/Enhanced_Kodkod/src/edu/mit/csail/sdg/alloy4/TableView.java:29: error: unmappable character for encoding ASCII\n#17 1.015     [javac]     final static String  SUPERSCRIPTS = \"???????????????????????????\";\n#17 1.015     [javac]                                          ^\n#17 1.016     [javac] /home/cc/EnvGym/data/SymMC/Enhanced_Kodkod/src/edu/mit/csail/sdg/alloy4/TableView.java:29: error: unmappable character for encoding ASCII\n#17 1.016     [javac]     final static String  SUPERSCRIPTS = \"???????????????????????????\";\n#17 1.016     [javac]                                           ^\n#17 1.016     [javac] /home/cc/EnvGym/data/SymMC/Enhanced_Kodkod/src/edu/mit/csail/sdg/alloy4/TableView.java:29: error: unmappable character for encoding ASCII\n#17 1.016     [javac]     final static String  SUPERSCRIPTS = \"???????????????????????????\";\n#17 1.016     [javac]                                            ^\n#17 1.017     [javac] /home/cc/EnvGym/data/SymMC/Enhanced_Kodkod/src/edu/mit/csail/sdg/alloy4/TableView.java:29: error: unmappable character for encoding ASCII\n#17 1.017     [javac]     final static String  SUPERSCRIPTS = \"???????????????????????????\";\n#17 1.017     [javac]                                             ^\n#17 1.017     [javac] /home/cc/EnvGym/data/SymMC/Enhanced_Kodkod/src/edu/mit/csail/sdg/alloy4/TableView.java:29: error: unmappable character for encoding ASCII\n#17 1.017     [javac]     final static String  SUPERSCRIPTS = \"???????????????????????????\";\n#17 1.017     [javac]                                              ^\n#17 1.017     [javac] /home/cc/EnvGym/data/SymMC/Enhanced_Kodkod/src/edu/mit/csail/sdg/alloy4/TableView.java:29: error: unmappable character for encoding ASCII\n#17 1.018     [javac]     final static String  SUPERSCRIPTS = \"???????????????????????????\";\n#17 1.018     [javac]                                               ^\n#17 1.018     [javac] /home/cc/EnvGym/data/SymMC/Enhanced_Kodkod/src/edu/mit/csail/sdg/alloy4/TableView.java:29: error: unmappable character for encoding ASCII\n#17 1.018     [javac]     final static String  SUPERSCRIPTS = \"???????????????????????????\";\n#17 1.018     [javac]                                                ^\n#17 1.018     [javac] /home/cc/EnvGym/data/SymMC/Enhanced_Kodkod/src/edu/mit/csail/sdg/alloy4/TableView.java:29: error: unmappable character for encoding ASCII\n#17 1.018     [javac]     final static String  SUPERSCRIPTS = \"???????????????????????????\";\n#17 1.018     [javac]                                                 ^\n#17 1.018     [javac] /home/cc/EnvGym/data/SymMC/Enhanced_Kodkod/src/edu/mit/csail/sdg/alloy4/TableView.java:29: error: unmappable character for encoding ASCII\n#17 1.019     [javac]     final static String  SUPERSCRIPTS = \"???????????????????????????\";\n#17 1.019     [javac]                                                  ^\n#17 1.019     [javac] /home/cc/EnvGym/data/SymMC/Enhanced_Kodkod/src/edu/mit/csail/sdg/alloy4/TableView.java:29: error: unmappable character for encoding ASCII\n#17 1.019     [javac]     final static String  SUPERSCRIPTS = \"???????????????????????????\";\n#17 1.019     [javac]                                                   ^\n#17 1.019     [javac] /home/cc/EnvGym/data/SymMC/Enhanced_Kodkod/src/edu/mit/csail/sdg/alloy4/TableView.java:29: error: unmappable character for encoding ASCII\n#17 1.019     [javac]     final static String  SUPERSCRIPTS = \"???????????????????????????\";\n#17 1.020     [javac]                                                    ^\n#17 1.020     [javac] /home/cc/EnvGym/data/SymMC/Enhanced_Kodkod/src/edu/mit/csail/sdg/alloy4/TableView.java:29: error: unmappable character for encoding ASCII\n#17 1.020     [javac]     final static String  SUPERSCRIPTS = \"???????????????????????????\";\n#17 1.020     [javac]                                                     ^\n#17 1.020     [javac] /home/cc/EnvGym/data/SymMC/Enhanced_Kodkod/src/edu/mit/csail/sdg/alloy4/TableView.java:29: error: unmappable character for encoding ASCII\n#17 1.020     [javac]     final static String  SUPERSCRIPTS = \"???????????????????????????\";\n#17 1.020     [javac]                                                      ^\n#17 1.020     [javac] /home/cc/EnvGym/data/SymMC/Enhanced_Kodkod/src/edu/mit/csail/sdg/alloy4/TableView.java:29: error: unmappable character for encoding ASCII\n#17 1.020     [javac]     final static String  SUPERSCRIPTS = \"???????????????????????????\";\n#17 1.020     [javac]                                                       ^\n#17 1.021     [javac] /home/cc/EnvGym/data/SymMC/Enhanced_Kodkod/src/edu/mit/csail/sdg/alloy4/TableView.java:29: error: unmappable character for encoding ASCII\n#17 1.021     [javac]     final static String  SUPERSCRIPTS = \"???????????????????????????\";\n#17 1.021     [javac]                                                        ^\n#17 1.021     [javac] /home/cc/EnvGym/data/SymMC/Enhanced_Kodkod/src/edu/mit/csail/sdg/alloy4/TableView.java:29: error: unmappable character for encoding ASCII\n#17 1.021     [javac]     final static String  SUPERSCRIPTS = \"???????????????????????????\";\n#17 1.021     [javac]                                                         ^\n#17 1.021     [javac] /home/cc/EnvGym/data/SymMC/Enhanced_Kodkod/src/edu/mit/csail/sdg/alloy4/TableView.java:29: error: unmappable character for encoding ASCII\n#17 1.022     [javac]     final static String  SUPERSCRIPTS = \"???????????????????????????\";\n#17 1.022     [javac]                                                          ^\n#17 1.022     [javac] /home/cc/EnvGym/data/SymMC/Enhanced_Kodkod/src/edu/mit/csail/sdg/alloy4/TableView.java:29: error: unmappable character for encoding ASCII\n#17 1.022     [javac]     final static String  SUPERSCRIPTS = \"???????????????????????????\";\n#17 1.022     [javac]                                                           ^\n#17 1.022     [javac] /home/cc/EnvGym/data/SymMC/Enhanced_Kodkod/src/edu/mit/csail/sdg/alloy4/TableView.java:29: error: unmappable character for encoding ASCII\n#17 1.022     [javac]     final static String  SUPERSCRIPTS = \"???????????????????????????\";\n#17 1.022     [javac]                                                            ^\n#17 1.022     [javac] /home/cc/EnvGym/data/SymMC/Enhanced_Kodkod/src/edu/mit/csail/sdg/alloy4/TableView.java:29: error: unmappable character for encoding ASCII\n#17 1.022     [javac]     final static String  SUPERSCRIPTS = \"???????????????????????????\";\n#17 1.022     [javac]                                                             ^\n#17 1.023     [javac] /home/cc/EnvGym/data/SymMC/Enhanced_Kodkod/src/edu/mit/csail/sdg/alloy4/TableView.java:29: error: unmappable character for encoding ASCII\n#17 1.023     [javac]     final static String  SUPERSCRIPTS = \"???????????????????????????\";\n#17 1.023     [javac]                                                              ^\n#17 1.023     [javac] /home/cc/EnvGym/data/SymMC/Enhanced_Kodkod/src/edu/mit/csail/sdg/alloy4/TableView.java:29: error: unmappable character for encoding ASCII\n#17 1.023     [javac]     final static String  SUPERSCRIPTS = \"???????????????????????????\";\n#17 1.023     [javac]                                                               ^\n#17 1.023     [javac] /home/cc/EnvGym/data/SymMC/Enhanced_Kodkod/src/edu/mit/csail/sdg/alloy4/TableView.java:29: error: unmappable character for encoding ASCII\n#17 1.024     [javac]     final static String  SUPERSCRIPTS = \"???????????????????????????\";\n#17 1.024     [javac]                                                                ^\n#17 1.024     [javac] /home/cc/EnvGym/data/SymMC/Enhanced_Kodkod/src/edu/mit/csail/sdg/alloy4/TableView.java:29: error: unmappable character for encoding ASCII\n#17 1.024     [javac]     final static String  SUPERSCRIPTS = \"???????????????????????????\";\n#17 1.024     [javac]                                                                 ^\n#17 1.024     [javac] /home/cc/EnvGym/data/SymMC/Enhanced_Kodkod/src/edu/mit/csail/sdg/alloy4/TableView.java:29: error: unmappable character for encoding ASCII\n#17 1.024     [javac]     final static String  SUPERSCRIPTS = \"???????????????????????????\";\n#17 1.024     [javac]                                                                  ^\n#17 1.024     [javac] /home/cc/EnvGym/data/SymMC/Enhanced_Kodkod/src/edu/mit/csail/sdg/alloy4/TableView.java:29: error: unmappable character for encoding ASCII\n#17 1.024     [javac]     final static String  SUPERSCRIPTS = \"???????????????????????????\";\n#17 1.024     [javac]                                                                   ^\n#17 1.025     [javac] /home/cc/EnvGym/data/SymMC/Enhanced_Kodkod/src/edu/mit/csail/sdg/alloy4/TableView.java:29: error: unmappable character for encoding ASCII\n#17 1.025     [javac]     final static String  SUPERSCRIPTS = \"???????????????????????????\";\n#17 1.025     [javac]                                                                    ^\n#17 1.025     [javac] /home/cc/EnvGym/data/SymMC/Enhanced_Kodkod/src/edu/mit/csail/sdg/alloy4/TableView.java:30: error: unmappable character for encoding ASCII\n#17 1.025     [javac]     final static String  SUBSCRIPTS   = \"??????????????????????????????\";\n#17 1.025     [javac]                                          ^\n#17 1.025     [javac] /home/cc/EnvGym/data/SymMC/Enhanced_Kodkod/src/edu/mit/csail/sdg/alloy4/TableView.java:30: error: unmappable character for encoding ASCII\n#17 1.025     [javac]     final static String  SUBSCRIPTS   = \"??????????????????????????????\";\n#17 1.025     [javac]                                           ^\n#17 1.026     [javac] /home/cc/EnvGym/data/SymMC/Enhanced_Kodkod/src/edu/mit/csail/sdg/alloy4/TableView.java:30: error: unmappable character for encoding ASCII\n#17 1.026     [javac]     final static String  SUBSCRIPTS   = \"??????????????????????????????\";\n#17 1.026     [javac]                                            ^\n#17 1.026     [javac] /home/cc/EnvGym/data/SymMC/Enhanced_Kodkod/src/edu/mit/csail/sdg/alloy4/TableView.java:30: error: unmappable character for encoding ASCII\n#17 1.026     [javac]     final static String  SUBSCRIPTS   = \"??????????????????????????????\";\n#17 1.026     [javac]                                             ^\n#17 1.026     [javac] /home/cc/EnvGym/data/SymMC/Enhanced_Kodkod/src/edu/mit/csail/sdg/alloy4/TableView.java:30: error: unmappable character for encoding ASCII\n#17 1.026     [javac]     final static String  SUBSCRIPTS   = \"??????????????????????????????\";\n#17 1.026     [javac]                                              ^\n#17 1.026     [javac] /home/cc/EnvGym/data/SymMC/Enhanced_Kodkod/src/edu/mit/csail/sdg/alloy4/TableView.java:30: error: unmappable character for encoding ASCII\n#17 1.026     [javac]     final static String  SUBSCRIPTS   = \"??????????????????????????????\";\n#17 1.026     [javac]                                               ^\n#17 1.027     [javac] /home/cc/EnvGym/data/SymMC/Enhanced_Kodkod/src/edu/mit/csail/sdg/alloy4/TableView.java:30: error: unmappable character for encoding ASCII\n#17 1.027     [javac]     final static String  SUBSCRIPTS   = \"??????????????????????????????\";\n#17 1.027     [javac]                                                ^\n#17 1.027     [javac] /home/cc/EnvGym/data/SymMC/Enhanced_Kodkod/src/edu/mit/csail/sdg/alloy4/TableView.java:30: error: unmappable character for encoding ASCII\n#17 1.027     [javac]     final static String  SUBSCRIPTS   = \"??????????????????????????????\";\n#17 1.027     [javac]                                                 ^\n#17 1.027     [javac] /home/cc/EnvGym/data/SymMC/Enhanced_Kodkod/src/edu/mit/csail/sdg/alloy4/TableView.java:30: error: unmappable character for encoding ASCII\n#17 1.027     [javac]     final static String  SUBSCRIPTS   = \"??????????????????????????????\";\n#17 1.027     [javac]                                                  ^\n#17 1.027     [javac] /home/cc/EnvGym/data/SymMC/Enhanced_Kodkod/src/edu/mit/csail/sdg/alloy4/TableView.java:30: error: unmappable character for encoding ASCII\n#17 1.028     [javac]     final static String  SUBSCRIPTS   = \"??????????????????????????????\";\n#17 1.028     [javac]                                                   ^\n#17 1.028     [javac] /home/cc/EnvGym/data/SymMC/Enhanced_Kodkod/src/edu/mit/csail/sdg/alloy4/TableView.java:30: error: unmappable character for encoding ASCII\n#17 1.028     [javac]     final static String  SUBSCRIPTS   = \"??????????????????????????????\";\n#17 1.028     [javac]                                                    ^\n#17 1.028     [javac] /home/cc/EnvGym/data/SymMC/Enhanced_Kodkod/src/edu/mit/csail/sdg/alloy4/TableView.java:30: error: unmappable character for encoding ASCII\n#17 1.028     [javac]     final static String  SUBSCRIPTS   = \"??????????????????????????????\";\n#17 1.028     [javac]                                                     ^\n#17 1.028     [javac] /home/cc/EnvGym/data/SymMC/Enhanced_Kodkod/src/edu/mit/csail/sdg/alloy4/TableView.java:30: error: unmappable character for encoding ASCII\n#17 1.028     [javac]     final static String  SUBSCRIPTS   = \"??????????????????????????????\";\n#17 1.028     [javac]                                                      ^\n#17 1.028     [javac] /home/cc/EnvGym/data/SymMC/Enhanced_Kodkod/src/edu/mit/csail/sdg/alloy4/TableView.java:30: error: unmappable character for encoding ASCII\n#17 1.028     [javac]     final static String  SUBSCRIPTS   = \"??????????????????????????????\";\n#17 1.028     [javac]                                                       ^\n#17 1.029     [javac] /home/cc/EnvGym/data/SymMC/Enhanced_Kodkod/src/edu/mit/csail/sdg/alloy4/TableView.java:30: error: unmappable character for encoding ASCII\n#17 1.029     [javac]     final static String  SUBSCRIPTS   = \"??????????????????????????????\";\n#17 1.029     [javac]                                                        ^\n#17 1.029     [javac] /home/cc/EnvGym/data/SymMC/Enhanced_Kodkod/src/edu/mit/csail/sdg/alloy4/TableView.java:30: error: unmappable character for encoding ASCII\n#17 1.029     [javac]     final static String  SUBSCRIPTS   = \"??????????????????????????????\";\n#17 1.029     [javac]                                                         ^\n#17 1.029     [javac] /home/cc/EnvGym/data/SymMC/Enhanced_Kodkod/src/edu/mit/csail/sdg/alloy4/TableView.java:30: error: unmappable character for encoding ASCII\n#17 1.029     [javac]     final static String  SUBSCRIPTS   = \"??????????????????????????????\";\n#17 1.029     [javac]                                                          ^\n#17 1.030     [javac] /home/cc/EnvGym/data/SymMC/Enhanced_Kodkod/src/edu/mit/csail/sdg/alloy4/TableView.java:30: error: unmappable character for encoding ASCII\n#17 1.030     [javac]     final static String  SUBSCRIPTS   = \"??????????????????????????????\";\n#17 1.030     [javac]                                                           ^\n#17 1.030     [javac] /home/cc/EnvGym/data/SymMC/Enhanced_Kodkod/src/edu/mit/csail/sdg/alloy4/TableView.java:30: error: unmappable character for encoding ASCII\n#17 1.030     [javac]     final static String  SUBSCRIPTS   = \"??????????????????????????????\";\n#17 1.030     [javac]                                                            ^\n#17 1.030     [javac] /home/cc/EnvGym/data/SymMC/Enhanced_Kodkod/src/edu/mit/csail/sdg/alloy4/TableView.java:30: error: unmappable character for encoding ASCII\n#17 1.030     [javac]     final static String  SUBSCRIPTS   = \"??????????????????????????????\";\n#17 1.030     [javac]                                                             ^\n#17 1.030     [javac] /home/cc/EnvGym/data/SymMC/Enhanced_Kodkod/src/edu/mit/csail/sdg/alloy4/TableView.java:30: error: unmappable character for encoding ASCII\n#17 1.030     [javac]     final static String  SUBSCRIPTS   = \"??????????????????????????????\";\n#17 1.030     [javac]                                                              ^\n#17 1.030     [javac] /home/cc/EnvGym/data/SymMC/Enhanced_Kodkod/src/edu/mit/csail/sdg/alloy4/TableView.java:30: error: unmappable character for encoding ASCII\n#17 1.030     [javac]     final static String  SUBSCRIPTS   = \"??????????????????????????????\";\n#17 1.030     [javac]                                                               ^\n#17 1.030     [javac] /home/cc/EnvGym/data/SymMC/Enhanced_Kodkod/src/edu/mit/csail/sdg/alloy4/TableView.java:30: error: unmappable character for encoding ASCII\n#17 1.031     [javac]     final static String  SUBSCRIPTS   = \"??????????????????????????????\";\n#17 1.031     [javac]                                                                ^\n#17 1.031     [javac] /home/cc/EnvGym/data/SymMC/Enhanced_Kodkod/src/edu/mit/csail/sdg/alloy4/TableView.java:30: error: unmappable character for encoding ASCII\n#17 1.031     [javac]     final static String  SUBSCRIPTS   = \"??????????????????????????????\";\n#17 1.031     [javac]                                                                 ^\n#17 1.031     [javac] /home/cc/EnvGym/data/SymMC/Enhanced_Kodkod/src/edu/mit/csail/sdg/alloy4/TableView.java:30: error: unmappable character for encoding ASCII\n#17 1.031     [javac]     final static String  SUBSCRIPTS   = \"??????????????????????????????\";\n#17 1.031     [javac]                                                                  ^\n#17 1.031     [javac] /home/cc/EnvGym/data/SymMC/Enhanced_Kodkod/src/edu/mit/csail/sdg/alloy4/TableView.java:30: error: unmappable character for encoding ASCII\n#17 1.031     [javac]     final static String  SUBSCRIPTS   = \"??????????????????????????????\";\n#17 1.031     [javac]                                                                   ^\n#17 1.031     [javac] /home/cc/EnvGym/data/SymMC/Enhanced_Kodkod/src/edu/mit/csail/sdg/alloy4/TableView.java:30: error: unmappable character for encoding ASCII\n#17 1.031     [javac]     final static String  SUBSCRIPTS   = \"??????????????????????????????\";\n#17 1.031     [javac]                                                                    ^\n#17 1.031     [javac] /home/cc/EnvGym/data/SymMC/Enhanced_Kodkod/src/edu/mit/csail/sdg/alloy4/TableView.java:30: error: unmappable character for encoding ASCII\n#17 1.031     [javac]     final static String  SUBSCRIPTS   = \"??????????????????????????????\";\n#17 1.032     [javac]                                                                     ^\n#17 1.032     [javac] /home/cc/EnvGym/data/SymMC/Enhanced_Kodkod/src/edu/mit/csail/sdg/alloy4/TableView.java:30: error: unmappable character for encoding ASCII\n#17 1.032     [javac]     final static String  SUBSCRIPTS   = \"??????????????????????????????\";\n#17 1.032     [javac]                                                                      ^\n#17 1.032     [javac] /home/cc/EnvGym/data/SymMC/Enhanced_Kodkod/src/edu/mit/csail/sdg/alloy4/TableView.java:30: error: unmappable character for encoding ASCII\n#17 1.032     [javac]     final static String  SUBSCRIPTS   = \"??????????????????????????????\";\n#17 1.032     [javac]                                                                       ^\n#17 1.032     [javac] /home/cc/EnvGym/data/SymMC/Enhanced_Kodkod/src/edu/mit/csail/sdg/alloy4/TableView.java:31: error: unmappable character for encoding ASCII\n#17 1.032     [javac]     final static String  BOX_SINGLE   = \"?????????????????????????????????\";\n#17 1.032     [javac]                                          ^\n#17 1.032     [javac] /home/cc/EnvGym/data/SymMC/Enhanced_Kodkod/src/edu/mit/csail/sdg/alloy4/TableView.java:31: error: unmappable character for encoding ASCII\n#17 1.032     [javac]     final static String  BOX_SINGLE   = \"?????????????????????????????????\";\n#17 1.032     [javac]                                           ^\n#17 1.032     [javac] /home/cc/EnvGym/data/SymMC/Enhanced_Kodkod/src/edu/mit/csail/sdg/alloy4/TableView.java:31: error: unmappable character for encoding ASCII\n#17 1.032     [javac]     final static String  BOX_SINGLE   = \"?????????????????????????????????\";\n#17 1.032     [javac]                                            ^\n#17 1.033     [javac] /home/cc/EnvGym/data/SymMC/Enhanced_Kodkod/src/edu/mit/csail/sdg/alloy4/TableView.java:31: error: unmappable character for encoding ASCII\n#17 1.033     [javac]     final static String  BOX_SINGLE   = \"?????????????????????????????????\";\n#17 1.033     [javac]                                             ^\n#17 1.033     [javac] /home/cc/EnvGym/data/SymMC/Enhanced_Kodkod/src/edu/mit/csail/sdg/alloy4/TableView.java:31: error: unmappable character for encoding ASCII\n#17 1.033     [javac]     final static String  BOX_SINGLE   = \"?????????????????????????????????\";\n#17 1.033     [javac]                                              ^\n#17 1.033     [javac] /home/cc/EnvGym/data/SymMC/Enhanced_Kodkod/src/edu/mit/csail/sdg/alloy4/TableView.java:31: error: unmappable character for encoding ASCII\n#17 1.033     [javac]     final static String  BOX_SINGLE   = \"?????????????????????????????????\";\n#17 1.033     [javac]                                               ^\n#17 1.033     [javac] /home/cc/EnvGym/data/SymMC/Enhanced_Kodkod/src/edu/mit/csail/sdg/alloy4/TableView.java:31: error: unmappable character for encoding ASCII\n#17 1.033     [javac]     final static String  BOX_SINGLE   = \"?????????????????????????????????\";\n#17 1.033     [javac]                                                ^\n#17 1.033     [javac] /home/cc/EnvGym/data/SymMC/Enhanced_Kodkod/src/edu/mit/csail/sdg/alloy4/TableView.java:31: error: unmappable character for encoding ASCII\n#17 1.033     [javac]     final static String  BOX_SINGLE   = \"?????????????????????????????????\";\n#17 1.033     [javac]                                                 ^\n#17 1.034     [javac] /home/cc/EnvGym/data/SymMC/Enhanced_Kodkod/src/edu/mit/csail/sdg/alloy4/TableView.java:31: error: unmappable character for encoding ASCII\n#17 1.034     [javac]     final static String  BOX_SINGLE   = \"?????????????????????????????????\";\n#17 1.034     [javac]                                                  ^\n#17 1.034     [javac] /home/cc/EnvGym/data/SymMC/Enhanced_Kodkod/src/edu/mit/csail/sdg/alloy4/TableView.java:31: error: unmappable character for encoding ASCII\n#17 1.034     [javac]     final static String  BOX_SINGLE   = \"?????????????????????????????????\";\n#17 1.034     [javac]                                                   ^\n#17 1.034     [javac] /home/cc/EnvGym/data/SymMC/Enhanced_Kodkod/src/edu/mit/csail/sdg/alloy4/TableView.java:31: error: unmappable character for encoding ASCII\n#17 1.034     [javac]     final static String  BOX_SINGLE   = \"?????????????????????????????????\";\n#17 1.034     [javac]                                                    ^\n#17 1.034     [javac] /home/cc/EnvGym/data/SymMC/Enhanced_Kodkod/src/edu/mit/csail/sdg/alloy4/TableView.java:31: error: unmappable character for encoding ASCII\n#17 1.034     [javac]     final static String  BOX_SINGLE   = \"?????????????????????????????????\";\n#17 1.034     [javac]                                                     ^\n#17 1.034     [javac] /home/cc/EnvGym/data/SymMC/Enhanced_Kodkod/src/edu/mit/csail/sdg/alloy4/TableView.java:31: error: unmappable character for encoding ASCII\n#17 1.034     [javac]     final static String  BOX_SINGLE   = \"?????????????????????????????????\";\n#17 1.034     [javac]                                                      ^\n#17 1.034     [javac] /home/cc/EnvGym/data/SymMC/Enhanced_Kodkod/src/edu/mit/csail/sdg/alloy4/TableView.java:31: error: unmappable character for encoding ASCII\n#17 1.035     [javac]     final static String  BOX_SINGLE   = \"?????????????????????????????????\";\n#17 1.035     [javac]                                                       ^\n#17 1.035     [javac] /home/cc/EnvGym/data/SymMC/Enhanced_Kodkod/src/edu/mit/csail/sdg/alloy4/TableView.java:31: error: unmappable character for encoding ASCII\n#17 1.035     [javac]     final static String  BOX_SINGLE   = \"?????????????????????????????????\";\n#17 1.035     [javac]                                                        ^\n#17 1.035     [javac] /home/cc/EnvGym/data/SymMC/Enhanced_Kodkod/src/edu/mit/csail/sdg/alloy4/TableView.java:31: error: unmappable character for encoding ASCII\n#17 1.035     [javac]     final static String  BOX_SINGLE   = \"?????????????????????????????????\";\n#17 1.035     [javac]                                                         ^\n#17 1.035     [javac] /home/cc/EnvGym/data/SymMC/Enhanced_Kodkod/src/edu/mit/csail/sdg/alloy4/TableView.java:31: error: unmappable character for encoding ASCII\n#17 1.035     [javac]     final static String  BOX_SINGLE   = \"?????????????????????????????????\";\n#17 1.035     [javac]                                                          ^\n#17 1.035     [javac] /home/cc/EnvGym/data/SymMC/Enhanced_Kodkod/src/edu/mit/csail/sdg/alloy4/TableView.java:31: error: unmappable character for encoding ASCII\n#17 1.035     [javac]     final static String  BOX_SINGLE   = \"?????????????????????????????????\";\n#17 1.035     [javac]                                                           ^\n#17 1.035     [javac] /home/cc/EnvGym/data/SymMC/Enhanced_Kodkod/src/edu/mit/csail/sdg/alloy4/TableView.java:31: error: unmappable character for encoding ASCII\n#17 1.035     [javac]     final static String  BOX_SINGLE   = \"?????????????????????????????????\";\n#17 1.036     [javac]                                                            ^\n#17 1.036     [javac] /home/cc/EnvGym/data/SymMC/Enhanced_Kodkod/src/edu/mit/csail/sdg/alloy4/TableView.java:31: error: unmappable character for encoding ASCII\n#17 1.036     [javac]     final static String  BOX_SINGLE   = \"?????????????????????????????????\";\n#17 1.036     [javac]                                                             ^\n#17 1.036     [javac] /home/cc/EnvGym/data/SymMC/Enhanced_Kodkod/src/edu/mit/csail/sdg/alloy4/TableView.java:31: error: unmappable character for encoding ASCII\n#17 1.036     [javac]     final static String  BOX_SINGLE   = \"?????????????????????????????????\";\n#17 1.036     [javac]                                                              ^\n#17 1.036     [javac] /home/cc/EnvGym/data/SymMC/Enhanced_Kodkod/src/edu/mit/csail/sdg/alloy4/TableView.java:31: error: unmappable character for encoding ASCII\n#17 1.036     [javac]     final static String  BOX_SINGLE   = \"?????????????????????????????????\";\n#17 1.036     [javac]                                                               ^\n#17 1.036     [javac] /home/cc/EnvGym/data/SymMC/Enhanced_Kodkod/src/edu/mit/csail/sdg/alloy4/TableView.java:31: error: unmappable character for encoding ASCII\n#17 1.036     [javac]     final static String  BOX_SINGLE   = \"?????????????????????????????????\";\n#17 1.036     [javac]                                                                ^\n#17 1.036     [javac] /home/cc/EnvGym/data/SymMC/Enhanced_Kodkod/src/edu/mit/csail/sdg/alloy4/TableView.java:31: error: unmappable character for encoding ASCII\n#17 1.036     [javac]     final static String  BOX_SINGLE   = \"?????????????????????????????????\";\n#17 1.036     [javac]                                                                 ^\n#17 1.036     [javac] /home/cc/EnvGym/data/SymMC/Enhanced_Kodkod/src/edu/mit/csail/sdg/alloy4/TableView.java:31: error: unmappable character for encoding ASCII\n#17 1.037     [javac]     final static String  BOX_SINGLE   = \"?????????????????????????????????\";\n#17 1.037     [javac]                                                                  ^\n#17 1.037     [javac] /home/cc/EnvGym/data/SymMC/Enhanced_Kodkod/src/edu/mit/csail/sdg/alloy4/TableView.java:31: error: unmappable character for encoding ASCII\n#17 1.037     [javac]     final static String  BOX_SINGLE   = \"?????????????????????????????????\";\n#17 1.037     [javac]                                                                   ^\n#17 1.037     [javac] /home/cc/EnvGym/data/SymMC/Enhanced_Kodkod/src/edu/mit/csail/sdg/alloy4/TableView.java:31: error: unmappable character for encoding ASCII\n#17 1.037     [javac]     final static String  BOX_SINGLE   = \"?????????????????????????????????\";\n#17 1.037     [javac]                                                                    ^\n#17 1.037     [javac] /home/cc/EnvGym/data/SymMC/Enhanced_Kodkod/src/edu/mit/csail/sdg/alloy4/TableView.java:31: error: unmappable character for encoding ASCII\n#17 1.037     [javac]     final static String  BOX_SINGLE   = \"?????????????????????????????????\";\n#17 1.037     [javac]                                                                     ^\n#17 1.038     [javac] /home/cc/EnvGym/data/SymMC/Enhanced_Kodkod/src/edu/mit/csail/sdg/alloy4/TableView.java:31: error: unmappable character for encoding ASCII\n#17 1.038     [javac]     final static String  BOX_SINGLE   = \"?????????????????????????????????\";\n#17 1.038     [javac]                                                                      ^\n#17 1.038     [javac] /home/cc/EnvGym/data/SymMC/Enhanced_Kodkod/src/edu/mit/csail/sdg/alloy4/TableView.java:31: error: unmappable character for encoding ASCII\n#17 1.038     [javac]     final static String  BOX_SINGLE   = \"?????????????????????????????????\";\n#17 1.038     [javac]                                                                       ^\n#17 1.038     [javac] /home/cc/EnvGym/data/SymMC/Enhanced_Kodkod/src/edu/mit/csail/sdg/alloy4/TableView.java:31: error: unmappable character for encoding ASCII\n#17 1.038     [javac]     final static String  BOX_SINGLE   = \"?????????????????????????????????\";\n#17 1.038     [javac]                                                                        ^\n#17 1.038     [javac] /home/cc/EnvGym/data/SymMC/Enhanced_Kodkod/src/edu/mit/csail/sdg/alloy4/TableView.java:31: error: unmappable character for encoding ASCII\n#17 1.038     [javac]     final static String  BOX_SINGLE   = \"?????????????????????????????????\";\n#17 1.038     [javac]                                                                         ^\n#17 1.038     [javac] /home/cc/EnvGym/data/SymMC/Enhanced_Kodkod/src/edu/mit/csail/sdg/alloy4/TableView.java:31: error: unmappable character for encoding ASCII\n#17 1.038     [javac]     final static String  BOX_SINGLE   = \"?????????????????????????????????\";\n#17 1.038     [javac]                                                                          ^\n#17 1.038     [javac] /home/cc/EnvGym/data/SymMC/Enhanced_Kodkod/src/edu/mit/csail/sdg/alloy4/TableView.java:116: error: unmappable character for encoding ASCII\n#17 1.039     [javac]     static Pattern SUPERSCRIPTED_NAME_P = Pattern.compile(\"(\\\\p{javaJavaIdentifierPart}+)([???????????????????????????]+)\");\n#17 1.039     [javac]                                                                                            ^\n#17 1.039     [javac] /home/cc/EnvGym/data/SymMC/Enhanced_Kodkod/src/edu/mit/csail/sdg/alloy4/TableView.java:116: error: unmappable character for encoding ASCII\n#17 1.039     [javac]     static Pattern SUPERSCRIPTED_NAME_P = Pattern.compile(\"(\\\\p{javaJavaIdentifierPart}+)([???????????????????????????]+)\");\n#17 1.039     [javac]                                                                                             ^\n#17 1.039     [javac] /home/cc/EnvGym/data/SymMC/Enhanced_Kodkod/src/edu/mit/csail/sdg/alloy4/TableView.java:116: error: unmappable character for encoding ASCII\n#17 1.039     [javac]     static Pattern SUPERSCRIPTED_NAME_P = Pattern.compile(\"(\\\\p{javaJavaIdentifierPart}+)([???????????????????????????]+)\");\n#17 1.039     [javac]                                                                                              ^\n#17 1.039     [javac] /home/cc/EnvGym/data/SymMC/Enhanced_Kodkod/src/edu/mit/csail/sdg/alloy4/TableView.java:116: error: unmappable character for encoding ASCII\n#17 1.039     [javac]     static Pattern SUPERSCRIPTED_NAME_P = Pattern.compile(\"(\\\\p{javaJavaIdentifierPart}+)([???????????????????????????]+)\");\n#17 1.039     [javac]                                                                                               ^\n#17 1.039     [javac] /home/cc/EnvGym/data/SymMC/Enhanced_Kodkod/src/edu/mit/csail/sdg/alloy4/TableView.java:116: error: unmappable character for encoding ASCII\n#17 1.039     [javac]     static Pattern SUPERSCRIPTED_NAME_P = Pattern.compile(\"(\\\\p{javaJavaIdentifierPart}+)([???????????????????????????]+)\");\n#17 1.039     [javac]                                                                                                ^\n#17 1.039     [javac] /home/cc/EnvGym/data/SymMC/Enhanced_Kodkod/src/edu/mit/csail/sdg/alloy4/TableView.java:116: error: unmappable character for encoding ASCII\n#17 1.040     [javac]     static Pattern SUPERSCRIPTED_NAME_P = Pattern.compile(\"(\\\\p{javaJavaIdentifierPart}+)([???????????????????????????]+)\");\n#17 1.040     [javac]                                                                                                 ^\n#17 1.040     [javac] /home/cc/EnvGym/data/SymMC/Enhanced_Kodkod/src/edu/mit/csail/sdg/alloy4/TableView.java:116: error: unmappable character for encoding ASCII\n#17 1.040     [javac]     static Pattern SUPERSCRIPTED_NAME_P = Pattern.compile(\"(\\\\p{javaJavaIdentifierPart}+)([???????????????????????????]+)\");\n#17 1.040     [javac]                                                                                                  ^\n#17 1.040     [javac] /home/cc/EnvGym/data/SymMC/Enhanced_Kodkod/src/edu/mit/csail/sdg/alloy4/TableView.java:116: error: unmappable character for encoding ASCII\n#17 1.040     [javac]     static Pattern SUPERSCRIPTED_NAME_P = Pattern.compile(\"(\\\\p{javaJavaIdentifierPart}+)([???????????????????????????]+)\");\n#17 1.040     [javac]                                                                                                   ^\n#17 1.040     [javac] /home/cc/EnvGym/data/SymMC/Enhanced_Kodkod/src/edu/mit/csail/sdg/alloy4/TableView.java:116: error: unmappable character for encoding ASCII\n#17 1.040     [javac]     static Pattern SUPERSCRIPTED_NAME_P = Pattern.compile(\"(\\\\p{javaJavaIdentifierPart}+)([???????????????????????????]+)\");\n#17 1.040     [javac]                                                                                                    ^\n#17 1.040     [javac] /home/cc/EnvGym/data/SymMC/Enhanced_Kodkod/src/edu/mit/csail/sdg/alloy4/TableView.java:116: error: unmappable character for encoding ASCII\n#17 1.040     [javac]     static Pattern SUPERSCRIPTED_NAME_P = Pattern.compile(\"(\\\\p{javaJavaIdentifierPart}+)([???????????????????????????]+)\");\n#17 1.040     [javac]                                                                                                     ^\n#17 1.233     [javac] 100 errors\n#17 1.240 \n#17 1.240 BUILD FAILED\n#17 1.240 /home/cc/EnvGym/data/SymMC/Enhanced_Kodkod/build.xml:13: Compile failed; see the compiler error output for details.\n#17 1.240 \n#17 1.240 Total time: 0 seconds\n#17 ERROR: process \"/bin/bash -c cd Enhanced_Kodkod && ./build.sh\" did not complete successfully: exit code: 1\n------\n > [13/14] RUN cd Enhanced_Kodkod && ./build.sh:\n1.040     [javac]                                                                                                    ^\n1.040     [javac] /home/cc/EnvGym/data/SymMC/Enhanced_Kodkod/src/edu/mit/csail/sdg/alloy4/TableView.java:116: error: unmappable character for encoding ASCII\n1.040     [javac]     static Pattern SUPERSCRIPTED_NAME_P = Pattern.compile(\"(\\\\p{javaJavaIdentifierPart}+)([???????????????????????????]+)\");\n1.040     [javac]                                                                                                     ^\n1.233     [javac] 100 errors\n1.240 \n1.240 BUILD FAILED\n1.240 /home/cc/EnvGym/data/SymMC/Enhanced_Kodkod/build.xml:13: Compile failed; see the compiler error output for details.\n1.240 \n1.240 Total time: 0 seconds\n------\nenvgym.dockerfile:80\n--------------------\n  78 |     \n  79 |     # 11. Build Enhanced_Kodkod and Enumerator_Estimator on build\n  80 | >>> RUN cd Enhanced_Kodkod && ./build.sh\n  81 |     RUN cd Enumerator_Estimator && ./build.sh\n  82 |     \n--------------------\nERROR: failed to build: failed to solve: process \"/bin/bash -c cd Enhanced_Kodkod && ./build.sh\" did not complete successfully: exit code: 1\n"
  },
  "run": {
    "success": false,
    "stdout": "",
    "stderr": ""
  }
}