{
  "timestamp": "20250709_214406",
  "dockerfile_path": "envgym/envgym.dockerfile",
  "image_name": "envgym_test_1752097429",
  "build": {
    "success": false,
    "stdout": "",
    "stderr": "#0 building with \"default\" instance using docker driver\n\n#1 [internal] load build definition from envgym.dockerfile\n#1 transferring dockerfile: 2.32kB done\n#1 WARN: FromPlatformFlagConstDisallowed: FROM --platform flag should not use constant value \"linux/amd64\" (line 1)\n#1 DONE 0.0s\n\n#2 [internal] load metadata for docker.io/library/ubuntu:20.04\n#2 DONE 0.1s\n\n#3 [internal] load .dockerignore\n#3 transferring context: 2B done\n#3 DONE 0.0s\n\n#4 [ 1/19] FROM docker.io/library/ubuntu:20.04@sha256:8feb4d8ca5354def3d8fce243717141ce31e2c428701f6682bd2fafe15388214\n#4 DONE 0.0s\n\n#5 [ 2/19] RUN apt-get update &&     apt-get install -y software-properties-common &&     add-apt-repository ppa:deadsnakes/ppa &&     apt-get update\n#5 CACHED\n\n#6 [ 6/19] RUN apt-get install -y ncat\n#6 CACHED\n\n#7 [ 7/19] RUN apt-get install -y git\n#7 CACHED\n\n#8 [ 3/19] RUN apt-get install -y python3.7 python3.7-venv python3.7-dev python3-pip ||     (apt-get update && apt-get install -y python3.7 python3.7-venv python3.7-dev python3-pip)\n#8 CACHED\n\n#9 [ 5/19] RUN apt-get install -y bison flex\n#9 CACHED\n\n#10 [ 4/19] RUN apt-get install -y build-essential gcc make\n#10 CACHED\n\n#11 [ 9/19] RUN apt-get install -y wget curl ca-certificates\n#11 CACHED\n\n#12 [ 8/19] RUN apt-get install -y tmux screen\n#12 CACHED\n\n#13 [10/19] RUN apt-get install -y libbpf-dev libelf-dev libz-dev pkg-config cmake libssl-dev libcap-dev python3-setuptools python3-wheel sudo\n#13 CACHED\n\n#14 [11/19] RUN apt-get update &&     apt-get install -y clang llvm libclang-dev &&     git clone --depth 1 https://github.com/libbpf/bpftool.git /tmp/bpftool &&     cd /tmp/bpftool/src &&     make &&     make install &&     cd / && rm -rf /tmp/bpftool\n#14 0.325 Hit:1 http://security.ubuntu.com/ubuntu focal-security InRelease\n#14 0.433 Hit:2 http://archive.ubuntu.com/ubuntu focal InRelease\n#14 0.451 Hit:3 http://ppa.launchpad.net/deadsnakes/ppa/ubuntu focal InRelease\n#14 0.529 Hit:4 http://archive.ubuntu.com/ubuntu focal-updates InRelease\n#14 0.605 Hit:5 http://archive.ubuntu.com/ubuntu focal-backports InRelease\n#14 0.768 Reading package lists...\n#14 1.898 Reading package lists...\n#14 2.929 Building dependency tree...\n#14 3.087 Reading state information...\n#14 3.241 The following additional packages will be installed:\n#14 3.241   binfmt-support clang-10 lib32gcc-s1 lib32stdc++6 libc6-i386 libclang-10-dev\n#14 3.254   libclang-common-10-dev libclang-cpp10 libclang1-10 libffi-dev libgc1c2\n#14 3.254   libllvm10 libncurses-dev libobjc-9-dev libobjc4 libomp-10-dev libomp5-10\n#14 3.254   libpfm4 libpipeline1 libtinfo-dev libz3-4 libz3-dev llvm-10 llvm-10-dev\n#14 3.254   llvm-10-runtime llvm-10-tools llvm-runtime python3-pygments python3-yaml\n#14 3.254 Suggested packages:\n#14 3.254   clang-10-doc ncurses-doc libomp-10-doc llvm-10-doc python-pygments-doc\n#14 3.254   ttf-bitstream-vera\n#14 3.381 The following NEW packages will be installed:\n#14 3.381   binfmt-support clang clang-10 lib32gcc-s1 lib32stdc++6 libc6-i386\n#14 3.381   libclang-10-dev libclang-common-10-dev libclang-cpp10 libclang-dev\n#14 3.381   libclang1-10 libffi-dev libgc1c2 libllvm10 libncurses-dev libobjc-9-dev\n#14 3.381   libobjc4 libomp-10-dev libomp5-10 libpfm4 libpipeline1 libtinfo-dev libz3-4\n#14 3.382   libz3-dev llvm llvm-10 llvm-10-dev llvm-10-runtime llvm-10-tools\n#14 3.382   llvm-runtime python3-pygments python3-yaml\n#14 3.465 0 upgraded, 32 newly installed, 0 to remove and 3 not upgraded.\n#14 3.465 Need to get 101 MB of archives.\n#14 3.465 After this operation, 678 MB of additional disk space will be used.\n#14 3.465 Get:1 http://archive.ubuntu.com/ubuntu focal-updates/main amd64 python3-yaml amd64 5.3.1-1ubuntu0.1 [136 kB]\n#14 3.571 Get:2 http://archive.ubuntu.com/ubuntu focal/main amd64 libpipeline1 amd64 1.5.2-2build1 [27.7 kB]\n#14 3.573 Get:3 http://archive.ubuntu.com/ubuntu focal/universe amd64 binfmt-support amd64 2.2.0-2 [58.2 kB]\n#14 3.581 Get:4 http://archive.ubuntu.com/ubuntu focal/main amd64 libllvm10 amd64 1:10.0.0-4ubuntu1 [15.3 MB]\n#14 3.812 Get:5 http://archive.ubuntu.com/ubuntu focal/universe amd64 libclang-cpp10 amd64 1:10.0.0-4ubuntu1 [9944 kB]\n#14 3.899 Get:6 http://archive.ubuntu.com/ubuntu focal/main amd64 libgc1c2 amd64 1:7.6.4-0.4ubuntu1 [83.9 kB]\n#14 3.900 Get:7 http://archive.ubuntu.com/ubuntu focal-updates/universe amd64 libobjc4 amd64 10.5.0-1ubuntu1~20.04 [42.8 kB]\n#14 3.900 Get:8 http://archive.ubuntu.com/ubuntu focal-updates/universe amd64 libobjc-9-dev amd64 9.4.0-1ubuntu1~20.04.2 [225 kB]\n#14 3.902 Get:9 http://archive.ubuntu.com/ubuntu focal-updates/main amd64 libc6-i386 amd64 2.31-0ubuntu9.18 [2729 kB]\n#14 3.926 Get:10 http://archive.ubuntu.com/ubuntu focal-updates/main amd64 lib32gcc-s1 amd64 10.5.0-1ubuntu1~20.04 [49.1 kB]\n#14 3.926 Get:11 http://archive.ubuntu.com/ubuntu focal-updates/main amd64 lib32stdc++6 amd64 10.5.0-1ubuntu1~20.04 [522 kB]\n#14 3.931 Get:12 http://archive.ubuntu.com/ubuntu focal/universe amd64 libclang-common-10-dev amd64 1:10.0.0-4ubuntu1 [5012 kB]\n#14 3.967 Get:13 http://archive.ubuntu.com/ubuntu focal/universe amd64 libclang1-10 amd64 1:10.0.0-4ubuntu1 [7571 kB]\n#14 4.024 Get:14 http://archive.ubuntu.com/ubuntu focal/universe amd64 clang-10 amd64 1:10.0.0-4ubuntu1 [66.9 kB]\n#14 4.025 Get:15 http://archive.ubuntu.com/ubuntu focal/universe amd64 clang amd64 1:10.0-50~exp1 [3276 B]\n#14 4.025 Get:16 http://archive.ubuntu.com/ubuntu focal/universe amd64 libclang-10-dev amd64 1:10.0.0-4ubuntu1 [19.4 MB]\n#14 4.199 Get:17 http://archive.ubuntu.com/ubuntu focal/universe amd64 libclang-dev amd64 1:10.0-50~exp1 [2880 B]\n#14 4.199 Get:18 http://archive.ubuntu.com/ubuntu focal-updates/main amd64 libncurses-dev amd64 6.2-0ubuntu2.1 [340 kB]\n#14 4.202 Get:19 http://archive.ubuntu.com/ubuntu focal/universe amd64 libomp5-10 amd64 1:10.0.0-4ubuntu1 [300 kB]\n#14 4.204 Get:20 http://archive.ubuntu.com/ubuntu focal/universe amd64 libomp-10-dev amd64 1:10.0.0-4ubuntu1 [47.7 kB]\n#14 4.204 Get:21 http://archive.ubuntu.com/ubuntu focal-updates/main amd64 libtinfo-dev amd64 6.2-0ubuntu2.1 [972 B]\n#14 4.205 Get:22 http://archive.ubuntu.com/ubuntu focal/universe amd64 llvm-10-runtime amd64 1:10.0.0-4ubuntu1 [180 kB]\n#14 4.206 Get:23 http://archive.ubuntu.com/ubuntu focal/universe amd64 llvm-runtime amd64 1:10.0-50~exp1 [2916 B]\n#14 4.206 Get:24 http://archive.ubuntu.com/ubuntu focal/main amd64 libpfm4 amd64 4.10.1+git20-g7700f49-2 [266 kB]\n#14 4.208 Get:25 http://archive.ubuntu.com/ubuntu focal/universe amd64 llvm-10 amd64 1:10.0.0-4ubuntu1 [5214 kB]\n#14 4.252 Get:26 http://archive.ubuntu.com/ubuntu focal/universe amd64 llvm amd64 1:10.0-50~exp1 [3880 B]\n#14 4.252 Get:27 http://archive.ubuntu.com/ubuntu focal/main amd64 libffi-dev amd64 3.3-4 [57.0 kB]\n#14 4.253 Get:28 http://archive.ubuntu.com/ubuntu focal-updates/main amd64 python3-pygments all 2.3.1+dfsg-1ubuntu2.2 [579 kB]\n#14 4.258 Get:29 http://archive.ubuntu.com/ubuntu focal/universe amd64 llvm-10-tools amd64 1:10.0.0-4ubuntu1 [317 kB]\n#14 4.260 Get:30 http://archive.ubuntu.com/ubuntu focal/universe amd64 libz3-4 amd64 4.8.7-4build1 [6792 kB]\n#14 4.312 Get:31 http://archive.ubuntu.com/ubuntu focal/universe amd64 libz3-dev amd64 4.8.7-4build1 [67.5 kB]\n#14 4.312 Get:32 http://archive.ubuntu.com/ubuntu focal/universe amd64 llvm-10-dev amd64 1:10.0.0-4ubuntu1 [26.0 MB]\n#14 4.711 debconf: delaying package configuration, since apt-utils is not installed\n#14 4.737 Fetched 101 MB in 1s (88.1 MB/s)\n#14 4.753 Selecting previously unselected package python3-yaml.\n#14 4.753 (Reading database ... \n(Reading database ... 5%\n(Reading database ... 10%\n(Reading database ... 15%\n(Reading database ... 20%\n(Reading database ... 25%\n(Reading database ... 30%\n(Reading database ... 35%\n(Reading database ... 40%\n(Reading database ... 45%\n(Reading database ... 50%\n(Reading database ... 55%\n(Reading database ... 60%\n(Reading database ... 65%\n(Reading database ... 70%\n(Reading database ... 75%\n(Reading database ... 80%\n(Reading database ... 85%\n(Reading database ... 90%\n(Reading database ... 95%\n(Reading database ... 100%\n(Reading database ... 25296 files and directories currently installed.)\n#14 4.765 Preparing to unpack .../00-python3-yaml_5.3.1-1ubuntu0.1_amd64.deb ...\n#14 4.765 Unpacking python3-yaml (5.3.1-1ubuntu0.1) ...\n#14 4.790 Selecting previously unselected package libpipeline1:amd64.\n#14 4.792 Preparing to unpack .../01-libpipeline1_1.5.2-2build1_amd64.deb ...\n#14 4.793 Unpacking libpipeline1:amd64 (1.5.2-2build1) ...\n#14 4.809 Selecting previously unselected package binfmt-support.\n#14 4.810 Preparing to unpack .../02-binfmt-support_2.2.0-2_amd64.deb ...\n#14 4.815 Unpacking binfmt-support (2.2.0-2) ...\n#14 4.831 Selecting previously unselected package libllvm10:amd64.\n#14 4.832 Preparing to unpack .../03-libllvm10_1%3a10.0.0-4ubuntu1_amd64.deb ...\n#14 4.833 Unpacking libllvm10:amd64 (1:10.0.0-4ubuntu1) ...\n#14 6.042 Selecting previously unselected package libclang-cpp10.\n#14 6.044 Preparing to unpack .../04-libclang-cpp10_1%3a10.0.0-4ubuntu1_amd64.deb ...\n#14 6.045 Unpacking libclang-cpp10 (1:10.0.0-4ubuntu1) ...\n#14 6.822 Selecting previously unselected package libgc1c2:amd64.\n#14 6.824 Preparing to unpack .../05-libgc1c2_1%3a7.6.4-0.4ubuntu1_amd64.deb ...\n#14 6.825 Unpacking libgc1c2:amd64 (1:7.6.4-0.4ubuntu1) ...\n#14 6.842 Selecting previously unselected package libobjc4:amd64.\n#14 6.844 Preparing to unpack .../06-libobjc4_10.5.0-1ubuntu1~20.04_amd64.deb ...\n#14 6.845 Unpacking libobjc4:amd64 (10.5.0-1ubuntu1~20.04) ...\n#14 6.859 Selecting previously unselected package libobjc-9-dev:amd64.\n#14 6.860 Preparing to unpack .../07-libobjc-9-dev_9.4.0-1ubuntu1~20.04.2_amd64.deb ...\n#14 6.861 Unpacking libobjc-9-dev:amd64 (9.4.0-1ubuntu1~20.04.2) ...\n#14 6.899 Selecting previously unselected package libc6-i386.\n#14 6.900 Preparing to unpack .../08-libc6-i386_2.31-0ubuntu9.18_amd64.deb ...\n#14 6.901 Unpacking libc6-i386 (2.31-0ubuntu9.18) ...\n#14 7.162 Selecting previously unselected package lib32gcc-s1.\n#14 7.164 Preparing to unpack .../09-lib32gcc-s1_10.5.0-1ubuntu1~20.04_amd64.deb ...\n#14 7.165 Unpacking lib32gcc-s1 (10.5.0-1ubuntu1~20.04) ...\n#14 7.184 Selecting previously unselected package lib32stdc++6.\n#14 7.186 Preparing to unpack .../10-lib32stdc++6_10.5.0-1ubuntu1~20.04_amd64.deb ...\n#14 7.186 Unpacking lib32stdc++6 (10.5.0-1ubuntu1~20.04) ...\n#14 7.243 Selecting previously unselected package libclang-common-10-dev.\n#14 7.246 Preparing to unpack .../11-libclang-common-10-dev_1%3a10.0.0-4ubuntu1_amd64.deb ...\n#14 7.247 Unpacking libclang-common-10-dev (1:10.0.0-4ubuntu1) ...\n#14 7.797 Selecting previously unselected package libclang1-10.\n#14 7.800 Preparing to unpack .../12-libclang1-10_1%3a10.0.0-4ubuntu1_amd64.deb ...\n#14 7.801 Unpacking libclang1-10 (1:10.0.0-4ubuntu1) ...\n#14 8.406 Selecting previously unselected package clang-10.\n#14 8.408 Preparing to unpack .../13-clang-10_1%3a10.0.0-4ubuntu1_amd64.deb ...\n#14 8.409 Unpacking clang-10 (1:10.0.0-4ubuntu1) ...\n#14 8.430 Selecting previously unselected package clang.\n#14 8.432 Preparing to unpack .../14-clang_1%3a10.0-50~exp1_amd64.deb ...\n#14 8.433 Unpacking clang (1:10.0-50~exp1) ...\n#14 8.445 Selecting previously unselected package libclang-10-dev.\n#14 8.447 Preparing to unpack .../15-libclang-10-dev_1%3a10.0.0-4ubuntu1_amd64.deb ...\n#14 8.447 Unpacking libclang-10-dev (1:10.0.0-4ubuntu1) ...\n#14 10.20 Selecting previously unselected package libclang-dev.\n#14 10.21 Preparing to unpack .../16-libclang-dev_1%3a10.0-50~exp1_amd64.deb ...\n#14 10.21 Unpacking libclang-dev (1:10.0-50~exp1) ...\n#14 10.23 Selecting previously unselected package libncurses-dev:amd64.\n#14 10.23 Preparing to unpack .../17-libncurses-dev_6.2-0ubuntu2.1_amd64.deb ...\n#14 10.23 Unpacking libncurses-dev:amd64 (6.2-0ubuntu2.1) ...\n#14 10.29 Selecting previously unselected package libomp5-10:amd64.\n#14 10.29 Preparing to unpack .../18-libomp5-10_1%3a10.0.0-4ubuntu1_amd64.deb ...\n#14 10.29 Unpacking libomp5-10:amd64 (1:10.0.0-4ubuntu1) ...\n#14 10.33 Selecting previously unselected package libomp-10-dev.\n#14 10.33 Preparing to unpack .../19-libomp-10-dev_1%3a10.0.0-4ubuntu1_amd64.deb ...\n#14 10.33 Unpacking libomp-10-dev (1:10.0.0-4ubuntu1) ...\n#14 10.34 Selecting previously unselected package libtinfo-dev:amd64.\n#14 10.35 Preparing to unpack .../20-libtinfo-dev_6.2-0ubuntu2.1_amd64.deb ...\n#14 10.35 Unpacking libtinfo-dev:amd64 (6.2-0ubuntu2.1) ...\n#14 10.36 Selecting previously unselected package llvm-10-runtime.\n#14 10.36 Preparing to unpack .../21-llvm-10-runtime_1%3a10.0.0-4ubuntu1_amd64.deb ...\n#14 10.36 Unpacking llvm-10-runtime (1:10.0.0-4ubuntu1) ...\n#14 10.39 Selecting previously unselected package llvm-runtime.\n#14 10.39 Preparing to unpack .../22-llvm-runtime_1%3a10.0-50~exp1_amd64.deb ...\n#14 10.39 Unpacking llvm-runtime (1:10.0-50~exp1) ...\n#14 10.40 Selecting previously unselected package libpfm4:amd64.\n#14 10.40 Preparing to unpack .../23-libpfm4_4.10.1+git20-g7700f49-2_amd64.deb ...\n#14 10.40 Unpacking libpfm4:amd64 (4.10.1+git20-g7700f49-2) ...\n#14 10.45 Selecting previously unselected package llvm-10.\n#14 10.45 Preparing to unpack .../24-llvm-10_1%3a10.0.0-4ubuntu1_amd64.deb ...\n#14 10.45 Unpacking llvm-10 (1:10.0.0-4ubuntu1) ...\n#14 10.88 Selecting previously unselected package llvm.\n#14 10.88 Preparing to unpack .../25-llvm_1%3a10.0-50~exp1_amd64.deb ...\n#14 10.89 Unpacking llvm (1:10.0-50~exp1) ...\n#14 10.91 Selecting previously unselected package libffi-dev:amd64.\n#14 10.91 Preparing to unpack .../26-libffi-dev_3.3-4_amd64.deb ...\n#14 10.91 Unpacking libffi-dev:amd64 (3.3-4) ...\n#14 10.93 Selecting previously unselected package python3-pygments.\n#14 10.93 Preparing to unpack .../27-python3-pygments_2.3.1+dfsg-1ubuntu2.2_all.deb ...\n#14 10.94 Unpacking python3-pygments (2.3.1+dfsg-1ubuntu2.2) ...\n#14 10.99 Selecting previously unselected package llvm-10-tools.\n#14 11.00 Preparing to unpack .../28-llvm-10-tools_1%3a10.0.0-4ubuntu1_amd64.deb ...\n#14 11.00 Unpacking llvm-10-tools (1:10.0.0-4ubuntu1) ...\n#14 11.06 Selecting previously unselected package libz3-4:amd64.\n#14 11.06 Preparing to unpack .../29-libz3-4_4.8.7-4build1_amd64.deb ...\n#14 11.06 Unpacking libz3-4:amd64 (4.8.7-4build1) ...\n#14 11.59 Selecting previously unselected package libz3-dev:amd64.\n#14 11.59 Preparing to unpack .../30-libz3-dev_4.8.7-4build1_amd64.deb ...\n#14 11.59 Unpacking libz3-dev:amd64 (4.8.7-4build1) ...\n#14 11.62 Selecting previously unselected package llvm-10-dev.\n#14 11.62 Preparing to unpack .../31-llvm-10-dev_1%3a10.0.0-4ubuntu1_amd64.deb ...\n#14 11.62 Unpacking llvm-10-dev (1:10.0.0-4ubuntu1) ...\n#14 13.92 Setting up libpipeline1:amd64 (1.5.2-2build1) ...\n#14 13.92 Setting up libncurses-dev:amd64 (6.2-0ubuntu2.1) ...\n#14 13.93 Setting up libgc1c2:amd64 (1:7.6.4-0.4ubuntu1) ...\n#14 13.93 Setting up python3-yaml (5.3.1-1ubuntu0.1) ...\n#14 14.07 Setting up libobjc4:amd64 (10.5.0-1ubuntu1~20.04) ...\n#14 14.07 Setting up libffi-dev:amd64 (3.3-4) ...\n#14 14.07 Setting up libllvm10:amd64 (1:10.0.0-4ubuntu1) ...\n#14 14.07 Setting up python3-pygments (2.3.1+dfsg-1ubuntu2.2) ...\n#14 14.48 Setting up libz3-4:amd64 (4.8.7-4build1) ...\n#14 14.48 Setting up libpfm4:amd64 (4.10.1+git20-g7700f49-2) ...\n#14 14.48 Setting up libclang1-10 (1:10.0.0-4ubuntu1) ...\n#14 14.49 Setting up binfmt-support (2.2.0-2) ...\n#14 14.60 Created symlink /etc/systemd/system/multi-user.target.wants/binfmt-support.service â†’ /lib/systemd/system/binfmt-support.service.\n#14 14.62 invoke-rc.d: could not determine current runlevel\n#14 14.62 invoke-rc.d: policy-rc.d denied execution of start.\n#14 14.62 Setting up libobjc-9-dev:amd64 (9.4.0-1ubuntu1~20.04.2) ...\n#14 14.63 Setting up libomp5-10:amd64 (1:10.0.0-4ubuntu1) ...\n#14 14.63 Setting up libc6-i386 (2.31-0ubuntu9.18) ...\n#14 14.63 Setting up libtinfo-dev:amd64 (6.2-0ubuntu2.1) ...\n#14 14.63 Setting up libz3-dev:amd64 (4.8.7-4build1) ...\n#14 14.63 Setting up llvm-10-tools (1:10.0.0-4ubuntu1) ...\n#14 14.64 Setting up libomp-10-dev (1:10.0.0-4ubuntu1) ...\n#14 14.64 Setting up libclang-cpp10 (1:10.0.0-4ubuntu1) ...\n#14 14.64 Setting up llvm-10-runtime (1:10.0.0-4ubuntu1) ...\n#14 14.64 Setting up lib32gcc-s1 (10.5.0-1ubuntu1~20.04) ...\n#14 14.65 Setting up lib32stdc++6 (10.5.0-1ubuntu1~20.04) ...\n#14 14.65 Setting up llvm-runtime (1:10.0-50~exp1) ...\n#14 14.65 Setting up libclang-common-10-dev (1:10.0.0-4ubuntu1) ...\n#14 14.65 Setting up llvm-10 (1:10.0.0-4ubuntu1) ...\n#14 14.65 Setting up llvm-10-dev (1:10.0.0-4ubuntu1) ...\n#14 14.66 Setting up llvm (1:10.0-50~exp1) ...\n#14 14.66 Setting up clang-10 (1:10.0.0-4ubuntu1) ...\n#14 14.66 Setting up libclang-10-dev (1:10.0.0-4ubuntu1) ...\n#14 14.66 Setting up libclang-dev (1:10.0-50~exp1) ...\n#14 14.66 Setting up clang (1:10.0-50~exp1) ...\n#14 14.67 Processing triggers for systemd (245.4-4ubuntu3.24) ...\n#14 14.68 Processing triggers for libc-bin (2.31-0ubuntu9.17) ...\n#14 14.72 Cloning into '/tmp/bpftool'...\n#14 15.55 ...                        libbfd: [ \u001b[31mOFF\u001b[m ]\n#14 15.55 ...               clang-bpf-co-re: [ \u001b[32mon\u001b[m  ]\n#14 15.56 ...                          llvm: [ \u001b[32mon\u001b[m  ]\n#14 15.56 ...                        libcap: [ \u001b[32mon\u001b[m  ]\n#14 15.62   MKDIR    /tmp/bpftool/src/libbpf/\n#14 15.62 make[1]: *** /tmp/bpftool/libbpf/src: No such file or directory.  Stop.\n#14 15.62 make: *** [Makefile:38: /tmp/bpftool/src/libbpf/libbpf.a] Error 2\n#14 ERROR: process \"/bin/sh -c apt-get update &&     apt-get install -y clang llvm libclang-dev &&     git clone --depth 1 https://github.com/libbpf/bpftool.git /tmp/bpftool &&     cd /tmp/bpftool/src &&     make &&     make install &&     cd / && rm -rf /tmp/bpftool\" did not complete successfully: exit code: 2\n------\n > [11/19] RUN apt-get update &&     apt-get install -y clang llvm libclang-dev &&     git clone --depth 1 https://github.com/libbpf/bpftool.git /tmp/bpftool &&     cd /tmp/bpftool/src &&     make &&     make install &&     cd / && rm -rf /tmp/bpftool:\n14.67 Processing triggers for systemd (245.4-4ubuntu3.24) ...\n14.68 Processing triggers for libc-bin (2.31-0ubuntu9.17) ...\n14.72 Cloning into '/tmp/bpftool'...\n15.55 ...                        libbfd: [ \u001b[31mOFF\u001b[m ]\n15.55 ...               clang-bpf-co-re: [ \u001b[32mon\u001b[m  ]\n15.56 ...                          llvm: [ \u001b[32mon\u001b[m  ]\n15.56 ...                        libcap: [ \u001b[32mon\u001b[m  ]\n15.62   MKDIR    /tmp/bpftool/src/libbpf/\n15.62 make[1]: *** /tmp/bpftool/libbpf/src: No such file or directory.  Stop.\n15.62 make: *** [Makefile:38: /tmp/bpftool/src/libbpf/libbpf.a] Error 2\n------\n\n \u001b[33m3 warnings found (use docker --debug to expand):\n\u001b[0m - FromPlatformFlagConstDisallowed: FROM --platform flag should not use constant value \"linux/amd64\" (line 1)\n - UndefinedVar: Usage of undefined variable '$HOME' (line 47)\n - UndefinedVar: Usage of undefined variable '$HOME' (line 48)\nenvgym.dockerfile:28\n--------------------\n  27 |     # Build and install bpftool from source without kernel headers\n  28 | >>> RUN apt-get update && \\\n  29 | >>>     apt-get install -y clang llvm libclang-dev && \\\n  30 | >>>     git clone --depth 1 https://github.com/libbpf/bpftool.git /tmp/bpftool && \\\n  31 | >>>     cd /tmp/bpftool/src && \\\n  32 | >>>     make && \\\n  33 | >>>     make install && \\\n  34 | >>>     cd / && rm -rf /tmp/bpftool\n  35 |     \n--------------------\nERROR: failed to build: failed to solve: process \"/bin/sh -c apt-get update &&     apt-get install -y clang llvm libclang-dev &&     git clone --depth 1 https://github.com/libbpf/bpftool.git /tmp/bpftool &&     cd /tmp/bpftool/src &&     make &&     make install &&     cd / && rm -rf /tmp/bpftool\" did not complete successfully: exit code: 2\n"
  },
  "run": {
    "success": false,
    "stdout": "",
    "stderr": ""
  }
}